#
# There is insufficient memory for the Java Runtime Environment to continue.
# Native memory allocation (malloc) failed to allocate 32784 bytes for Chunk::new
# Possible reasons:
#   The system is out of physical RAM or swap space
#   In 32 bit mode, the process size limit was hit
# Possible solutions:
#   Reduce memory load on the system
#   Increase physical memory or swap space
#   Check if swap backing store is full
#   Use 64 bit Java on a 64 bit OS
#   Decrease Java heap size (-Xmx/-Xms)
#   Decrease number of Java threads
#   Decrease Java thread stack sizes (-Xss)
#   Set larger code cache with -XX:ReservedCodeCacheSize=
# This output file may be truncated or incomplete.
#
#  Out of Memory Error (allocation.cpp:390), pid=13500, tid=0x00000000000035c0
#
# JRE version: Java(TM) SE Runtime Environment (8.0_181-b13) (build 1.8.0_181-b13)
# Java VM: Java HotSpot(TM) 64-Bit Server VM (25.181-b13 mixed mode windows-amd64 compressed oops)
# Failed to write core dump. Minidumps are not enabled by default on client versions of Windows
#

---------------  T H R E A D  ---------------

Current thread (0x0000000017649000):  JavaThread "C2 CompilerThread1" daemon [_thread_in_native, id=13760, stack(0x0000000018da0000,0x0000000018ea0000)]

Stack: [0x0000000018da0000,0x0000000018ea0000]
[error occurred during error reporting (printing stack bounds), id 0xc0000005]

Native frames: (J=compiled Java code, j=interpreted, Vv=VM code, C=native code)


Current CompileTask:
C2:   4867 5878       4       sun.security.ssl.SSLAlgorithmDecomposer::decomposes (579 bytes)


---------------  P R O C E S S  ---------------

Java Threads: ( => current thread )
  0x0000000026e0a000 JavaThread "Keep-Alive-SocketCleaner" daemon [_thread_blocked, id=7752, stack(0x0000000033ea0000,0x0000000033fa0000)]
  0x0000000026e10800 JavaThread "URL-Loader-20" daemon [_thread_blocked, id=9340, stack(0x000000002f760000,0x000000002f860000)]
  0x0000000026e0a800 JavaThread "URL-Loader-19" daemon [_thread_blocked, id=976, stack(0x000000002e590000,0x000000002e690000)]
  0x0000000026e02800 JavaThread "URL-Loader-18" daemon [_thread_blocked, id=14280, stack(0x000000002d770000,0x000000002d870000)]
  0x0000000026e09000 JavaThread "URL-Loader-17" daemon [_thread_blocked, id=10800, stack(0x000000002d670000,0x000000002d770000)]
  0x0000000026e07800 JavaThread "URL-Loader-16" daemon [_thread_blocked, id=11884, stack(0x000000002d570000,0x000000002d670000)]
  0x0000000026e07000 JavaThread "URL-Loader-15" daemon [_thread_blocked, id=13948, stack(0x000000002d470000,0x000000002d570000)]
  0x0000000026e04000 JavaThread "URL-Loader-14" daemon [_thread_blocked, id=12464, stack(0x000000002d370000,0x000000002d470000)]
  0x0000000026e06000 JavaThread "URL-Loader-13" daemon [_thread_in_native, id=2792, stack(0x000000002c970000,0x000000002ca70000)]
  0x0000000026e05800 JavaThread "URL-Loader-12" daemon [_thread_blocked, id=7176, stack(0x000000002c870000,0x000000002c970000)]
  0x0000000026e04800 JavaThread "URL-Loader-11" daemon [_thread_blocked, id=4788, stack(0x0000000029d70000,0x0000000029e70000)]
  0x0000000026e03000 JavaThread "URL-Loader-10" daemon [_thread_in_native, id=3740, stack(0x0000000029c70000,0x0000000029d70000)]
  0x0000000023aa4000 JavaThread "URL-Loader-9" daemon [_thread_blocked, id=12472, stack(0x0000000029b70000,0x0000000029c70000)]
  0x0000000023aaa000 JavaThread "URL-Loader-8" daemon [_thread_in_native, id=2456, stack(0x0000000029a70000,0x0000000029b70000)]
  0x0000000023aa9000 JavaThread "URL-Loader-7" daemon [_thread_in_native, id=5444, stack(0x0000000029970000,0x0000000029a70000)]
  0x0000000023aa8800 JavaThread "URL-Loader-6" daemon [_thread_blocked, id=11064, stack(0x0000000029870000,0x0000000029970000)]
  0x0000000023aa7800 JavaThread "URL-Loader-5" daemon [_thread_blocked, id=12808, stack(0x0000000029770000,0x0000000029870000)]
  0x0000000023aa5800 JavaThread "Keep-Alive-Timer" daemon [_thread_blocked, id=13676, stack(0x0000000028e60000,0x0000000028f60000)]
  0x0000000023aa3000 JavaThread "URL-Loader-4" daemon [_thread_blocked, id=11820, stack(0x0000000024c30000,0x0000000024d30000)]
  0x0000000023aa4800 JavaThread "URL-Loader-3" daemon [_thread_blocked, id=8220, stack(0x0000000024b30000,0x0000000024c30000)]
  0x0000000023aa6000 JavaThread "URL-Loader-2" daemon [_thread_blocked, id=3728, stack(0x0000000024a30000,0x0000000024b30000)]
  0x0000000020bc8800 JavaThread "URL-Loader-1" daemon [_thread_blocked, id=2428, stack(0x0000000023460000,0x0000000023560000)]
  0x0000000020a3c000 JavaThread "Disposer" daemon [_thread_blocked, id=10484, stack(0x0000000023160000,0x0000000023260000)]
  0x000000002082c800 JavaThread "Prism Font Disposer" daemon [_thread_blocked, id=1200, stack(0x0000000022860000,0x0000000022960000)]
  0x00000000204d5800 JavaThread "Thread-3" daemon [_thread_in_native, id=12404, stack(0x0000000020cd0000,0x0000000020dd0000)]
  0x000000001938a800 JavaThread "JavaFX-Launcher" [_thread_blocked, id=9348, stack(0x0000000020dd0000,0x0000000020ed0000)]
  0x000000001931e000 JavaThread "JavaFX Application Thread" [_thread_in_native, id=1052, stack(0x0000000019c20000,0x0000000019d20000)]
  0x000000001931c000 JavaThread "Thread-1" daemon [_thread_blocked, id=13940, stack(0x0000000019b20000,0x0000000019c20000)]
  0x00000000192e8000 JavaThread "QuantumRenderer-0" daemon [_thread_blocked, id=13596, stack(0x00000000197f0000,0x00000000198f0000)]
  0x000000001769d800 JavaThread "Service Thread" daemon [_thread_blocked, id=756, stack(0x00000000193a0000,0x00000000194a0000)]
  0x000000001764c000 JavaThread "C1 CompilerThread2" daemon [_thread_blocked, id=12660, stack(0x0000000018ea0000,0x0000000018fa0000)]
=>0x0000000017649000 JavaThread "C2 CompilerThread1" daemon [_thread_in_native, id=13760, stack(0x0000000018da0000,0x0000000018ea0000)]
  0x0000000017645000 JavaThread "C2 CompilerThread0" daemon [_thread_blocked, id=9660, stack(0x0000000018ca0000,0x0000000018da0000)]
  0x0000000017643800 JavaThread "Attach Listener" daemon [_thread_blocked, id=1208, stack(0x0000000018ba0000,0x0000000018ca0000)]
  0x0000000017642800 JavaThread "Signal Dispatcher" daemon [_thread_blocked, id=2436, stack(0x0000000018aa0000,0x0000000018ba0000)]
  0x0000000017630000 JavaThread "Finalizer" daemon [_thread_blocked, id=8952, stack(0x00000000188a0000,0x00000000189a0000)]
  0x0000000002b65000 JavaThread "Reference Handler" daemon [_thread_blocked, id=6108, stack(0x00000000187a0000,0x00000000188a0000)]
  0x0000000002a73800 JavaThread "main" [_thread_blocked, id=14092, stack(0x0000000002970000,0x0000000002a70000)]

Other Threads:
  0x0000000017608000 VMThread [stack: 0x00000000186a0000,0x00000000187a0000] [id=3068]
  0x0000000018ff5800 WatcherThread [stack: 0x00000000194a0000,0x00000000195a0000] [id=11020]

VM state:not at safepoint (normal execution)

VM Mutex/Monitor currently owned by a thread: None

Heap:
 PSYoungGen      total 134656K, used 93491K [0x00000000d6100000, 0x00000000e3000000, 0x0000000100000000)
  eden space 114688K, 68% used [0x00000000d6100000,0x00000000dadeb698,0x00000000dd100000)
  from space 19968K, 73% used [0x00000000dd100000,0x00000000ddf61910,0x00000000de480000)
  to   space 20480K, 0% used [0x00000000e1c00000,0x00000000e1c00000,0x00000000e3000000)
 ParOldGen       total 61440K, used 21836K [0x0000000082200000, 0x0000000085e00000, 0x00000000d6100000)
  object space 61440K, 35% used [0x0000000082200000,0x0000000083753158,0x0000000085e00000)
 Metaspace       used 29356K, capacity 31496K, committed 31616K, reserved 1077248K
  class space    used 4054K, capacity 4439K, committed 4480K, reserved 1048576K

Card table byte_map: [0x0000000011f30000,0x0000000012320000] byte_map_base: 0x0000000011b1f000

Marking Bits: (ParMarkBitMap*) 0x000000005c372d00
 Begin Bits: [0x00000000129c0000, 0x0000000014938000)
 End Bits:   [0x0000000014938000, 0x00000000168b0000)

Polling page: 0x0000000000c00000

CodeCache: size=245760Kb used=15662Kb max_used=17908Kb free=230097Kb
 bounds [0x0000000002b70000, 0x0000000003d00000, 0x0000000011b70000]
 total_blobs=5948 nmethods=5136 adapters=723
 compilation: enabled

Compilation events (10 events):
Event: 4.854 Thread 0x000000001764c000 5877       3       java.lang.Class::checkPackageAccess (94 bytes)
Event: 4.855 Thread 0x0000000017645000 5880       4       com.sun.crypto.provider.GHASH::putLong (37 bytes)
Event: 4.856 Thread 0x000000001764c000 nmethod 5877 0x00000000037c55d0 code [0x00000000037c5900, 0x00000000037c7138]
Event: 4.856 Thread 0x000000001764c000 5876       3       javax.net.ssl.SSLParameters::<init> (15 bytes)
Event: 4.856 Thread 0x000000001764c000 nmethod 5876 0x0000000003580450 code [0x00000000035805a0, 0x0000000003580770]
Event: 4.857 Thread 0x0000000017645000 nmethod 5880 0x0000000002fd5a10 code [0x0000000002fd5b40, 0x0000000002fd5cb8]
Event: 4.857 Thread 0x000000001764c000 5881       3       sun.net.www.http.HttpClient::getHttpKeepAliveSet (4 bytes)
Event: 4.857 Thread 0x000000001764c000 nmethod 5881 0x0000000002d00510 code [0x0000000002d00660, 0x0000000002d007d0]
Event: 4.859 Thread 0x000000001764c000 5882       1       sun.net.www.http.HttpClient::getOutputStream (5 bytes)
Event: 4.859 Thread 0x000000001764c000 nmethod 5882 0x0000000003418d10 code [0x0000000003418e60, 0x0000000003418f70]

GC Heap History (10 events):
Event: 1.934 GC heap before
{Heap before GC invocations=6 (full 1):
 PSYoungGen      total 51712K, used 51704K [0x00000000d6100000, 0x00000000dab00000, 0x0000000100000000)
  eden space 46592K, 100% used [0x00000000d6100000,0x00000000d8e80000,0x00000000d8e80000)
  from space 5120K, 99% used [0x00000000da600000,0x00000000daafe010,0x00000000dab00000)
  to   space 5120K, 0% used [0x00000000da100000,0x00000000da100000,0x00000000da600000)
 ParOldGen       total 61440K, used 8224K [0x0000000082200000, 0x0000000085e00000, 0x00000000d6100000)
  object space 61440K, 13% used [0x0000000082200000,0x0000000082a083b8,0x0000000085e00000)
 Metaspace       used 26659K, capacity 28656K, committed 28800K, reserved 1073152K
  class space    used 3836K, capacity 4181K, committed 4224K, reserved 1048576K
Event: 1.954 GC heap after
Heap after GC invocations=6 (full 1):
 PSYoungGen      total 70656K, used 5120K [0x00000000d6100000, 0x00000000dc080000, 0x0000000100000000)
  eden space 65536K, 0% used [0x00000000d6100000,0x00000000d6100000,0x00000000da100000)
  from space 5120K, 100% used [0x00000000da100000,0x00000000da600000,0x00000000da600000)
  to   space 15360K, 0% used [0x00000000db180000,0x00000000db180000,0x00000000dc080000)
 ParOldGen       total 61440K, used 20644K [0x0000000082200000, 0x0000000085e00000, 0x00000000d6100000)
  object space 61440K, 33% used [0x0000000082200000,0x0000000083629158,0x0000000085e00000)
 Metaspace       used 26659K, capacity 28656K, committed 28800K, reserved 1073152K
  class space    used 3836K, capacity 4181K, committed 4224K, reserved 1048576K
}
Event: 2.481 GC heap before
{Heap before GC invocations=7 (full 1):
 PSYoungGen      total 70656K, used 70630K [0x00000000d6100000, 0x00000000dc080000, 0x0000000100000000)
  eden space 65536K, 99% used [0x00000000d6100000,0x00000000da0f99e8,0x00000000da100000)
  from space 5120K, 100% used [0x00000000da100000,0x00000000da600000,0x00000000da600000)
  to   space 15360K, 0% used [0x00000000db180000,0x00000000db180000,0x00000000dc080000)
 ParOldGen       total 61440K, used 20644K [0x0000000082200000, 0x0000000085e00000, 0x00000000d6100000)
  object space 61440K, 33% used [0x0000000082200000,0x0000000083629158,0x0000000085e00000)
 Metaspace       used 27992K, capacity 29978K, committed 30208K, reserved 1075200K
  class space    used 3973K, capacity 4338K, committed 4352K, reserved 1048576K
Event: 2.495 GC heap after
Heap after GC invocations=7 (full 1):
 PSYoungGen      total 80384K, used 14461K [0x00000000d6100000, 0x00000000dde00000, 0x0000000100000000)
  eden space 65024K, 0% used [0x00000000d6100000,0x00000000d6100000,0x00000000da080000)
  from space 15360K, 94% used [0x00000000db180000,0x00000000dbf9f7f8,0x00000000dc080000)
  to   space 17408K, 0% used [0x00000000da080000,0x00000000da080000,0x00000000db180000)
 ParOldGen       total 61440K, used 20644K [0x0000000082200000, 0x0000000085e00000, 0x00000000d6100000)
  object space 61440K, 33% used [0x0000000082200000,0x0000000083629158,0x0000000085e00000)
 Metaspace       used 27992K, capacity 29978K, committed 30208K, reserved 1075200K
  class space    used 3973K, capacity 4338K, committed 4352K, reserved 1048576K
}
Event: 2.510 GC heap before
{Heap before GC invocations=8 (full 1):
 PSYoungGen      total 80384K, used 79468K [0x00000000d6100000, 0x00000000dde00000, 0x0000000100000000)
  eden space 65024K, 99% used [0x00000000d6100000,0x00000000da07bae0,0x00000000da080000)
  from space 15360K, 94% used [0x00000000db180000,0x00000000dbf9f7f8,0x00000000dc080000)
  to   space 17408K, 0% used [0x00000000da080000,0x00000000da080000,0x00000000db180000)
 ParOldGen       total 61440K, used 20644K [0x0000000082200000, 0x0000000085e00000, 0x00000000d6100000)
  object space 61440K, 33% used [0x0000000082200000,0x0000000083629158,0x0000000085e00000)
 Metaspace       used 27993K, capacity 29978K, committed 30208K, reserved 1075200K
  class space    used 3973K, capacity 4338K, committed 4352K, reserved 1048576K
Event: 2.522 GC heap after
Heap after GC invocations=8 (full 1):
 PSYoungGen      total 82432K, used 14400K [0x00000000d6100000, 0x00000000df700000, 0x0000000100000000)
  eden space 65024K, 0% used [0x00000000d6100000,0x00000000d6100000,0x00000000da080000)
  from space 17408K, 82% used [0x00000000da080000,0x00000000dae90380,0x00000000db180000)
  to   space 18944K, 0% used [0x00000000de480000,0x00000000de480000,0x00000000df700000)
 ParOldGen       total 61440K, used 20652K [0x0000000082200000, 0x0000000085e00000, 0x00000000d6100000)
  object space 61440K, 33% used [0x0000000082200000,0x000000008362b158,0x0000000085e00000)
 Metaspace       used 27993K, capacity 29978K, committed 30208K, reserved 1075200K
  class space    used 3973K, capacity 4338K, committed 4352K, reserved 1048576K
}
Event: 2.535 GC heap before
{Heap before GC invocations=9 (full 1):
 PSYoungGen      total 82432K, used 79275K [0x00000000d6100000, 0x00000000df700000, 0x0000000100000000)
  eden space 65024K, 99% used [0x00000000d6100000,0x00000000da05aba8,0x00000000da080000)
  from space 17408K, 82% used [0x00000000da080000,0x00000000dae90380,0x00000000db180000)
  to   space 18944K, 0% used [0x00000000de480000,0x00000000de480000,0x00000000df700000)
 ParOldGen       total 61440K, used 20652K [0x0000000082200000, 0x0000000085e00000, 0x00000000d6100000)
  object space 61440K, 33% used [0x0000000082200000,0x000000008362b158,0x0000000085e00000)
 Metaspace       used 27993K, capacity 29978K, committed 30208K, reserved 1075200K
  class space    used 3973K, capacity 4338K, committed 4352K, reserved 1048576K
Event: 2.544 GC heap after
Heap after GC invocations=9 (full 1):
 PSYoungGen      total 133632K, used 14272K [0x00000000d6100000, 0x00000000dfd00000, 0x0000000100000000)
  eden space 114688K, 0% used [0x00000000d6100000,0x00000000d6100000,0x00000000dd100000)
  from space 18944K, 75% used [0x00000000de480000,0x00000000df270310,0x00000000df700000)
  to   space 19968K, 0% used [0x00000000dd100000,0x00000000dd100000,0x00000000de480000)
 ParOldGen       total 61440K, used 20660K [0x0000000082200000, 0x0000000085e00000, 0x00000000d6100000)
  object space 61440K, 33% used [0x0000000082200000,0x000000008362d158,0x0000000085e00000)
 Metaspace       used 27993K, capacity 29978K, committed 30208K, reserved 1075200K
  class space    used 3973K, capacity 4338K, committed 4352K, reserved 1048576K
}
Event: 2.753 GC heap before
{Heap before GC invocations=10 (full 1):
 PSYoungGen      total 133632K, used 128960K [0x00000000d6100000, 0x00000000dfd00000, 0x0000000100000000)
  eden space 114688K, 100% used [0x00000000d6100000,0x00000000dd100000,0x00000000dd100000)
  from space 18944K, 75% used [0x00000000de480000,0x00000000df270310,0x00000000df700000)
  to   space 19968K, 0% used [0x00000000dd100000,0x00000000dd100000,0x00000000de480000)
 ParOldGen       total 61440K, used 20660K [0x0000000082200000, 0x0000000085e00000, 0x00000000d6100000)
  object space 61440K, 33% used [0x0000000082200000,0x000000008362d158,0x0000000085e00000)
 Metaspace       used 28171K, capacity 30182K, committed 30208K, reserved 1075200K
  class space    used 3983K, capacity 4340K, committed 4352K, reserved 1048576K
Event: 2.765 GC heap after
Heap after GC invocations=10 (full 1):
 PSYoungGen      total 134656K, used 14726K [0x00000000d6100000, 0x00000000e3000000, 0x0000000100000000)
  eden space 114688K, 0% used [0x00000000d6100000,0x00000000d6100000,0x00000000dd100000)
  from space 19968K, 73% used [0x00000000dd100000,0x00000000ddf61910,0x00000000de480000)
  to   space 20480K, 0% used [0x00000000e1c00000,0x00000000e1c00000,0x00000000e3000000)
 ParOldGen       total 61440K, used 21836K [0x0000000082200000, 0x0000000085e00000, 0x00000000d6100000)
  object space 61440K, 35% used [0x0000000082200000,0x0000000083753158,0x0000000085e00000)
 Metaspace       used 28171K, capacity 30182K, committed 30208K, reserved 1075200K
  class space    used 3983K, capacity 4340K, committed 4352K, reserved 1048576K
}

Deoptimization events (10 events):
Event: 3.663 Thread 0x00000000192e8000 Uncommon trap: reason=unstable_if action=reinterpret pc=0x0000000003b64150 method=com.sun.javafx.geom.transform.AffineBase.updateState2D()V @ 86
Event: 3.745 Thread 0x000000001931e000 Uncommon trap: reason=class_check action=maybe_recompile pc=0x0000000003aafd54 method=javafx.scene.Node.updateLocalToParentTransform()V @ 11
Event: 3.745 Thread 0x000000001931e000 Uncommon trap: reason=class_check action=maybe_recompile pc=0x0000000003aafd54 method=javafx.scene.Node.updateLocalToParentTransform()V @ 11
Event: 3.745 Thread 0x000000001931e000 Uncommon trap: reason=class_check action=maybe_recompile pc=0x0000000003aafd54 method=javafx.scene.Node.updateLocalToParentTransform()V @ 11
Event: 3.745 Thread 0x000000001931e000 Uncommon trap: reason=class_check action=maybe_recompile pc=0x0000000003aafd54 method=javafx.scene.Node.updateLocalToParentTransform()V @ 11
Event: 4.248 Thread 0x000000001931e000 Uncommon trap: reason=unstable_if action=reinterpret pc=0x0000000002d35800 method=java.lang.CharacterData.of(I)Ljava/lang/CharacterData; @ 4
Event: 4.298 Thread 0x00000000192e8000 Uncommon trap: reason=bimorphic action=maybe_recompile pc=0x0000000003c2edac method=java.util.WeakHashMap.eq(Ljava/lang/Object;Ljava/lang/Object;)Z @ 7
Event: 4.298 Thread 0x00000000192e8000 Uncommon trap: reason=bimorphic action=maybe_recompile pc=0x0000000003c2edac method=java.util.WeakHashMap.eq(Ljava/lang/Object;Ljava/lang/Object;)Z @ 7
Event: 4.299 Thread 0x00000000192e8000 Uncommon trap: reason=bimorphic action=maybe_recompile pc=0x0000000003c2edac method=java.util.WeakHashMap.eq(Ljava/lang/Object;Ljava/lang/Object;)Z @ 7
Event: 4.299 Thread 0x00000000192e8000 Uncommon trap: reason=bimorphic action=maybe_recompile pc=0x0000000003c2edac method=java.util.WeakHashMap.eq(Ljava/lang/Object;Ljava/lang/Object;)Z @ 7

Classes redefined (0 events):
No events

Internal exceptions (10 events):
Event: 3.051 Thread 0x000000001931e000 Exception <a 'java/lang/ClassNotFoundException': sun/net/www/protocol/about/Handler> (0x00000000d63b02e8) thrown at [C:\re\workspace\8-2-build-windows-amd64-cygwin\jdk8u181\11358\hotspot\src\share\vm\classfile\systemDictionary.cpp, line 210]
Event: 3.052 Thread 0x000000001931e000 Exception <a 'java/lang/ClassNotFoundException': sun/net/www/protocol/about/Handler> (0x00000000d63b5b50) thrown at [C:\re\workspace\8-2-build-windows-amd64-cygwin\jdk8u181\11358\hotspot\src\share\vm\classfile\systemDictionary.cpp, line 210]
Event: 3.053 Thread 0x000000001931e000 Exception <a 'java/lang/ClassNotFoundException': sun/net/www/protocol/about/Handler> (0x00000000d63bb358) thrown at [C:\re\workspace\8-2-build-windows-amd64-cygwin\jdk8u181\11358\hotspot\src\share\vm\classfile\systemDictionary.cpp, line 210]
Event: 3.054 Thread 0x000000001931e000 Exception <a 'java/lang/ClassNotFoundException': sun/net/www/protocol/about/Handler> (0x00000000d63c0bc0) thrown at [C:\re\workspace\8-2-build-windows-amd64-cygwin\jdk8u181\11358\hotspot\src\share\vm\classfile\systemDictionary.cpp, line 210]
Event: 3.055 Thread 0x000000001931e000 Exception <a 'java/lang/ClassNotFoundException': sun/net/www/protocol/about/Handler> (0x00000000d63c6368) thrown at [C:\re\workspace\8-2-build-windows-amd64-cygwin\jdk8u181\11358\hotspot\src\share\vm\classfile\systemDictionary.cpp, line 210]
Event: 3.057 Thread 0x000000001931e000 Exception <a 'java/lang/ClassNotFoundException': sun/net/www/protocol/about/Handler> (0x00000000d63cbb10) thrown at [C:\re\workspace\8-2-build-windows-amd64-cygwin\jdk8u181\11358\hotspot\src\share\vm\classfile\systemDictionary.cpp, line 210]
Event: 3.165 Thread 0x000000001931e000 Exception <a 'java/lang/ClassNotFoundException': sun/net/www/protocol/about/Handler> (0x00000000d6432c00) thrown at [C:\re\workspace\8-2-build-windows-amd64-cygwin\jdk8u181\11358\hotspot\src\share\vm\classfile\systemDictionary.cpp, line 210]
Event: 4.232 Thread 0x000000001931e000 Exception <a 'java/lang/ClassNotFoundException': sun/net/www/protocol/about/Handler> (0x00000000d7ed57d0) thrown at [C:\re\workspace\8-2-build-windows-amd64-cygwin\jdk8u181\11358\hotspot\src\share\vm\classfile\systemDictionary.cpp, line 210]
Event: 4.303 Thread 0x000000001931e000 Exception <a 'java/lang/ClassNotFoundException': sun/net/www/protocol/about/Handler> (0x00000000d883fbe8) thrown at [C:\re\workspace\8-2-build-windows-amd64-cygwin\jdk8u181\11358\hotspot\src\share\vm\classfile\systemDictionary.cpp, line 210]
Event: 4.650 Thread 0x000000001931e000 Exception <a 'java/lang/ClassNotFoundException': sun/net/www/protocol/about/Handler> (0x00000000da7595f0) thrown at [C:\re\workspace\8-2-build-windows-amd64-cygwin\jdk8u181\11358\hotspot\src\share\vm\classfile\systemDictionary.cpp, line 210]

Events (10 events):
Event: 4.837 Executing VM operation: RevokeBias
Event: 4.837 Executing VM operation: RevokeBias done
Event: 4.837 Executing VM operation: RevokeBias
Event: 4.837 Executing VM operation: RevokeBias done
Event: 4.837 Executing VM operation: RevokeBias
Event: 4.837 Executing VM operation: RevokeBias done
Event: 4.853 Thread 0x000000001764c000 flushing nmethod 0x0000000002debed0
Event: 4.857 Thread 0x000000001764c000 flushing nmethod 0x0000000003200150
Event: 4.857 Thread 0x000000001764c000 flushing nmethod 0x00000000032d4450
Event: 4.859 Thread 0x000000001764c000 flushing nmethod 0x00000000033f2d50


Dynamic libraries:
0x00007ff7701f0000 - 0x00007ff770227000 	C:\Program Files\Java\jre1.8.0_181\bin\javaw.exe
0x00007ffd07ef0000 - 0x00007ffd080cb000 	C:\Windows\SYSTEM32\ntdll.dll
0x00007ffd05800000 - 0x00007ffd058ae000 	C:\Windows\System32\KERNEL32.DLL
0x00007ffd04630000 - 0x00007ffd0487a000 	C:\Windows\System32\KERNELBASE.dll
0x00007ffd05c00000 - 0x00007ffd05ca1000 	C:\Windows\System32\ADVAPI32.dll
0x00007ffd07d60000 - 0x00007ffd07dfd000 	C:\Windows\System32\msvcrt.dll
0x00007ffd07e10000 - 0x00007ffd07e69000 	C:\Windows\System32\sechost.dll
0x00007ffd058b0000 - 0x00007ffd059d5000 	C:\Windows\System32\RPCRT4.dll
0x00007ffd05650000 - 0x00007ffd0579a000 	C:\Windows\System32\USER32.dll
0x00007ffd053e0000 - 0x00007ffd053fe000 	C:\Windows\System32\win32u.dll
0x00007ffd055c0000 - 0x00007ffd055e7000 	C:\Windows\System32\GDI32.dll
0x00007ffd04ab0000 - 0x00007ffd04c38000 	C:\Windows\System32\gdi32full.dll
0x00007ffd04c40000 - 0x00007ffd04cda000 	C:\Windows\System32\msvcp_win.dll
0x00007ffd04530000 - 0x00007ffd04626000 	C:\Windows\System32\ucrtbase.dll
0x00007ffcf8240000 - 0x00007ffcf84a7000 	C:\Windows\WinSxS\amd64_microsoft.windows.common-controls_6595b64144ccf1df_6.0.15063.1155_none_40c7922129a7722b\COMCTL32.dll
0x00007ffd064f0000 - 0x00007ffd067e9000 	C:\Windows\System32\combase.dll
0x00007ffd044c0000 - 0x00007ffd0452a000 	C:\Windows\System32\bcryptPrimitives.dll
0x00007ffd059e0000 - 0x00007ffd05a0d000 	C:\Windows\System32\IMM32.DLL
0x00007ffcec530000 - 0x00007ffcec5df000 	C:\Program Files\McAfee\Endpoint Security\Threat Prevention\Ips\EpMPApi.dll
0x00007ffd04880000 - 0x00007ffd048d7000 	C:\Windows\System32\WINTRUST.dll
0x00007ffd04360000 - 0x00007ffd04371000 	C:\Windows\System32\MSASN1.dll
0x00007ffd048e0000 - 0x00007ffd04aa9000 	C:\Windows\System32\CRYPT32.dll
0x000000005c400000 - 0x000000005c40c000 	C:\Program Files\McAfee\Endpoint Security\Threat Prevention\Ips\EpMPThe.dll
0x000000005b990000 - 0x000000005ba62000 	C:\Program Files\Java\jre1.8.0_181\bin\msvcr100.dll
0x000000005bb50000 - 0x000000005c3f2000 	C:\Program Files\Java\jre1.8.0_181\bin\server\jvm.dll
0x00007ffd05bf0000 - 0x00007ffd05bf8000 	C:\Windows\System32\PSAPI.DLL
0x00007ffcf2e70000 - 0x00007ffcf2e79000 	C:\Windows\SYSTEM32\WSOCK32.dll
0x00007ffd02640000 - 0x00007ffd02663000 	C:\Windows\SYSTEM32\WINMM.dll
0x00007ffcf44f0000 - 0x00007ffcf44fa000 	C:\Windows\SYSTEM32\VERSION.dll
0x00007ffd02610000 - 0x00007ffd0263b000 	C:\Windows\SYSTEM32\WINMMBASE.dll
0x00007ffd05400000 - 0x00007ffd05449000 	C:\Windows\System32\cfgmgr32.dll
0x0000000002840000 - 0x00000000028ac000 	C:\Windows\System32\WS2_32.dll
0x000000005bb40000 - 0x000000005bb4f000 	C:\Program Files\Java\jre1.8.0_181\bin\verify.dll
0x000000005bb10000 - 0x000000005bb39000 	C:\Program Files\Java\jre1.8.0_181\bin\java.dll
0x000000005baf0000 - 0x000000005bb06000 	C:\Program Files\Java\jre1.8.0_181\bin\zip.dll
0x00007ffd067f0000 - 0x00007ffd07c28000 	C:\Windows\System32\SHELL32.dll
0x00007ffd07c30000 - 0x00007ffd07cda000 	C:\Windows\System32\shcore.dll
0x00007ffd04ce0000 - 0x00007ffd053d1000 	C:\Windows\System32\windows.storage.dll
0x00007ffd05b90000 - 0x00007ffd05be1000 	C:\Windows\System32\shlwapi.dll
0x00007ffd043f0000 - 0x00007ffd04401000 	C:\Windows\System32\kernel.appcore.dll
0x00007ffd043a0000 - 0x00007ffd043ec000 	C:\Windows\System32\powrprof.dll
0x00007ffd04380000 - 0x00007ffd04395000 	C:\Windows\System32\profapi.dll
0x0000000002930000 - 0x0000000002933000 	C:\Program Files\Java\jre1.8.0_181\bin\api-ms-win-core-console-l1-1-0.dll
0x0000000002940000 - 0x0000000002943000 	C:\Program Files\Java\jre1.8.0_181\bin\api-ms-win-core-datetime-l1-1-0.dll
0x0000000002950000 - 0x0000000002953000 	C:\Program Files\Java\jre1.8.0_181\bin\api-ms-win-core-debug-l1-1-0.dll
0x00000000195a0000 - 0x00000000195a3000 	C:\Program Files\Java\jre1.8.0_181\bin\api-ms-win-core-errorhandling-l1-1-0.dll
0x00000000195b0000 - 0x00000000195b4000 	C:\Program Files\Java\jre1.8.0_181\bin\api-ms-win-core-file-l1-1-0.dll
0x00000000195c0000 - 0x00000000195c3000 	C:\Program Files\Java\jre1.8.0_181\bin\api-ms-win-core-file-l1-2-0.dll
0x00000000195d0000 - 0x00000000195d3000 	C:\Program Files\Java\jre1.8.0_181\bin\api-ms-win-core-file-l2-1-0.dll
0x00000000195e0000 - 0x00000000195e3000 	C:\Program Files\Java\jre1.8.0_181\bin\api-ms-win-core-handle-l1-1-0.dll
0x00000000195f0000 - 0x00000000195f3000 	C:\Program Files\Java\jre1.8.0_181\bin\api-ms-win-core-heap-l1-1-0.dll
0x0000000019600000 - 0x0000000019603000 	C:\Program Files\Java\jre1.8.0_181\bin\api-ms-win-core-interlocked-l1-1-0.dll
0x0000000019610000 - 0x0000000019613000 	C:\Program Files\Java\jre1.8.0_181\bin\api-ms-win-core-libraryloader-l1-1-0.dll
0x0000000019620000 - 0x0000000019623000 	C:\Program Files\Java\jre1.8.0_181\bin\api-ms-win-core-localization-l1-2-0.dll
0x0000000019630000 - 0x0000000019633000 	C:\Program Files\Java\jre1.8.0_181\bin\api-ms-win-core-memory-l1-1-0.dll
0x0000000019640000 - 0x0000000019643000 	C:\Program Files\Java\jre1.8.0_181\bin\api-ms-win-core-namedpipe-l1-1-0.dll
0x0000000019650000 - 0x0000000019653000 	C:\Program Files\Java\jre1.8.0_181\bin\api-ms-win-core-processenvironment-l1-1-0.dll
0x0000000019660000 - 0x0000000019663000 	C:\Program Files\Java\jre1.8.0_181\bin\api-ms-win-core-processthreads-l1-1-0.dll
0x0000000019670000 - 0x0000000019673000 	C:\Program Files\Java\jre1.8.0_181\bin\api-ms-win-core-processthreads-l1-1-1.dll
0x0000000019680000 - 0x0000000019683000 	C:\Program Files\Java\jre1.8.0_181\bin\api-ms-win-core-profile-l1-1-0.dll
0x0000000019690000 - 0x0000000019693000 	C:\Program Files\Java\jre1.8.0_181\bin\api-ms-win-core-rtlsupport-l1-1-0.dll
0x00000000196a0000 - 0x00000000196a3000 	C:\Program Files\Java\jre1.8.0_181\bin\api-ms-win-core-string-l1-1-0.dll
0x00000000196b0000 - 0x00000000196b3000 	C:\Program Files\Java\jre1.8.0_181\bin\api-ms-win-core-synch-l1-1-0.dll
0x00000000196c0000 - 0x00000000196c3000 	C:\Program Files\Java\jre1.8.0_181\bin\api-ms-win-core-synch-l1-2-0.dll
0x00000000196d0000 - 0x00000000196d3000 	C:\Program Files\Java\jre1.8.0_181\bin\api-ms-win-core-sysinfo-l1-1-0.dll
0x00000000196e0000 - 0x00000000196e3000 	C:\Program Files\Java\jre1.8.0_181\bin\api-ms-win-core-timezone-l1-1-0.dll
0x00000000196f0000 - 0x00000000196f3000 	C:\Program Files\Java\jre1.8.0_181\bin\api-ms-win-core-util-l1-1-0.dll
0x0000000019700000 - 0x0000000019703000 	C:\Program Files\Java\jre1.8.0_181\bin\api-ms-win-crt-conio-l1-1-0.dll
0x0000000019710000 - 0x0000000019714000 	C:\Program Files\Java\jre1.8.0_181\bin\api-ms-win-crt-convert-l1-1-0.dll
0x0000000019720000 - 0x0000000019723000 	C:\Program Files\Java\jre1.8.0_181\bin\api-ms-win-crt-environment-l1-1-0.dll
0x0000000019730000 - 0x0000000019733000 	C:\Program Files\Java\jre1.8.0_181\bin\api-ms-win-crt-filesystem-l1-1-0.dll
0x0000000019740000 - 0x0000000019743000 	C:\Program Files\Java\jre1.8.0_181\bin\api-ms-win-crt-heap-l1-1-0.dll
0x0000000019750000 - 0x0000000019753000 	C:\Program Files\Java\jre1.8.0_181\bin\api-ms-win-crt-locale-l1-1-0.dll
0x0000000019760000 - 0x0000000019765000 	C:\Program Files\Java\jre1.8.0_181\bin\api-ms-win-crt-math-l1-1-0.dll
0x0000000019770000 - 0x0000000019775000 	C:\Program Files\Java\jre1.8.0_181\bin\api-ms-win-crt-multibyte-l1-1-0.dll
0x0000000019780000 - 0x0000000019790000 	C:\Program Files\Java\jre1.8.0_181\bin\api-ms-win-crt-private-l1-1-0.dll
0x0000000019790000 - 0x0000000019793000 	C:\Program Files\Java\jre1.8.0_181\bin\api-ms-win-crt-process-l1-1-0.dll
0x00000000197a0000 - 0x00000000197a4000 	C:\Program Files\Java\jre1.8.0_181\bin\api-ms-win-crt-runtime-l1-1-0.dll
0x00000000197b0000 - 0x00000000197b4000 	C:\Program Files\Java\jre1.8.0_181\bin\api-ms-win-crt-stdio-l1-1-0.dll
0x00000000197c0000 - 0x00000000197c4000 	C:\Program Files\Java\jre1.8.0_181\bin\api-ms-win-crt-string-l1-1-0.dll
0x00000000197d0000 - 0x00000000197d3000 	C:\Program Files\Java\jre1.8.0_181\bin\api-ms-win-crt-time-l1-1-0.dll
0x00000000197e0000 - 0x00000000197e3000 	C:\Program Files\Java\jre1.8.0_181\bin\api-ms-win-crt-utility-l1-1-0.dll
0x00007ffcda410000 - 0x00007ffcda506000 	C:\Program Files\Java\jre1.8.0_181\bin\ucrtbase.dll
0x00007ffcfa4b0000 - 0x00007ffcfa4c6000 	C:\Program Files\Java\jre1.8.0_181\bin\vcruntime140.dll
0x00007ffce5a80000 - 0x00007ffce5b1c000 	C:\Program Files\Java\jre1.8.0_181\bin\msvcp140.dll
0x00007ffceeeb0000 - 0x00007ffceef01000 	C:\Program Files\Java\jre1.8.0_181\bin\concrt140.dll
0x000000005b960000 - 0x000000005b983000 	C:\Program Files\Java\jre1.8.0_181\bin\prism_d3d.dll
0x00007ffcd7810000 - 0x00007ffcd7999000 	C:\Windows\system32\d3d9.dll
0x00007ffd025b0000 - 0x00007ffd025da000 	C:\Windows\SYSTEM32\dwmapi.dll
0x00007ffd02860000 - 0x00007ffd028f5000 	C:\Windows\system32\uxtheme.dll
0x00007ffcbb700000 - 0x00007ffcbb8d7000 	C:\Windows\System32\DriverStore\FileRepository\ki127171.inf_amd64_368f8c7337214025\igdumdim64.dll
0x00007ffcb86b0000 - 0x00007ffcbb6ad000 	C:\Windows\System32\DriverStore\FileRepository\ki127171.inf_amd64_368f8c7337214025\igd9dxva64.dll
0x00007ffd063a0000 - 0x00007ffd064e5000 	C:\Windows\System32\ole32.dll
0x00007ffd05ad0000 - 0x00007ffd05b90000 	C:\Windows\System32\OLEAUT32.dll
0x000000005b910000 - 0x000000005b959000 	C:\Program Files\Java\jre1.8.0_181\bin\glass.dll
0x00007ffd05e50000 - 0x00007ffd05f58000 	C:\Windows\System32\COMDLG32.dll
0x00007ffd05450000 - 0x00007ffd055b6000 	C:\Windows\System32\MSCTF.dll
0x00007ffcfbb40000 - 0x00007ffcfd8d5000 	C:\Windows\System32\DriverStore\FileRepository\ki127171.inf_amd64_368f8c7337214025\igc64.dll
0x000000005b8f0000 - 0x000000005b904000 	C:\Program Files\Java\jre1.8.0_181\bin\javafx_font.dll
0x000000005b8c0000 - 0x000000005b8e3000 	C:\Program Files\Java\jre1.8.0_181\bin\javafx_iio.dll
0x00000000587a0000 - 0x000000005b8bd000 	C:\Program Files\Java\jre1.8.0_181\bin\jfxwebkit.dll
0x00007ffd03db0000 - 0x00007ffd03dc7000 	C:\Windows\SYSTEM32\CRYPTSP.dll
0x00007ffd034f0000 - 0x00007ffd03524000 	C:\Windows\system32\rsaenh.dll
0x00007ffd03f20000 - 0x00007ffd03f45000 	C:\Windows\SYSTEM32\bcrypt.dll
0x00007ffd03dd0000 - 0x00007ffd03ddb000 	C:\Windows\SYSTEM32\CRYPTBASE.dll
0x00007ffce7f10000 - 0x00007ffce81cf000 	C:\Windows\SYSTEM32\dwrite.dll
0x000000005bad0000 - 0x000000005baea000 	C:\Program Files\Java\jre1.8.0_181\bin\net.dll
0x00007ffd03c10000 - 0x00007ffd03c6c000 	C:\Windows\system32\mswsock.dll
0x000000005bab0000 - 0x000000005bac1000 	C:\Program Files\Java\jre1.8.0_181\bin\nio.dll
0x000000005ba80000 - 0x000000005baa4000 	C:\Program Files\Java\jre1.8.0_181\bin\sunec.dll
0x00007ffd039b0000 - 0x00007ffd039e7000 	C:\Windows\SYSTEM32\IPHLPAPI.DLL
0x00007ffd07e00000 - 0x00007ffd07e08000 	C:\Windows\System32\NSI.dll
0x00007ffcffc00000 - 0x00007ffcffc16000 	C:\Windows\SYSTEM32\dhcpcsvc6.DLL
0x00007ffcffbe0000 - 0x00007ffcffbfa000 	C:\Windows\SYSTEM32\dhcpcsvc.DLL
0x00007ffd05a10000 - 0x00007ffd05aae000 	C:\Windows\System32\clbcatq.dll
0x00007ffcffa30000 - 0x00007ffcffbdc000 	C:\Windows\SYSTEM32\WindowsCodecs.dll
0x00007ffceb9c0000 - 0x00007ffceba07000 	C:\Windows\system32\dataexchange.dll
