#
# A fatal error has been detected by the Java Runtime Environment:
#
#  EXCEPTION_STACK_OVERFLOW (0xc00000fd) at pc=0x000000006e6e4757, pid=2764, tid=0x0000000000000e60
#
# JRE version: Java(TM) SE Runtime Environment (8.0_181-b13) (build 1.8.0_181-b13)
# Java VM: Java HotSpot(TM) 64-Bit Server VM (25.181-b13 mixed mode windows-amd64 compressed oops)
# Problematic frame:
# V  [jvm.dll+0x214757]
#
# Failed to write core dump. Minidumps are not enabled by default on client versions of Windows
#
# If you would like to submit a bug report, please visit:
#   http://bugreport.java.com/bugreport/crash.jsp
#

---------------  T H R E A D  ---------------

Current thread (0x00000000198f9000):  JavaThread "URL-Loader-6" daemon [_thread_in_vm, id=3680, stack(0x0000000069470000,0x0000000069570000)]

siginfo: ExceptionCode=0xc00000fd, ExceptionInformation=0x0000000000000001 0x000000006956cf90 

Registers:
RAX=0x000000006956cf90, RBX=0x0000000000000003, RCX=0x0000000000002000, RDX=0x0000000000000006
RSP=0x000000006956ef90, RBP=0x0000000000000000, RSI=0x000000006956ef90, RDI=0x0000000000000003
R8 =0x0000000000000006, R9 =0x00000000636ffb80, R10=0x000000001692c570, R11=0x000000006947a148
R12=0x00000000636ffb80, R13=0x00000000198f9000, R14=0x000000006956f058, R15=0x000000001692c570
RIP=0x000000006e6e4757, EFLAGS=0x0000000000010206

Top of Stack: (sp=0x000000006956ef90)
0x000000006956ef90:   00000781b26ae93d 0000000100006bd0
0x000000006956efa0:   00000000198f9000 00000000636ffb80
0x000000006956efb0:   00000000ffffffff 000000006e6e5687
0x000000006956efc0:   000000006956f0c0 000000001692c570
0x000000006956efd0:   00000000198f9000 000000006e591073
0x000000006956efe0:   000000006956f020 00000000198f9000
0x000000006956eff0:   000000006956f0b0 00000000198f9000
0x000000006956f000:   000000001692c570 00000000198f9000
0x000000006956f010:   00000000027e3be0 00000000198f9000
0x000000006956f020:   000000001692c570 00000000198f9000
0x000000006956f030:   000000001692c570 00000000198f9000
0x000000006956f040:   0000000000000001 000000001692c570
0x000000006956f050:   00000000198f9000 00000000668bb780
0x000000006956f060:   00000000198f9000 000000006e5927dd
0x000000006956f070:   000000006956f378 0000000100006bd0
0x000000006956f080:   0000000100006bd0 000000006956f070 

Instructions: (pc=0x000000006e6e4757)
0x000000006e6e4737:   48 89 6c 24 30 33 ed 66 90 e8 9b 4e 08 00 ff c3
0x000000006e6e4747:   48 63 c8 48 8b c6 48 0f af cf 48 ff c7 48 2b c1
0x000000006e6e4757:   89 28 48 63 c3 48 3b 05 f5 80 59 00 7e db 48 8b
0x000000006e6e4767:   6c 24 30 48 8b 5c 24 38 48 8b 74 24 40 48 83 c4 


Register to memory mapping:

RAX=0x000000006956cf90 is pointing into the stack for thread: 0x00000000198f9000
RBX=0x0000000000000003 is an unknown value
RCX=0x0000000000002000 is an unknown value
RDX=0x0000000000000006 is an unknown value
RSP=0x000000006956ef90 is pointing into the stack for thread: 0x00000000198f9000
RBP=0x0000000000000000 is an unknown value
RSI=0x000000006956ef90 is pointing into the stack for thread: 0x00000000198f9000
RDI=0x0000000000000003 is an unknown value
R8 =0x0000000000000006 is an unknown value
R9 =0x00000000636ffb80 is an unknown value
R10={method} {0x000000001692c578} 'run' '()V' in 'java/lang/Thread'
R11=0x000000006947a148 is pointing into the stack for thread: 0x00000000198f9000
R12=0x00000000636ffb80 is an unknown value
R13=0x00000000198f9000 is a thread
R14=0x000000006956f058 is pointing into the stack for thread: 0x00000000198f9000
R15={method} {0x000000001692c578} 'run' '()V' in 'java/lang/Thread'


Stack: [0x0000000069470000,0x0000000069570000],  sp=0x000000006956ef90,  free space=1019k
Native frames: (J=compiled Java code, j=interpreted, Vv=VM code, C=native code)


---------------  P R O C E S S  ---------------

Java Threads: ( => current thread )
  0x00000000198fa000 JavaThread "URL-Loader-7" daemon [_thread_blocked, id=7844, stack(0x0000000069570000,0x0000000069670000)]
=>0x00000000198f9000 JavaThread "URL-Loader-6" daemon [_thread_in_vm, id=3680, stack(0x0000000069470000,0x0000000069570000)]
  0x00000000198fd800 JavaThread "URL-Loader-5" daemon [_thread_blocked, id=13584, stack(0x0000000069370000,0x0000000069470000)]
  0x00000000198fd000 JavaThread "Keep-Alive-Timer" daemon [_thread_blocked, id=14096, stack(0x0000000069270000,0x0000000069370000)]
  0x00000000198fb800 JavaThread "URL-Loader-4" daemon [_thread_blocked, id=2344, stack(0x0000000064a20000,0x0000000064b20000)]
  0x00000000198f8800 JavaThread "URL-Loader-3" daemon [_thread_blocked, id=4444, stack(0x0000000064920000,0x0000000064a20000)]
  0x0000000019b6b000 JavaThread "URL-Loader-2" daemon [_thread_blocked, id=8832, stack(0x0000000064820000,0x0000000064920000)]
  0x00000000199fa000 JavaThread "URL-Loader-1" daemon [_thread_blocked, id=14156, stack(0x0000000064220000,0x0000000064320000)]
  0x000000001994a800 JavaThread "Disposer" daemon [_thread_blocked, id=5912, stack(0x0000000063150000,0x0000000063250000)]
  0x0000000019917000 JavaThread "Prism Font Disposer" daemon [_thread_blocked, id=3432, stack(0x0000000062850000,0x0000000062950000)]
  0x000000001945d800 JavaThread "Thread-3" daemon [_thread_blocked, id=13992, stack(0x0000000020aa0000,0x0000000020ba0000)]
  0x000000001945d000 JavaThread "JavaFX-Launcher" [_thread_blocked, id=14136, stack(0x0000000020ba0000,0x0000000020ca0000)]
  0x00000000193cd000 JavaThread "JavaFX Application Thread" [_thread_blocked, id=15488, stack(0x000000001a120000,0x000000001a220000)]
  0x00000000193c8800 JavaThread "Thread-1" daemon [_thread_blocked, id=15448, stack(0x000000001a020000,0x000000001a120000)]
  0x0000000018dc9800 JavaThread "QuantumRenderer-0" daemon [_thread_blocked, id=3256, stack(0x0000000019bb0000,0x0000000019cb0000)]
  0x0000000018a19800 JavaThread "Service Thread" daemon [_thread_blocked, id=14092, stack(0x0000000019010000,0x0000000019110000)]
  0x0000000018a14000 JavaThread "C1 CompilerThread2" daemon [_thread_blocked, id=6300, stack(0x0000000018f10000,0x0000000019010000)]
  0x0000000018a11000 JavaThread "C2 CompilerThread1" daemon [_thread_blocked, id=13764, stack(0x0000000018e10000,0x0000000018f10000)]
  0x00000000172a2000 JavaThread "C2 CompilerThread0" daemon [_thread_blocked, id=5028, stack(0x0000000018910000,0x0000000018a10000)]
  0x00000000172a0000 JavaThread "Attach Listener" daemon [_thread_blocked, id=10644, stack(0x0000000018810000,0x0000000018910000)]
  0x000000001729f000 JavaThread "Signal Dispatcher" daemon [_thread_blocked, id=4652, stack(0x0000000018710000,0x0000000018810000)]
  0x000000000271d800 JavaThread "Finalizer" daemon [_thread_blocked, id=14204, stack(0x0000000018510000,0x0000000018610000)]
  0x0000000002712800 JavaThread "Reference Handler" daemon [_thread_blocked, id=15496, stack(0x0000000018410000,0x0000000018510000)]
  0x0000000002623800 JavaThread "main" [_thread_blocked, id=15384, stack(0x00000000024a0000,0x00000000025a0000)]

Other Threads:
  0x0000000017268000 VMThread [stack: 0x0000000018310000,0x0000000018410000] [id=15648]
  0x0000000018a53800 WatcherThread [stack: 0x0000000019110000,0x0000000019210000] [id=14840]

VM state:synchronizing (normal execution)

VM Mutex/Monitor currently owned by a thread:  ([mutex/lock_event])
[0x0000000002620ad0] Threads_lock - owner thread: 0x0000000017268000

Heap:
 PSYoungGen      total 70656K, used 26382K [0x00000000d6100000, 0x00000000dd800000, 0x0000000100000000)
  eden space 65536K, 32% used [0x00000000d6100000,0x00000000d75c3818,0x00000000da100000)
  from space 5120K, 100% used [0x00000000da100000,0x00000000da600000,0x00000000da600000)
  to   space 16896K, 0% used [0x00000000dc780000,0x00000000dc780000,0x00000000dd800000)
 ParOldGen       total 55808K, used 23040K [0x0000000082200000, 0x0000000085880000, 0x00000000d6100000)
  object space 55808K, 41% used [0x0000000082200000,0x00000000838803f8,0x0000000085880000)
 Metaspace       used 27764K, capacity 29736K, committed 29952K, reserved 1075200K
  class space    used 3954K, capacity 4303K, committed 4352K, reserved 1048576K

Card table byte_map: [0x0000000011b90000,0x0000000011f80000] byte_map_base: 0x000000001177f000

Marking Bits: (ParMarkBitMap*) 0x000000006ecf2d00
 Begin Bits: [0x0000000012620000, 0x0000000014598000)
 End Bits:   [0x0000000014598000, 0x0000000016510000)

Polling page: 0x0000000000720000

CodeCache: size=245760Kb used=14123Kb max_used=14135Kb free=231636Kb
 bounds [0x00000000027d0000, 0x00000000035b0000, 0x00000000117d0000]
 total_blobs=5227 nmethods=4444 adapters=694
 compilation: enabled

Compilation events (10 events):
Event: 5.153 Thread 0x0000000018a11000 4442 %     4       com.sun.crypto.provider.GHASH::blockMult @ 106 (225 bytes)
Event: 5.160 Thread 0x0000000018a14000 4443       3       java.util.zip.InflaterInputStream::fill (60 bytes)
Event: 5.161 Thread 0x0000000018a14000 nmethod 4443 0x00000000035a1290 code [0x00000000035a1440, 0x00000000035a1918]
Event: 5.162 Thread 0x00000000172a2000 4444       4       com.sun.crypto.provider.GHASH::getLong (41 bytes)
Event: 5.162 Thread 0x0000000018a11000 nmethod 4442% 0x00000000035a4a10 code [0x00000000035a4b40, 0x00000000035a4e38]
Event: 5.163 Thread 0x0000000018a11000 4445       4       com.sun.crypto.provider.GHASH::blockMult (225 bytes)
Event: 5.166 Thread 0x00000000172a2000 nmethod 4444 0x00000000035a4f50 code [0x00000000035a5080, 0x00000000035a51b8]
Event: 5.171 Thread 0x0000000018a14000 4446   !   3       java.util.Vector$1::nextElement (62 bytes)
Event: 5.172 Thread 0x0000000018a14000 nmethod 4446 0x00000000035a4050 code [0x00000000035a41e0, 0x00000000035a4748]
Event: 5.172 Thread 0x0000000018a11000 nmethod 4445 0x00000000035a25d0 code [0x00000000035a2700, 0x00000000035a2ad8]

GC Heap History (10 events):
Event: 2.087 GC heap before
{Heap before GC invocations=2 (full 0):
 PSYoungGen      total 37888K, used 37867K [0x00000000d6100000, 0x00000000d8b00000, 0x0000000100000000)
  eden space 32768K, 99% used [0x00000000d6100000,0x00000000d80febb8,0x00000000d8100000)
  from space 5120K, 99% used [0x00000000d8100000,0x00000000d85fc060,0x00000000d8600000)
  to   space 5120K, 0% used [0x00000000d8600000,0x00000000d8600000,0x00000000d8b00000)
 ParOldGen       total 86016K, used 540K [0x0000000082200000, 0x0000000087600000, 0x00000000d6100000)
  object space 86016K, 0% used [0x0000000082200000,0x00000000822871e8,0x0000000087600000)
 Metaspace       used 19617K, capacity 20570K, committed 20736K, reserved 1067008K
  class space    used 2804K, capacity 3022K, committed 3072K, reserved 1048576K
Event: 2.093 GC heap after
Heap after GC invocations=2 (full 0):
 PSYoungGen      total 37888K, used 5107K [0x00000000d6100000, 0x00000000dab00000, 0x0000000100000000)
  eden space 32768K, 0% used [0x00000000d6100000,0x00000000d6100000,0x00000000d8100000)
  from space 5120K, 99% used [0x00000000d8600000,0x00000000d8afce70,0x00000000d8b00000)
  to   space 5120K, 0% used [0x00000000d8100000,0x00000000d8100000,0x00000000d8600000)
 ParOldGen       total 86016K, used 2736K [0x0000000082200000, 0x0000000087600000, 0x00000000d6100000)
  object space 86016K, 3% used [0x0000000082200000,0x00000000824ac3d8,0x0000000087600000)
 Metaspace       used 19617K, capacity 20570K, committed 20736K, reserved 1067008K
  class space    used 2804K, capacity 3022K, committed 3072K, reserved 1048576K
}
Event: 2.159 GC heap before
{Heap before GC invocations=3 (full 0):
 PSYoungGen      total 37888K, used 8702K [0x00000000d6100000, 0x00000000dab00000, 0x0000000100000000)
  eden space 32768K, 10% used [0x00000000d6100000,0x00000000d6482c98,0x00000000d8100000)
  from space 5120K, 99% used [0x00000000d8600000,0x00000000d8afce70,0x00000000d8b00000)
  to   space 5120K, 0% used [0x00000000d8100000,0x00000000d8100000,0x00000000d8600000)
 ParOldGen       total 86016K, used 2736K [0x0000000082200000, 0x0000000087600000, 0x00000000d6100000)
  object space 86016K, 3% used [0x0000000082200000,0x00000000824ac3d8,0x0000000087600000)
 Metaspace       used 20201K, capacity 21188K, committed 21296K, reserved 1067008K
  class space    used 2896K, capacity 3137K, committed 3200K, reserved 1048576K
Event: 2.163 GC heap after
Heap after GC invocations=3 (full 0):
 PSYoungGen      total 37888K, used 5107K [0x00000000d6100000, 0x00000000dab00000, 0x0000000100000000)
  eden space 32768K, 0% used [0x00000000d6100000,0x00000000d6100000,0x00000000d8100000)
  from space 5120K, 99% used [0x00000000d8100000,0x00000000d85fce60,0x00000000d8600000)
  to   space 5120K, 0% used [0x00000000da600000,0x00000000da600000,0x00000000dab00000)
 ParOldGen       total 86016K, used 3015K [0x0000000082200000, 0x0000000087600000, 0x00000000d6100000)
  object space 86016K, 3% used [0x0000000082200000,0x00000000824f1cb8,0x0000000087600000)
 Metaspace       used 20201K, capacity 21188K, committed 21296K, reserved 1067008K
  class space    used 2896K, capacity 3137K, committed 3200K, reserved 1048576K
}
Event: 2.163 GC heap before
{Heap before GC invocations=4 (full 1):
 PSYoungGen      total 37888K, used 5107K [0x00000000d6100000, 0x00000000dab00000, 0x0000000100000000)
  eden space 32768K, 0% used [0x00000000d6100000,0x00000000d6100000,0x00000000d8100000)
  from space 5120K, 99% used [0x00000000d8100000,0x00000000d85fce60,0x00000000d8600000)
  to   space 5120K, 0% used [0x00000000da600000,0x00000000da600000,0x00000000dab00000)
 ParOldGen       total 86016K, used 3015K [0x0000000082200000, 0x0000000087600000, 0x00000000d6100000)
  object space 86016K, 3% used [0x0000000082200000,0x00000000824f1cb8,0x0000000087600000)
 Metaspace       used 20201K, capacity 21188K, committed 21296K, reserved 1067008K
  class space    used 2896K, capacity 3137K, committed 3200K, reserved 1048576K
Event: 2.197 GC heap after
Heap after GC invocations=4 (full 1):
 PSYoungGen      total 37888K, used 0K [0x00000000d6100000, 0x00000000dab00000, 0x0000000100000000)
  eden space 32768K, 0% used [0x00000000d6100000,0x00000000d6100000,0x00000000d8100000)
  from space 5120K, 0% used [0x00000000d8100000,0x00000000d8100000,0x00000000d8600000)
  to   space 5120K, 0% used [0x00000000da600000,0x00000000da600000,0x00000000dab00000)
 ParOldGen       total 55808K, used 7514K [0x0000000082200000, 0x0000000085880000, 0x00000000d6100000)
  object space 55808K, 13% used [0x0000000082200000,0x0000000082956828,0x0000000085880000)
 Metaspace       used 20194K, capacity 21174K, committed 21296K, reserved 1067008K
  class space    used 2893K, capacity 3132K, committed 3200K, reserved 1048576K
}
Event: 2.830 GC heap before
{Heap before GC invocations=5 (full 1):
 PSYoungGen      total 37888K, used 32768K [0x00000000d6100000, 0x00000000dab00000, 0x0000000100000000)
  eden space 32768K, 100% used [0x00000000d6100000,0x00000000d8100000,0x00000000d8100000)
  from space 5120K, 0% used [0x00000000d8100000,0x00000000d8100000,0x00000000d8600000)
  to   space 5120K, 0% used [0x00000000da600000,0x00000000da600000,0x00000000dab00000)
 ParOldGen       total 55808K, used 7514K [0x0000000082200000, 0x0000000085880000, 0x00000000d6100000)
  object space 55808K, 13% used [0x0000000082200000,0x0000000082956828,0x0000000085880000)
 Metaspace       used 23616K, capacity 25234K, committed 25344K, reserved 1071104K
  class space    used 3440K, capacity 3730K, committed 3840K, reserved 1048576K
Event: 2.849 GC heap after
Heap after GC invocations=5 (full 1):
 PSYoungGen      total 58880K, used 5120K [0x00000000d6100000, 0x00000000dab00000, 0x0000000100000000)
  eden space 53760K, 0% used [0x00000000d6100000,0x00000000d6100000,0x00000000d9580000)
  from space 5120K, 100% used [0x00000000da600000,0x00000000dab00000,0x00000000dab00000)
  to   space 5120K, 0% used [0x00000000da100000,0x00000000da100000,0x00000000da600000)
 ParOldGen       total 55808K, used 8325K [0x0000000082200000, 0x0000000085880000, 0x00000000d6100000)
  object space 55808K, 14% used [0x0000000082200000,0x0000000082a216e8,0x0000000085880000)
 Metaspace       used 23616K, capacity 25234K, committed 25344K, reserved 1071104K
  class space    used 3440K, capacity 3730K, committed 3840K, reserved 1048576K
}
Event: 3.782 GC heap before
{Heap before GC invocations=6 (full 1):
 PSYoungGen      total 58880K, used 58880K [0x00000000d6100000, 0x00000000dab00000, 0x0000000100000000)
  eden space 53760K, 100% used [0x00000000d6100000,0x00000000d9580000,0x00000000d9580000)
  from space 5120K, 100% used [0x00000000da600000,0x00000000dab00000,0x00000000dab00000)
  to   space 5120K, 0% used [0x00000000da100000,0x00000000da100000,0x00000000da600000)
 ParOldGen       total 55808K, used 8325K [0x0000000082200000, 0x0000000085880000, 0x00000000d6100000)
  object space 55808K, 14% used [0x0000000082200000,0x0000000082a216e8,0x0000000085880000)
 Metaspace       used 25253K, capacity 27206K, committed 27392K, reserved 1073152K
  class space    used 3680K, capacity 4018K, committed 4096K, reserved 1048576K
Event: 3.813 GC heap after
Heap after GC invocations=6 (full 1):
 PSYoungGen      total 70656K, used 5120K [0x00000000d6100000, 0x00000000dd800000, 0x0000000100000000)
  eden space 65536K, 0% used [0x00000000d6100000,0x00000000d6100000,0x00000000da100000)
  from space 5120K, 100% used [0x00000000da100000,0x00000000da600000,0x00000000da600000)
  to   space 16896K, 0% used [0x00000000dc780000,0x00000000dc780000,0x00000000dd800000)
 ParOldGen       total 55808K, used 23040K [0x0000000082200000, 0x0000000085880000, 0x00000000d6100000)
  object space 55808K, 41% used [0x0000000082200000,0x00000000838803f8,0x0000000085880000)
 Metaspace       used 25253K, capacity 27206K, committed 27392K, reserved 1073152K
  class space    used 3680K, capacity 4018K, committed 4096K, reserved 1048576K
}

Deoptimization events (10 events):
Event: 3.759 Thread 0x00000000193cd000 Uncommon trap: reason=class_check action=maybe_recompile pc=0x00000000030839d8 method=com.sun.javafx.css.ParsedValueImpl.hashCode()I @ 226
Event: 3.881 Thread 0x00000000193cd000 Uncommon trap: reason=unstable_if action=reinterpret pc=0x00000000032f8df8 method=javafx.scene.Node.impl_isDirtyEmpty()Z @ 4
Event: 4.014 Thread 0x00000000193cd000 Uncommon trap: reason=unstable_if action=reinterpret pc=0x000000000322b7f0 method=javafx.scene.Node.markDirtyLayoutBranch()V @ 16
Event: 4.137 Thread 0x00000000193cd000 Uncommon trap: reason=unstable_if action=reinterpret pc=0x0000000003238bd4 method=javafx.scene.Node.impl_isDirtyEmpty()Z @ 4
Event: 4.433 Thread 0x00000000199fa000 Uncommon trap: reason=unstable_if action=reinterpret pc=0x0000000002d40ddc method=java.lang.CharacterDataLatin1.digit(II)I @ 82
Event: 4.438 Thread 0x00000000199fa000 Uncommon trap: reason=predicate action=maybe_recompile pc=0x0000000002e89f18 method=sun.net.www.ParseUtil.encodePath(Ljava/lang/String;Z)Ljava/lang/String; @ 36
Event: 4.557 Thread 0x00000000193cd000 Uncommon trap: reason=unstable_if action=reinterpret pc=0x000000000349d370 method=javafx.scene.CssStyleHelper.transitionToState(Ljavafx/scene/Node;)V @ 513
Event: 4.563 Thread 0x00000000199fa000 Uncommon trap: reason=unstable_if action=reinterpret pc=0x0000000002d1bd94 method=java.lang.CharacterDataLatin1.digit(II)I @ 82
Event: 4.837 Thread 0x00000000199fa000 Uncommon trap: reason=unstable_if action=reinterpret pc=0x0000000002e53684 method=java.util.Arrays.equals([B[B)Z @ 41
Event: 4.837 Thread 0x00000000199fa000 Uncommon trap: reason=unstable_if action=reinterpret pc=0x0000000002b61e30 method=java.lang.String.indexOf([CII[CIII)I @ 27

Classes redefined (0 events):
No events

Internal exceptions (10 events):
Event: 1.977 Thread 0x00000000193cd000 Exception <a 'sun/nio/fs/WindowsException'> (0x00000000d7a69d40) thrown at [C:\re\workspace\8-2-build-windows-amd64-cygwin\jdk8u181\11358\hotspot\src\share\vm\prims\jni.cpp, line 709]
Event: 1.983 Thread 0x00000000193cd000 Exception <a 'sun/nio/fs/WindowsException'> (0x00000000d7a7d220) thrown at [C:\re\workspace\8-2-build-windows-amd64-cygwin\jdk8u181\11358\hotspot\src\share\vm\prims\jni.cpp, line 709]
Event: 1.984 Thread 0x00000000193cd000 Exception <a 'sun/nio/fs/WindowsException'> (0x00000000d7a7e110) thrown at [C:\re\workspace\8-2-build-windows-amd64-cygwin\jdk8u181\11358\hotspot\src\share\vm\prims\jni.cpp, line 709]
Event: 1.988 Thread 0x00000000193cd000 Exception <a 'sun/nio/fs/WindowsException'> (0x00000000d7a87320) thrown at [C:\re\workspace\8-2-build-windows-amd64-cygwin\jdk8u181\11358\hotspot\src\share\vm\prims\jni.cpp, line 709]
Event: 1.989 Thread 0x00000000193cd000 Exception <a 'sun/nio/fs/WindowsException'> (0x00000000d7a88210) thrown at [C:\re\workspace\8-2-build-windows-amd64-cygwin\jdk8u181\11358\hotspot\src\share\vm\prims\jni.cpp, line 709]
Event: 2.036 Thread 0x000000001945d000 Implicit null exception at 0x0000000002aced75 to 0x0000000002acef8d
Event: 2.086 Thread 0x00000000193cd000 Exception <a 'java/io/FileNotFoundException'> (0x00000000d800a5e8) thrown at [C:\re\workspace\8-2-build-windows-amd64-cygwin\jdk8u181\11358\hotspot\src\share\vm\prims\jni.cpp, line 709]
Event: 2.344 Thread 0x00000000193cd000 Implicit null exception at 0x0000000002ec6731 to 0x0000000002ec6c4d
Event: 2.992 Thread 0x00000000193cd000 Implicit null exception at 0x0000000003194443 to 0x00000000031964dd
Event: 3.035 Thread 0x00000000193cd000 Implicit null exception at 0x0000000002ebbfd6 to 0x0000000002ebc1c2

Events (10 events):
Event: 5.171 loading class sun/net/www/http/KeepAliveEntry
Event: 5.171 loading class sun/net/www/http/KeepAliveEntry done
Event: 5.171 loading class java/util/zip/GZIPInputStream$1
Event: 5.171 loading class java/util/zip/GZIPInputStream$1 done
Event: 5.178 Thread 0x00000000198fd800 Thread added: 0x00000000198fd800
Event: 5.180 Thread 0x00000000198f9000 Thread added: 0x00000000198f9000
Event: 5.181 Thread 0x00000000198fa000 Thread added: 0x00000000198fa000
Event: 5.182 Executing VM operation: RevokeBias
Event: 5.182 Executing VM operation: RevokeBias done
Event: 5.182 Executing VM operation: RevokeBias


Dynamic libraries:
0x00007ff71e550000 - 0x00007ff71e587000 	C:\Program Files\Java\jre1.8.0_181\bin\javaw.exe
0x00007ffbe9aa0000 - 0x00007ffbe9c7b000 	C:\Windows\SYSTEM32\ntdll.dll
0x00007ffbe7340000 - 0x00007ffbe73ee000 	C:\Windows\System32\KERNEL32.DLL
0x00007ffbe6780000 - 0x00007ffbe69ca000 	C:\Windows\System32\KERNELBASE.dll
0x00007ffbe70a0000 - 0x00007ffbe7141000 	C:\Windows\System32\ADVAPI32.dll
0x00007ffbe72a0000 - 0x00007ffbe733d000 	C:\Windows\System32\msvcrt.dll
0x00007ffbe8890000 - 0x00007ffbe88e9000 	C:\Windows\System32\sechost.dll
0x00007ffbe98f0000 - 0x00007ffbe9a15000 	C:\Windows\System32\RPCRT4.dll
0x00007ffbe7150000 - 0x00007ffbe729a000 	C:\Windows\System32\USER32.dll
0x00007ffbe5fc0000 - 0x00007ffbe5fde000 	C:\Windows\System32\win32u.dll
0x00007ffbe8f80000 - 0x00007ffbe8fa7000 	C:\Windows\System32\GDI32.dll
0x00007ffbe69d0000 - 0x00007ffbe6b58000 	C:\Windows\System32\gdi32full.dll
0x00007ffbe66e0000 - 0x00007ffbe677a000 	C:\Windows\System32\msvcp_win.dll
0x00007ffbe6e30000 - 0x00007ffbe6f26000 	C:\Windows\System32\ucrtbase.dll
0x00007ffbd9b60000 - 0x00007ffbd9dc7000 	C:\Windows\WinSxS\amd64_microsoft.windows.common-controls_6595b64144ccf1df_6.0.15063.1155_none_40c7922129a7722b\COMCTL32.dll
0x00007ffbe88f0000 - 0x00007ffbe8be9000 	C:\Windows\System32\combase.dll
0x00007ffbe6f30000 - 0x00007ffbe6f9a000 	C:\Windows\System32\bcryptPrimitives.dll
0x00007ffbe8ea0000 - 0x00007ffbe8ecd000 	C:\Windows\System32\IMM32.DLL
0x00007ffbbcad0000 - 0x00007ffbbcb7f000 	C:\Program Files\McAfee\Endpoint Security\Threat Prevention\Ips\EpMPApi.dll
0x00007ffbe6fa0000 - 0x00007ffbe6ff7000 	C:\Windows\System32\WINTRUST.dll
0x00007ffbe5f80000 - 0x00007ffbe5f91000 	C:\Windows\System32\MSASN1.dll
0x00007ffbe6c10000 - 0x00007ffbe6dd9000 	C:\Windows\System32\CRYPT32.dll
0x000000006ed80000 - 0x000000006ed8c000 	C:\Program Files\McAfee\Endpoint Security\Threat Prevention\Ips\EpMPThe.dll
0x000000006e190000 - 0x000000006e262000 	C:\Program Files\Java\jre1.8.0_181\bin\msvcr100.dll
0x000000006e4d0000 - 0x000000006ed72000 	C:\Program Files\Java\jre1.8.0_181\bin\server\jvm.dll
0x00007ffbe93f0000 - 0x00007ffbe93f8000 	C:\Windows\System32\PSAPI.DLL
0x00007ffbd2610000 - 0x00007ffbd2619000 	C:\Windows\SYSTEM32\WSOCK32.dll
0x00007ffbd57b0000 - 0x00007ffbd57ba000 	C:\Windows\SYSTEM32\VERSION.dll
0x00007ffbe8c00000 - 0x00007ffbe8c6c000 	C:\Windows\System32\WS2_32.dll
0x00007ffbe41f0000 - 0x00007ffbe4213000 	C:\Windows\SYSTEM32\WINMM.dll
0x00007ffbe41c0000 - 0x00007ffbe41eb000 	C:\Windows\SYSTEM32\WINMMBASE.dll
0x00007ffbe6de0000 - 0x00007ffbe6e29000 	C:\Windows\System32\cfgmgr32.dll
0x000000006e4c0000 - 0x000000006e4cf000 	C:\Program Files\Java\jre1.8.0_181\bin\verify.dll
0x000000006e490000 - 0x000000006e4b9000 	C:\Program Files\Java\jre1.8.0_181\bin\java.dll
0x000000006e470000 - 0x000000006e486000 	C:\Program Files\Java\jre1.8.0_181\bin\zip.dll
0x00007ffbe7450000 - 0x00007ffbe8888000 	C:\Windows\System32\SHELL32.dll
0x00007ffbe8ed0000 - 0x00007ffbe8f7a000 	C:\Windows\System32\shcore.dll
0x00007ffbe5fe0000 - 0x00007ffbe66d1000 	C:\Windows\System32\windows.storage.dll
0x00007ffbe9a20000 - 0x00007ffbe9a71000 	C:\Windows\System32\shlwapi.dll
0x00007ffbe5fa0000 - 0x00007ffbe5fb1000 	C:\Windows\System32\kernel.appcore.dll
0x00007ffbe5f30000 - 0x00007ffbe5f7c000 	C:\Windows\System32\powrprof.dll
0x00007ffbe5f10000 - 0x00007ffbe5f25000 	C:\Windows\System32\profapi.dll
0x00000000025d0000 - 0x00000000025d3000 	C:\Program Files\Java\jre1.8.0_181\bin\api-ms-win-core-console-l1-1-0.dll
0x00000000025e0000 - 0x00000000025e3000 	C:\Program Files\Java\jre1.8.0_181\bin\api-ms-win-core-datetime-l1-1-0.dll
0x00000000025f0000 - 0x00000000025f3000 	C:\Program Files\Java\jre1.8.0_181\bin\api-ms-win-core-debug-l1-1-0.dll
0x0000000002600000 - 0x0000000002603000 	C:\Program Files\Java\jre1.8.0_181\bin\api-ms-win-core-errorhandling-l1-1-0.dll
0x0000000002720000 - 0x0000000002724000 	C:\Program Files\Java\jre1.8.0_181\bin\api-ms-win-core-file-l1-1-0.dll
0x0000000002730000 - 0x0000000002733000 	C:\Program Files\Java\jre1.8.0_181\bin\api-ms-win-core-file-l1-2-0.dll
0x0000000002740000 - 0x0000000002743000 	C:\Program Files\Java\jre1.8.0_181\bin\api-ms-win-core-file-l2-1-0.dll
0x0000000002750000 - 0x0000000002753000 	C:\Program Files\Java\jre1.8.0_181\bin\api-ms-win-core-handle-l1-1-0.dll
0x0000000002760000 - 0x0000000002763000 	C:\Program Files\Java\jre1.8.0_181\bin\api-ms-win-core-heap-l1-1-0.dll
0x0000000002770000 - 0x0000000002773000 	C:\Program Files\Java\jre1.8.0_181\bin\api-ms-win-core-interlocked-l1-1-0.dll
0x0000000002780000 - 0x0000000002783000 	C:\Program Files\Java\jre1.8.0_181\bin\api-ms-win-core-libraryloader-l1-1-0.dll
0x0000000002790000 - 0x0000000002793000 	C:\Program Files\Java\jre1.8.0_181\bin\api-ms-win-core-localization-l1-2-0.dll
0x00000000027a0000 - 0x00000000027a3000 	C:\Program Files\Java\jre1.8.0_181\bin\api-ms-win-core-memory-l1-1-0.dll
0x00000000027b0000 - 0x00000000027b3000 	C:\Program Files\Java\jre1.8.0_181\bin\api-ms-win-core-namedpipe-l1-1-0.dll
0x0000000019210000 - 0x0000000019213000 	C:\Program Files\Java\jre1.8.0_181\bin\api-ms-win-core-processenvironment-l1-1-0.dll
0x0000000019220000 - 0x0000000019223000 	C:\Program Files\Java\jre1.8.0_181\bin\api-ms-win-core-processthreads-l1-1-0.dll
0x0000000019230000 - 0x0000000019233000 	C:\Program Files\Java\jre1.8.0_181\bin\api-ms-win-core-processthreads-l1-1-1.dll
0x0000000019240000 - 0x0000000019243000 	C:\Program Files\Java\jre1.8.0_181\bin\api-ms-win-core-profile-l1-1-0.dll
0x0000000019250000 - 0x0000000019253000 	C:\Program Files\Java\jre1.8.0_181\bin\api-ms-win-core-rtlsupport-l1-1-0.dll
0x0000000019260000 - 0x0000000019263000 	C:\Program Files\Java\jre1.8.0_181\bin\api-ms-win-core-string-l1-1-0.dll
0x0000000019270000 - 0x0000000019273000 	C:\Program Files\Java\jre1.8.0_181\bin\api-ms-win-core-synch-l1-1-0.dll
0x0000000019280000 - 0x0000000019283000 	C:\Program Files\Java\jre1.8.0_181\bin\api-ms-win-core-synch-l1-2-0.dll
0x0000000019290000 - 0x0000000019293000 	C:\Program Files\Java\jre1.8.0_181\bin\api-ms-win-core-sysinfo-l1-1-0.dll
0x00000000192a0000 - 0x00000000192a3000 	C:\Program Files\Java\jre1.8.0_181\bin\api-ms-win-core-timezone-l1-1-0.dll
0x00000000192b0000 - 0x00000000192b3000 	C:\Program Files\Java\jre1.8.0_181\bin\api-ms-win-core-util-l1-1-0.dll
0x00000000192c0000 - 0x00000000192c3000 	C:\Program Files\Java\jre1.8.0_181\bin\api-ms-win-crt-conio-l1-1-0.dll
0x00000000192d0000 - 0x00000000192d4000 	C:\Program Files\Java\jre1.8.0_181\bin\api-ms-win-crt-convert-l1-1-0.dll
0x00000000192e0000 - 0x00000000192e3000 	C:\Program Files\Java\jre1.8.0_181\bin\api-ms-win-crt-environment-l1-1-0.dll
0x00000000192f0000 - 0x00000000192f3000 	C:\Program Files\Java\jre1.8.0_181\bin\api-ms-win-crt-filesystem-l1-1-0.dll
0x0000000019300000 - 0x0000000019303000 	C:\Program Files\Java\jre1.8.0_181\bin\api-ms-win-crt-heap-l1-1-0.dll
0x0000000019310000 - 0x0000000019313000 	C:\Program Files\Java\jre1.8.0_181\bin\api-ms-win-crt-locale-l1-1-0.dll
0x0000000019320000 - 0x0000000019325000 	C:\Program Files\Java\jre1.8.0_181\bin\api-ms-win-crt-math-l1-1-0.dll
0x0000000019330000 - 0x0000000019335000 	C:\Program Files\Java\jre1.8.0_181\bin\api-ms-win-crt-multibyte-l1-1-0.dll
0x0000000019340000 - 0x0000000019350000 	C:\Program Files\Java\jre1.8.0_181\bin\api-ms-win-crt-private-l1-1-0.dll
0x0000000019350000 - 0x0000000019353000 	C:\Program Files\Java\jre1.8.0_181\bin\api-ms-win-crt-process-l1-1-0.dll
0x0000000019360000 - 0x0000000019364000 	C:\Program Files\Java\jre1.8.0_181\bin\api-ms-win-crt-runtime-l1-1-0.dll
0x0000000019370000 - 0x0000000019374000 	C:\Program Files\Java\jre1.8.0_181\bin\api-ms-win-crt-stdio-l1-1-0.dll
0x0000000019380000 - 0x0000000019384000 	C:\Program Files\Java\jre1.8.0_181\bin\api-ms-win-crt-string-l1-1-0.dll
0x0000000019390000 - 0x0000000019393000 	C:\Program Files\Java\jre1.8.0_181\bin\api-ms-win-crt-time-l1-1-0.dll
0x00000000193a0000 - 0x00000000193a3000 	C:\Program Files\Java\jre1.8.0_181\bin\api-ms-win-crt-utility-l1-1-0.dll
0x00007ffb741c0000 - 0x00007ffb742b6000 	C:\Program Files\Java\jre1.8.0_181\bin\ucrtbase.dll
0x00007ffbd28d0000 - 0x00007ffbd28e6000 	C:\Program Files\Java\jre1.8.0_181\bin\vcruntime140.dll
0x00007ffb74120000 - 0x00007ffb741bc000 	C:\Program Files\Java\jre1.8.0_181\bin\msvcp140.dll
0x00007ffb740c0000 - 0x00007ffb74111000 	C:\Program Files\Java\jre1.8.0_181\bin\concrt140.dll
0x000000006e160000 - 0x000000006e183000 	C:\Program Files\Java\jre1.8.0_181\bin\prism_d3d.dll
0x00007ffb977b0000 - 0x00007ffb97939000 	C:\Windows\system32\d3d9.dll
0x00007ffbe4160000 - 0x00007ffbe418a000 	C:\Windows\SYSTEM32\dwmapi.dll
0x00007ffbe4410000 - 0x00007ffbe44a5000 	C:\Windows\system32\uxtheme.dll
0x00007ffb94190000 - 0x00007ffb94367000 	C:\Windows\System32\DriverStore\FileRepository\ki127171.inf_amd64_368f8c7337214025\igdumdim64.dll
0x00007ffb91170000 - 0x00007ffb9416d000 	C:\Windows\System32\DriverStore\FileRepository\ki127171.inf_amd64_368f8c7337214025\igd9dxva64.dll
0x00007ffbe95a0000 - 0x00007ffbe96e5000 	C:\Windows\System32\ole32.dll
0x00007ffbe8de0000 - 0x00007ffbe8ea0000 	C:\Windows\System32\OLEAUT32.dll
0x000000006e110000 - 0x000000006e159000 	C:\Program Files\Java\jre1.8.0_181\bin\glass.dll
0x0000000019e50000 - 0x0000000019f58000 	C:\Windows\System32\COMDLG32.dll
0x00007ffbe8c70000 - 0x00007ffbe8dd6000 	C:\Windows\System32\MSCTF.dll
0x00007ffbdd2c0000 - 0x00007ffbdf055000 	C:\Windows\System32\DriverStore\FileRepository\ki127171.inf_amd64_368f8c7337214025\igc64.dll
0x000000006df70000 - 0x000000006df84000 	C:\Program Files\Java\jre1.8.0_181\bin\javafx_font.dll
0x000000006df40000 - 0x000000006df63000 	C:\Program Files\Java\jre1.8.0_181\bin\javafx_iio.dll
0x000000006ae20000 - 0x000000006df3d000 	C:\Program Files\Java\jre1.8.0_181\bin\jfxwebkit.dll
0x00007ffbe5960000 - 0x00007ffbe5977000 	C:\Windows\SYSTEM32\CRYPTSP.dll
0x00007ffbe50a0000 - 0x00007ffbe50d4000 	C:\Windows\system32\rsaenh.dll
0x00007ffbe5ad0000 - 0x00007ffbe5af5000 	C:\Windows\SYSTEM32\bcrypt.dll
0x00007ffbe5980000 - 0x00007ffbe598b000 	C:\Windows\SYSTEM32\CRYPTBASE.dll
0x00007ffbda5a0000 - 0x00007ffbda85f000 	C:\Windows\SYSTEM32\dwrite.dll
0x000000006e450000 - 0x000000006e46a000 	C:\Program Files\Java\jre1.8.0_181\bin\net.dll
0x00007ffbe57c0000 - 0x00007ffbe581c000 	C:\Windows\system32\mswsock.dll
0x000000006e430000 - 0x000000006e441000 	C:\Program Files\Java\jre1.8.0_181\bin\nio.dll
0x000000006e400000 - 0x000000006e424000 	C:\Program Files\Java\jre1.8.0_181\bin\sunec.dll
0x00007ffbe5560000 - 0x00007ffbe5597000 	C:\Windows\SYSTEM32\IPHLPAPI.DLL
0x00007ffbe8bf0000 - 0x00007ffbe8bf8000 	C:\Windows\System32\NSI.dll
0x00007ffbe0e90000 - 0x00007ffbe0ea6000 	C:\Windows\SYSTEM32\dhcpcsvc6.DLL
0x00007ffbe0e70000 - 0x00007ffbe0e8a000 	C:\Windows\SYSTEM32\dhcpcsvc.DLL
0x00007ffbe7000000 - 0x00007ffbe709e000 	C:\Windows\System32\clbcatq.dll
0x00007ffbe1470000 - 0x00007ffbe161c000 	C:\Windows\SYSTEM32\WindowsCodecs.dll
0x00007ffbb9e80000 - 0x00007ffbb9ec7000 	C:\Windows\system32\dataexchange.dll
0x00007ffbe3000000 - 0x00007ffbe32df000 	C:\Windows\system32\d3d11.dll
0x00007ffbe3980000 - 0x00007ffbe3aa3000 	C:\Windows\system32\dcomp.dll
0x00007ffbe4be0000 - 0x00007ffbe4c84000 	C:\Windows\system32\dxgi.dll
0x00007ffbe46f0000 - 0x00007ffbe4860000 	C:\Windows\system32\twinapi.appcore.dll
0x00007ffbaab80000 - 0x00007ffbaabb1000 	C:\Program Files\Common Files\Microsoft Shared\Ink\rtscom.dll
0x00007ffbdc220000 - 0x00007ffbdc2a1000 	C:\Windows\System32\TextInputFramework.dll
0x00007ffbe1090000 - 0x00007ffbe1363000 	C:\Windows\System32\CoreUIComponents.dll
0x00007ffbe3890000 - 0x00007ffbe3974000 	C:\Windows\System32\CoreMessaging.dll
0x00007ffbe4d40000 - 0x00007ffbe4d71000 	C:\Windows\SYSTEM32\ntmarta.dll
0x00007ffbe2490000 - 0x00007ffbe25c9000 	C:\Windows\SYSTEM32\wintypes.dll
0x00007ffbe2aa0000 - 0x00007ffbe2ab5000 	C:\Windows\SYSTEM32\usermgrcli.dll

VM Arguments:
jvm_args: -Dfile.encoding=UTF-8 
java_command: fiscalizacao.Main
java_class_path (initial): C:\Program Files\Java\jre1.8.0_181\lib\resources.jar;C:\Program Files\Java\jre1.8.0_181\lib\rt.jar;C:\Program Files\Java\jre1.8.0_181\lib\jsse.jar;C:\Program Files\Java\jre1.8.0_181\lib\jce.jar;C:\Program Files\Java\jre1.8.0_181\lib\charsets.jar;C:\Program Files\Java\jre1.8.0_181\lib\jfr.jar;C:\Program Files\Java\jre1.8.0_181\lib\ext\access-bridge-64.jar;C:\Program Files\Java\jre1.8.0_181\lib\ext\cldrdata.jar;C:\Program Files\Java\jre1.8.0_181\lib\ext\dnsns.jar;C:\Program Files\Java\jre1.8.0_181\lib\ext\jaccess.jar;C:\Program Files\Java\jre1.8.0_181\lib\ext\jfxrt.jar;C:\Program Files\Java\jre1.8.0_181\lib\ext\localedata.jar;C:\Program Files\Java\jre1.8.0_181\lib\ext\nashorn.jar;C:\Program Files\Java\jre1.8.0_181\lib\ext\sunec.jar;C:\Program Files\Java\jre1.8.0_181\lib\ext\sunjce_provider.jar;C:\Program Files\Java\jre1.8.0_181\lib\ext\sunmscapi.jar;C:\Program Files\Java\jre1.8.0_181\lib\ext\sunpkcs11.jar;C:\Program Files\Java\jre1.8.0_181\lib\ext\zipfs.jar;C:\Users\fabricio.barrozo\git\fiscal\target\classes;C:\Users\fabricio.barrozo\.p2\pool\plugins\org.junit_4.12.0.v201504281640\junit.jar;C:\Users\fabricio.barrozo\.p2\pool\plugins\org.hamcrest.core_1.3.0.v201303031735.jar;C:\Users\fabricio.barrozo\.m2\repository\org\hibernate\hibernate-entitymanager\5.1.0.Final\hibernate-entitymanager-5.1.0.Final.jar;C:\Users\fabricio.barrozo\.m2\repository\org\hibernate\hibernate-core\5.1.0.Final\hibernate-core-5.1.0.Final.jar;C:\Users\fabricio.barrozo\.m2\repository\org\jboss\jandex\2.0.0.Final\jandex-2.0.0.Final.jar;C:\Users\fabricio.barrozo\.m2\repository\com\fasterxml\classmate\1.3.0\classmate-1.3.0.jar;C:\Users\fabricio.barrozo\.m2\repository\org\jboss\logging\jboss-logging\3.3.0.Final\jboss-logging-3.3.0.Final.jar;C:\Users\fabricio.barrozo\.m2\repository\org\javassist\javassist\3.20.0-GA\javassist-3.20.0-GA.jar;C:\Users\fabricio.barrozo\.m2\repository\commons-collections\commons-collections\2.1\commons-collections-2.1.jar;C:\Users\fabricio.barrozo
Launcher Type: SUN_STANDARD

Environment Variables:
PATH=C:/Program Files/Java/jre1.8.0_181/bin/server;C:/Program Files/Java/jre1.8.0_181/bin;C:/Program Files/Java/jre1.8.0_181/lib/amd64;C:\Program Files (x86)\Common Files\Oracle\Java\javapath;C:\ProgramData\Oracle\Java\javapath;C:\Program Files (x86)\Intel\iCLS Client\;C:\Program Files\Intel\iCLS Client\;C:\Windows\system32;C:\Windows;C:\Windows\System32\Wbem;C:\Windows\System32\WindowsPowerShell\v1.0\;C:\Program Files (x86)\Intel\Intel(R) Management Engine Components\DAL;C:\Program Files\Intel\Intel(R) Management Engine Components\DAL;C:\Program Files (x86)\Intel\Intel(R) Management Engine Components\IPT;C:\Program Files\Intel\Intel(R) Management Engine Components\IPT;C:\Program Files\Intel\WiFi\bin\;C:\Program Files\Common Files\Intel\WirelessCommon\;c:\Program Files\Microsoft SQL Server\110\Tools\Binn\;c:\Program Files (x86)\Microsoft SQL Server\110\Tools\Binn\ManagementStudio\;c:\Program Files (x86)\Microsoft SQL Server\110\Tools\Binn\;c:\Program Files (x86)\Microsoft SQL Server\110\DTS\Binn\;C:\Users\fabricio.barrozo\AppData\Local\Microsoft\WindowsApps;;C:\Windows\system32;
USERNAME=fabricio.barrozo
OS=Windows_NT
PROCESSOR_IDENTIFIER=Intel64 Family 6 Model 94 Stepping 3, GenuineIntel



---------------  S Y S T E M  ---------------

OS: Windows 10.0 , 64 bit Build 15063 (10.0.15063.1058)

CPU:total 4 (initial active 4) (4 cores per cpu, 1 threads per core) family 6 model 94 stepping 3, cmov, cx8, fxsr, mmx, sse, sse2, sse3, ssse3, sse4.1, sse4.2, popcnt, avx, avx2, aes, clmul, erms, rtm, 3dnowpref, lzcnt, tsc, tscinvbit, bmi1, bmi2, adx

Memory: 4k page, physical 8249056k(1356168k free), swap 10196704k(37780k free)

vm_info: Java HotSpot(TM) 64-Bit Server VM (25.181-b13) for windows-amd64 JRE (1.8.0_181-b13), built on Jul  7 2018 04:01:33 by "java_re" with MS VC++ 10.0 (VS2010)

time: Mon Oct 08 18:01:15 2018
elapsed time: 5 seconds (0d 0h 0m 5s)

