#
# There is insufficient memory for the Java Runtime Environment to continue.
# Native memory allocation (malloc) failed to allocate 782016 bytes for Chunk::new
# Possible reasons:
#   The system is out of physical RAM or swap space
#   In 32 bit mode, the process size limit was hit
# Possible solutions:
#   Reduce memory load on the system
#   Increase physical memory or swap space
#   Check if swap backing store is full
#   Use 64 bit Java on a 64 bit OS
#   Decrease Java heap size (-Xmx/-Xms)
#   Decrease number of Java threads
#   Decrease Java thread stack sizes (-Xss)
#   Set larger code cache with -XX:ReservedCodeCacheSize=
# This output file may be truncated or incomplete.
#
#  Out of Memory Error (allocation.cpp:390), pid=13224, tid=0x00000000000018c0
#
# JRE version: Java(TM) SE Runtime Environment (8.0_181-b13) (build 1.8.0_181-b13)
# Java VM: Java HotSpot(TM) 64-Bit Server VM (25.181-b13 mixed mode windows-amd64 compressed oops)
# Failed to write core dump. Minidumps are not enabled by default on client versions of Windows
#

---------------  T H R E A D  ---------------

Current thread (0x0000000017b72000):  JavaThread "C2 CompilerThread0" daemon [_thread_in_native, id=6336, stack(0x000000001a610000,0x000000001a710000)]

Stack: [0x000000001a610000,0x000000001a710000]
[error occurred during error reporting (printing stack bounds), id 0xc0000005]

Native frames: (J=compiled Java code, j=interpreted, Vv=VM code, C=native code)


Current CompileTask:
C2:   4661 5605   !   4       javafx.scene.CssStyleHelper::transitionToState (1075 bytes)


---------------  P R O C E S S  ---------------

Java Threads: ( => current thread )
  0x000000002504e000 JavaThread "URL-Loader-20" daemon [_thread_in_native, id=1776, stack(0x0000000030870000,0x0000000030970000)]
  0x000000002504c000 JavaThread "URL-Loader-19" daemon [_thread_blocked, id=10168, stack(0x000000002f7a0000,0x000000002f8a0000)]
  0x000000002504f000 JavaThread "URL-Loader-18" daemon [_thread_blocked, id=15112, stack(0x000000002f6a0000,0x000000002f7a0000)]
  0x0000000025042800 JavaThread "URL-Loader-17" daemon [_thread_blocked, id=11024, stack(0x000000002f5a0000,0x000000002f6a0000)]
  0x0000000025049800 JavaThread "URL-Loader-16" daemon [_thread_blocked, id=11228, stack(0x000000002f4a0000,0x000000002f5a0000)]
  0x0000000025042000 JavaThread "URL-Loader-15" daemon [_thread_blocked, id=10216, stack(0x000000002e680000,0x000000002e780000)]
  0x0000000025048800 JavaThread "URL-Loader-14" daemon [_thread_blocked, id=12660, stack(0x000000002e580000,0x000000002e680000)]
  0x0000000025047000 JavaThread "URL-Loader-13" daemon [_thread_blocked, id=11300, stack(0x000000002de80000,0x000000002df80000)]
  0x0000000025044000 JavaThread "URL-Loader-12" daemon [_thread_blocked, id=12436, stack(0x000000002dd80000,0x000000002de80000)]
  0x0000000025045800 JavaThread "URL-Loader-11" daemon [_thread_blocked, id=13796, stack(0x000000002a700000,0x000000002a800000)]
  0x0000000025045000 JavaThread "URL-Loader-10" daemon [_thread_blocked, id=9656, stack(0x000000002a600000,0x000000002a700000)]
  0x0000000025048000 JavaThread "URL-Loader-9" daemon [_thread_blocked, id=7892, stack(0x000000002a500000,0x000000002a600000)]
  0x0000000025043800 JavaThread "URL-Loader-8" daemon [_thread_blocked, id=5988, stack(0x000000002a400000,0x000000002a500000)]
  0x0000000025046800 JavaThread "URL-Loader-7" daemon [_thread_blocked, id=1392, stack(0x000000002a300000,0x000000002a400000)]
  0x0000000017b79800 JavaThread "URL-Loader-6" daemon [_thread_blocked, id=11104, stack(0x000000002a200000,0x000000002a300000)]
  0x0000000017b78800 JavaThread "URL-Loader-5" daemon [_thread_in_native, id=5160, stack(0x000000002a100000,0x000000002a200000)]
  0x0000000017b77000 JavaThread "Keep-Alive-Timer" daemon [_thread_blocked, id=11996, stack(0x0000000029e00000,0x0000000029f00000)]
  0x0000000017b7c800 JavaThread "URL-Loader-4" daemon [_thread_blocked, id=13336, stack(0x0000000026500000,0x0000000026600000)]
  0x0000000017b7b800 JavaThread "URL-Loader-3" daemon [_thread_blocked, id=11140, stack(0x0000000026400000,0x0000000026500000)]
  0x0000000024463000 JavaThread "URL-Loader-2" daemon [_thread_in_native, id=3340, stack(0x0000000026300000,0x0000000026400000)]
  0x000000001b4f3800 JavaThread "URL-Loader-1" daemon [_thread_blocked, id=14204, stack(0x0000000025d00000,0x0000000025e00000)]
  0x0000000024346800 JavaThread "Disposer" daemon [_thread_blocked, id=9252, stack(0x0000000025c00000,0x0000000025d00000)]
  0x000000001b4f5800 JavaThread "Prism Font Disposer" daemon [_thread_blocked, id=7696, stack(0x0000000024130000,0x0000000024230000)]
  0x000000001ad0e000 JavaThread "Thread-3" daemon [_thread_in_native, id=7148, stack(0x00000000225a0000,0x00000000226a0000)]
  0x000000001ad0c800 JavaThread "JavaFX-Launcher" [_thread_blocked, id=10484, stack(0x00000000226a0000,0x00000000227a0000)]
  0x000000001b0d9000 JavaThread "JavaFX Application Thread" [_thread_in_native, id=11408, stack(0x000000001bcf0000,0x000000001bdf0000)]
  0x000000001b0d8000 JavaThread "Thread-1" daemon [_thread_blocked, id=11148, stack(0x000000001bbf0000,0x000000001bcf0000)]
  0x000000001aceb000 JavaThread "QuantumRenderer-0" daemon [_thread_in_native, id=9752, stack(0x000000001b8c0000,0x000000001b9c0000)]
  0x000000001a945000 JavaThread "Service Thread" daemon [_thread_blocked, id=9260, stack(0x000000001ad10000,0x000000001ae10000)]
  0x0000000017b7b000 JavaThread "C1 CompilerThread2" daemon [_thread_blocked, id=13896, stack(0x000000001a810000,0x000000001a910000)]
  0x0000000017b7a000 JavaThread "C2 CompilerThread1" daemon [_thread_blocked, id=10316, stack(0x000000001a710000,0x000000001a810000)]
=>0x0000000017b72000 JavaThread "C2 CompilerThread0" daemon [_thread_in_native, id=6336, stack(0x000000001a610000,0x000000001a710000)]
  0x0000000017b70800 JavaThread "Attach Listener" daemon [_thread_blocked, id=8412, stack(0x000000001a510000,0x000000001a610000)]
  0x0000000017b6f000 JavaThread "Signal Dispatcher" daemon [_thread_blocked, id=12688, stack(0x000000001a410000,0x000000001a510000)]
  0x000000000309d800 JavaThread "Finalizer" daemon [_thread_blocked, id=12856, stack(0x0000000018dd0000,0x0000000018ed0000)]
  0x0000000003092800 JavaThread "Reference Handler" daemon [_thread_blocked, id=4228, stack(0x0000000018cd0000,0x0000000018dd0000)]
  0x0000000002fa3800 JavaThread "main" [_thread_blocked, id=9684, stack(0x0000000002ea0000,0x0000000002fa0000)]

Other Threads:
  0x0000000017b38000 VMThread [stack: 0x0000000018bd0000,0x0000000018cd0000] [id=4724]
  0x000000001a97e800 WatcherThread [stack: 0x000000001ae10000,0x000000001af10000] [id=11292]

VM state:not at safepoint (normal execution)

VM Mutex/Monitor currently owned by a thread: None

Heap:
 PSYoungGen      total 155136K, used 144567K [0x00000000d6100000, 0x00000000e1000000, 0x0000000100000000)
  eden space 137216K, 95% used [0x00000000d6100000,0x00000000de15c940,0x00000000de700000)
  from space 17920K, 73% used [0x00000000df900000,0x00000000e05d15f0,0x00000000e0a80000)
  to   space 18432K, 0% used [0x00000000de700000,0x00000000de700000,0x00000000df900000)
 ParOldGen       total 56832K, used 22045K [0x0000000082200000, 0x0000000085980000, 0x00000000d6100000)
  object space 56832K, 38% used [0x0000000082200000,0x0000000083787620,0x0000000085980000)
 Metaspace       used 29146K, capacity 31224K, committed 31360K, reserved 1077248K
  class space    used 4038K, capacity 4395K, committed 4480K, reserved 1048576K

Card table byte_map: [0x0000000012460000,0x0000000012850000] byte_map_base: 0x000000001204f000

Marking Bits: (ParMarkBitMap*) 0x00000000653f2d00
 Begin Bits: [0x0000000012ef0000, 0x0000000014e68000)
 End Bits:   [0x0000000014e68000, 0x0000000016de0000)

Polling page: 0x0000000002d40000

CodeCache: size=245760Kb used=15492Kb max_used=16819Kb free=230267Kb
 bounds [0x00000000030a0000, 0x0000000004130000, 0x00000000120a0000]
 total_blobs=5922 nmethods=5116 adapters=717
 compilation: enabled

Compilation events (10 events):
Event: 4.603 Thread 0x0000000017b7b000 5628       1       com.sun.webkit.network.ByteBufferPool::access$100 (5 bytes)
Event: 4.604 Thread 0x0000000017b7b000 nmethod 5628 0x0000000003813b50 code [0x0000000003813ca0, 0x0000000003813d90]
Event: 4.605 Thread 0x0000000017b7b000 5629       3       com.sun.crypto.provider.AESCrypt::expandToSubKey (139 bytes)
Event: 4.605 Thread 0x0000000017b7b000 nmethod 5629 0x00000000034a9150 code [0x00000000034a9300, 0x00000000034a9950]
Event: 4.606 Thread 0x0000000017b7b000 5630       3       java.util.WeakHashMap$HashIterator::<init> (41 bytes)
Event: 4.606 Thread 0x0000000017b7b000 nmethod 5630 0x000000000353cc90 code [0x000000000353ce20, 0x000000000353d308]
Event: 4.609 Thread 0x0000000017b7b000 5631  s    1       java.io.ByteArrayOutputStream::reset (6 bytes)
Event: 4.609 Thread 0x0000000017b7b000 nmethod 5631 0x0000000003481650 code [0x00000000034817a0, 0x0000000003481a10]
Event: 4.613 Thread 0x0000000017b7a000 5632       4       java.lang.String::checkBounds (46 bytes)
Event: 4.613 Thread 0x0000000017b7a000 nmethod 5632 0x00000000038e5050 code [0x00000000038e5180, 0x00000000038e5238]

GC Heap History (10 events):
Event: 1.595 GC heap before
{Heap before GC invocations=5 (full 1):
 PSYoungGen      total 37888K, used 32768K [0x00000000d6100000, 0x00000000dab00000, 0x0000000100000000)
  eden space 32768K, 100% used [0x00000000d6100000,0x00000000d8100000,0x00000000d8100000)
  from space 5120K, 0% used [0x00000000d8100000,0x00000000d8100000,0x00000000d8600000)
  to   space 5120K, 0% used [0x00000000da600000,0x00000000da600000,0x00000000dab00000)
 ParOldGen       total 56832K, used 7427K [0x0000000082200000, 0x0000000085980000, 0x00000000d6100000)
  object space 56832K, 13% used [0x0000000082200000,0x0000000082940df0,0x0000000085980000)
 Metaspace       used 24312K, capacity 25878K, committed 26112K, reserved 1071104K
  class space    used 3517K, capacity 3796K, committed 3840K, reserved 1048576K
Event: 1.603 GC heap after
Heap after GC invocations=5 (full 1):
 PSYoungGen      total 56320K, used 5114K [0x00000000d6100000, 0x00000000dab00000, 0x0000000100000000)
  eden space 51200K, 0% used [0x00000000d6100000,0x00000000d6100000,0x00000000d9300000)
  from space 5120K, 99% used [0x00000000da600000,0x00000000daafeb90,0x00000000dab00000)
  to   space 5120K, 0% used [0x00000000da100000,0x00000000da100000,0x00000000da600000)
 ParOldGen       total 56832K, used 8426K [0x0000000082200000, 0x0000000085980000, 0x00000000d6100000)
  object space 56832K, 14% used [0x0000000082200000,0x0000000082a3ab80,0x0000000085980000)
 Metaspace       used 24312K, capacity 25878K, committed 26112K, reserved 1071104K
  class space    used 3517K, capacity 3796K, committed 3840K, reserved 1048576K
}
Event: 2.435 GC heap before
{Heap before GC invocations=6 (full 1):
 PSYoungGen      total 56320K, used 56314K [0x00000000d6100000, 0x00000000dab00000, 0x0000000100000000)
  eden space 51200K, 100% used [0x00000000d6100000,0x00000000d9300000,0x00000000d9300000)
  from space 5120K, 99% used [0x00000000da600000,0x00000000daafeb90,0x00000000dab00000)
  to   space 5120K, 0% used [0x00000000da100000,0x00000000da100000,0x00000000da600000)
 ParOldGen       total 56832K, used 8426K [0x0000000082200000, 0x0000000085980000, 0x00000000d6100000)
  object space 56832K, 14% used [0x0000000082200000,0x0000000082a3ab80,0x0000000085980000)
 Metaspace       used 26772K, capacity 28732K, committed 28800K, reserved 1073152K
  class space    used 3840K, capacity 4183K, committed 4224K, reserved 1048576K
Event: 2.452 GC heap after
Heap after GC invocations=6 (full 1):
 PSYoungGen      total 70656K, used 5120K [0x00000000d6100000, 0x00000000dcc80000, 0x0000000100000000)
  eden space 65536K, 0% used [0x00000000d6100000,0x00000000d6100000,0x00000000da100000)
  from space 5120K, 100% used [0x00000000da100000,0x00000000da600000,0x00000000da600000)
  to   space 15872K, 0% used [0x00000000dbd00000,0x00000000dbd00000,0x00000000dcc80000)
 ParOldGen       total 56832K, used 22029K [0x0000000082200000, 0x0000000085980000, 0x00000000d6100000)
  object space 56832K, 38% used [0x0000000082200000,0x0000000083783620,0x0000000085980000)
 Metaspace       used 26772K, capacity 28732K, committed 28800K, reserved 1073152K
  class space    used 3840K, capacity 4183K, committed 4224K, reserved 1048576K
}
Event: 3.365 GC heap before
{Heap before GC invocations=7 (full 1):
 PSYoungGen      total 70656K, used 70628K [0x00000000d6100000, 0x00000000dcc80000, 0x0000000100000000)
  eden space 65536K, 99% used [0x00000000d6100000,0x00000000da0f9348,0x00000000da100000)
  from space 5120K, 100% used [0x00000000da100000,0x00000000da600000,0x00000000da600000)
  to   space 15872K, 0% used [0x00000000dbd00000,0x00000000dbd00000,0x00000000dcc80000)
 ParOldGen       total 56832K, used 22029K [0x0000000082200000, 0x0000000085980000, 0x00000000d6100000)
  object space 56832K, 38% used [0x0000000082200000,0x0000000083783620,0x0000000085980000)
 Metaspace       used 28126K, capacity 30118K, committed 30208K, reserved 1075200K
  class space    used 3975K, capacity 4340K, committed 4352K, reserved 1048576K
Event: 3.376 GC heap after
Heap after GC invocations=7 (full 1):
 PSYoungGen      total 92672K, used 13291K [0x00000000d6100000, 0x00000000de180000, 0x0000000100000000)
  eden space 76800K, 0% used [0x00000000d6100000,0x00000000d6100000,0x00000000dac00000)
  from space 15872K, 83% used [0x00000000dbd00000,0x00000000dc9faf00,0x00000000dcc80000)
  to   space 17408K, 0% used [0x00000000dac00000,0x00000000dac00000,0x00000000dbd00000)
 ParOldGen       total 56832K, used 22037K [0x0000000082200000, 0x0000000085980000, 0x00000000d6100000)
  object space 56832K, 38% used [0x0000000082200000,0x0000000083785620,0x0000000085980000)
 Metaspace       used 28126K, capacity 30118K, committed 30208K, reserved 1075200K
  class space    used 3975K, capacity 4340K, committed 4352K, reserved 1048576K
}
Event: 3.391 GC heap before
{Heap before GC invocations=8 (full 1):
 PSYoungGen      total 92672K, used 90071K [0x00000000d6100000, 0x00000000de180000, 0x0000000100000000)
  eden space 76800K, 99% used [0x00000000d6100000,0x00000000dabfae28,0x00000000dac00000)
  from space 15872K, 83% used [0x00000000dbd00000,0x00000000dc9faf00,0x00000000dcc80000)
  to   space 17408K, 0% used [0x00000000dac00000,0x00000000dac00000,0x00000000dbd00000)
 ParOldGen       total 56832K, used 22037K [0x0000000082200000, 0x0000000085980000, 0x00000000d6100000)
  object space 56832K, 38% used [0x0000000082200000,0x0000000083785620,0x0000000085980000)
 Metaspace       used 28134K, capacity 30118K, committed 30208K, reserved 1075200K
  class space    used 3976K, capacity 4340K, committed 4352K, reserved 1048576K
Event: 3.400 GC heap after
Heap after GC invocations=8 (full 1):
 PSYoungGen      total 94208K, used 13119K [0x00000000d6100000, 0x00000000e0a80000, 0x0000000100000000)
  eden space 76800K, 0% used [0x00000000d6100000,0x00000000d6100000,0x00000000dac00000)
  from space 17408K, 75% used [0x00000000dac00000,0x00000000db8cff78,0x00000000dbd00000)
  to   space 17920K, 0% used [0x00000000df900000,0x00000000df900000,0x00000000e0a80000)
 ParOldGen       total 56832K, used 22045K [0x0000000082200000, 0x0000000085980000, 0x00000000d6100000)
  object space 56832K, 38% used [0x0000000082200000,0x0000000083787620,0x0000000085980000)
 Metaspace       used 28134K, capacity 30118K, committed 30208K, reserved 1075200K
  class space    used 3976K, capacity 4340K, committed 4352K, reserved 1048576K
}
Event: 3.419 GC heap before
{Heap before GC invocations=9 (full 1):
 PSYoungGen      total 94208K, used 89803K [0x00000000d6100000, 0x00000000e0a80000, 0x0000000100000000)
  eden space 76800K, 99% used [0x00000000d6100000,0x00000000dabe2f20,0x00000000dac00000)
  from space 17408K, 75% used [0x00000000dac00000,0x00000000db8cff78,0x00000000dbd00000)
  to   space 17920K, 0% used [0x00000000df900000,0x00000000df900000,0x00000000e0a80000)
 ParOldGen       total 56832K, used 22045K [0x0000000082200000, 0x0000000085980000, 0x00000000d6100000)
  object space 56832K, 38% used [0x0000000082200000,0x0000000083787620,0x0000000085980000)
 Metaspace       used 28134K, capacity 30118K, committed 30208K, reserved 1075200K
  class space    used 3976K, capacity 4340K, committed 4352K, reserved 1048576K
Event: 3.428 GC heap after
Heap after GC invocations=9 (full 1):
 PSYoungGen      total 155136K, used 13125K [0x00000000d6100000, 0x00000000e1000000, 0x0000000100000000)
  eden space 137216K, 0% used [0x00000000d6100000,0x00000000d6100000,0x00000000de700000)
  from space 17920K, 73% used [0x00000000df900000,0x00000000e05d15f0,0x00000000e0a80000)
  to   space 18432K, 0% used [0x00000000de700000,0x00000000de700000,0x00000000df900000)
 ParOldGen       total 56832K, used 22045K [0x0000000082200000, 0x0000000085980000, 0x00000000d6100000)
  object space 56832K, 38% used [0x0000000082200000,0x0000000083787620,0x0000000085980000)
 Metaspace       used 28134K, capacity 30118K, committed 30208K, reserved 1075200K
  class space    used 3976K, capacity 4340K, committed 4352K, reserved 1048576K
}

Deoptimization events (10 events):
Event: 3.333 Thread 0x000000001b0d9000 Uncommon trap: reason=unstable_if action=reinterpret pc=0x0000000003e5868c method=java.util.regex.Pattern$Ctype.isSatisfiedBy(I)Z @ 4
Event: 3.361 Thread 0x000000001b0d9000 Uncommon trap: reason=unstable_if action=reinterpret pc=0x0000000003e8b0c0 method=sun.text.normalizer.TrieIterator.checkNullNextTrailIndex()Z @ 4
Event: 3.441 Thread 0x000000001b0d9000 Uncommon trap: reason=unstable_if action=reinterpret pc=0x0000000003e8ea80 method=sun.text.normalizer.TrieIterator.calculateNextSupplementaryElement(Lsun/text/normalizer/RangeValueIterator$Element;)V @ 145
Event: 3.441 Thread 0x000000001b0d9000 Uncommon trap: reason=unstable_if action=reinterpret pc=0x0000000003e9087c method=sun.text.normalizer.TrieIterator.next(Lsun/text/normalizer/RangeValueIterator$Element;)Z @ 6
Event: 3.462 Thread 0x000000001b0d9000 Uncommon trap: reason=unstable_if action=reinterpret pc=0x000000000367ddcc method=java.util.regex.Pattern$Ctype.isSatisfiedBy(I)Z @ 4
Event: 3.481 Thread 0x000000001b0d9000 Uncommon trap: reason=unstable_if action=reinterpret pc=0x0000000003e7896c method=sun.text.normalizer.UnicodeSet.findCodePoint(I)I @ 32
Event: 3.562 Thread 0x0000000025042000 Uncommon trap: reason=unstable_if action=reinterpret pc=0x0000000003ee3adc method=java.net.IDN.toASCIIInternal(Ljava/lang/String;I)Ljava/lang/String; @ 72
Event: 3.591 Thread 0x000000001b0d9000 Uncommon trap: reason=unstable_if action=reinterpret pc=0x0000000003d0dfb0 method=javafx.scene.Node.impl_markDirty(Lcom/sun/javafx/scene/DirtyBits;)V @ 4
Event: 4.057 Thread 0x000000001b0d9000 Uncommon trap: reason=unstable_if action=reinterpret pc=0x0000000003f0151c method=com.sun.javafx.font.CMap.getControlCodeGlyph(IZ)I @ 78
Event: 4.558 Thread 0x000000001b0d9000 Uncommon trap: reason=unstable_if action=reinterpret pc=0x0000000003d69af8 method=com.sun.javafx.css.StyleCache$Key.equals(Ljava/lang/Object;)Z @ 119

Classes redefined (0 events):
No events

Internal exceptions (10 events):
Event: 3.964 Thread 0x000000001b0d9000 Exception <a 'java/lang/ClassNotFoundException': sun/net/www/protocol/about/Handler> (0x00000000db0fafd8) thrown at [C:\re\workspace\8-2-build-windows-amd64-cygwin\jdk8u181\11358\hotspot\src\share\vm\classfile\systemDictionary.cpp, line 210]
Event: 3.967 Thread 0x000000001b0d9000 Exception <a 'java/lang/ClassNotFoundException': sun/net/www/protocol/about/Handler> (0x00000000db100818) thrown at [C:\re\workspace\8-2-build-windows-amd64-cygwin\jdk8u181\11358\hotspot\src\share\vm\classfile\systemDictionary.cpp, line 210]
Event: 3.968 Thread 0x000000001b0d9000 Exception <a 'java/lang/ClassNotFoundException': sun/net/www/protocol/about/Handler> (0x00000000db105fc0) thrown at [C:\re\workspace\8-2-build-windows-amd64-cygwin\jdk8u181\11358\hotspot\src\share\vm\classfile\systemDictionary.cpp, line 210]
Event: 3.970 Thread 0x000000001b0d9000 Exception <a 'java/lang/ClassNotFoundException': sun/net/www/protocol/about/Handler> (0x00000000db10b828) thrown at [C:\re\workspace\8-2-build-windows-amd64-cygwin\jdk8u181\11358\hotspot\src\share\vm\classfile\systemDictionary.cpp, line 210]
Event: 3.977 Thread 0x000000001b0d9000 Exception <a 'java/lang/ClassNotFoundException': sun/net/www/protocol/about/Handler> (0x00000000db1177a0) thrown at [C:\re\workspace\8-2-build-windows-amd64-cygwin\jdk8u181\11358\hotspot\src\share\vm\classfile\systemDictionary.cpp, line 210]
Event: 3.979 Thread 0x000000001b0d9000 Exception <a 'java/lang/ClassNotFoundException': sun/net/www/protocol/about/Handler> (0x00000000db11d008) thrown at [C:\re\workspace\8-2-build-windows-amd64-cygwin\jdk8u181\11358\hotspot\src\share\vm\classfile\systemDictionary.cpp, line 210]
Event: 3.980 Thread 0x000000001b0d9000 Exception <a 'java/lang/ClassNotFoundException': sun/net/www/protocol/about/Handler> (0x00000000db122810) thrown at [C:\re\workspace\8-2-build-windows-amd64-cygwin\jdk8u181\11358\hotspot\src\share\vm\classfile\systemDictionary.cpp, line 210]
Event: 3.982 Thread 0x000000001b0d9000 Exception <a 'java/lang/ClassNotFoundException': sun/net/www/protocol/about/Handler> (0x00000000db128078) thrown at [C:\re\workspace\8-2-build-windows-amd64-cygwin\jdk8u181\11358\hotspot\src\share\vm\classfile\systemDictionary.cpp, line 210]
Event: 3.984 Thread 0x000000001b0d9000 Exception <a 'java/lang/ClassNotFoundException': sun/net/www/protocol/about/Handler> (0x00000000db12d820) thrown at [C:\re\workspace\8-2-build-windows-amd64-cygwin\jdk8u181\11358\hotspot\src\share\vm\classfile\systemDictionary.cpp, line 210]
Event: 3.985 Thread 0x000000001b0d9000 Exception <a 'java/lang/ClassNotFoundException': sun/net/www/protocol/about/Handler> (0x00000000db132fc8) thrown at [C:\re\workspace\8-2-build-windows-amd64-cygwin\jdk8u181\11358\hotspot\src\share\vm\classfile\systemDictionary.cpp, line 210]

Events (10 events):
Event: 4.613 loading class javafx/scene/web/WebEngine
Event: 4.613 loading class javafx/scene/web/WebEngine done
Event: 4.614 loading class controllers/TabNavegadorController$3$1
Event: 4.614 loading class controllers/TabNavegadorController$3$1 done
Event: 4.615 loading class controllers/TabNavegadorController$3$2
Event: 4.615 loading class controllers/TabNavegadorController$3$2 done
Event: 4.616 loading class controllers/TabNavegadorController$3$3
Event: 4.616 loading class controllers/TabNavegadorController$3$3 done
Event: 4.616 loading class controllers/TabNavegadorController$3$4
Event: 4.616 loading class controllers/TabNavegadorController$3$4 done


Dynamic libraries:
0x00007ff684340000 - 0x00007ff684377000 	C:\Program Files\Java\jre1.8.0_181\bin\javaw.exe
0x00007ff937fa0000 - 0x00007ff93817b000 	C:\Windows\SYSTEM32\ntdll.dll
0x00007ff936540000 - 0x00007ff9365ee000 	C:\Windows\System32\KERNEL32.DLL
0x00007ff9344c0000 - 0x00007ff93470a000 	C:\Windows\System32\KERNELBASE.dll
0x00007ff935670000 - 0x00007ff935711000 	C:\Windows\System32\ADVAPI32.dll
0x00007ff935ff0000 - 0x00007ff93608d000 	C:\Windows\System32\msvcrt.dll
0x00007ff9364e0000 - 0x00007ff936539000 	C:\Windows\System32\sechost.dll
0x00007ff936630000 - 0x00007ff936755000 	C:\Windows\System32\RPCRT4.dll
0x00007ff9362d0000 - 0x00007ff93641a000 	C:\Windows\System32\USER32.dll
0x00007ff9351b0000 - 0x00007ff9351ce000 	C:\Windows\System32\win32u.dll
0x00007ff9365f0000 - 0x00007ff936617000 	C:\Windows\System32\GDI32.dll
0x00007ff934eb0000 - 0x00007ff935038000 	C:\Windows\System32\gdi32full.dll
0x00007ff934e10000 - 0x00007ff934eaa000 	C:\Windows\System32\msvcp_win.dll
0x00007ff9353a0000 - 0x00007ff935496000 	C:\Windows\System32\ucrtbase.dll
0x00007ff9276e0000 - 0x00007ff927947000 	C:\Windows\WinSxS\amd64_microsoft.windows.common-controls_6595b64144ccf1df_6.0.15063.1155_none_40c7922129a7722b\COMCTL32.dll
0x00007ff935cf0000 - 0x00007ff935fe9000 	C:\Windows\System32\combase.dll
0x00007ff935140000 - 0x00007ff9351aa000 	C:\Windows\System32\bcryptPrimitives.dll
0x00007ff936090000 - 0x00007ff9360bd000 	C:\Windows\System32\IMM32.DLL
0x00007ff91d1d0000 - 0x00007ff91d27f000 	C:\Program Files\McAfee\Endpoint Security\Threat Prevention\Ips\EpMPApi.dll
0x00007ff9354a0000 - 0x00007ff9354f7000 	C:\Windows\System32\WINTRUST.dll
0x00007ff9344a0000 - 0x00007ff9344b1000 	C:\Windows\System32\MSASN1.dll
0x00007ff9351d0000 - 0x00007ff935399000 	C:\Windows\System32\CRYPT32.dll
0x0000000065480000 - 0x000000006548c000 	C:\Program Files\McAfee\Endpoint Security\Threat Prevention\Ips\EpMPThe.dll
0x0000000064a20000 - 0x0000000064af2000 	C:\Program Files\Java\jre1.8.0_181\bin\msvcr100.dll
0x0000000064bd0000 - 0x0000000065472000 	C:\Program Files\Java\jre1.8.0_181\bin\server\jvm.dll
0x00007ff936620000 - 0x00007ff936628000 	C:\Windows\System32\PSAPI.DLL
0x00007ff921b10000 - 0x00007ff921b19000 	C:\Windows\SYSTEM32\WSOCK32.dll
0x00007ff935c80000 - 0x00007ff935cec000 	C:\Windows\System32\WS2_32.dll
0x00007ff9326f0000 - 0x00007ff932713000 	C:\Windows\SYSTEM32\WINMM.dll
0x00007ff927510000 - 0x00007ff92751a000 	C:\Windows\SYSTEM32\VERSION.dll
0x00007ff9326c0000 - 0x00007ff9326eb000 	C:\Windows\SYSTEM32\WINMMBASE.dll
0x00007ff935040000 - 0x00007ff935089000 	C:\Windows\System32\cfgmgr32.dll
0x0000000064bc0000 - 0x0000000064bcf000 	C:\Program Files\Java\jre1.8.0_181\bin\verify.dll
0x0000000064b90000 - 0x0000000064bb9000 	C:\Program Files\Java\jre1.8.0_181\bin\java.dll
0x0000000064b70000 - 0x0000000064b86000 	C:\Program Files\Java\jre1.8.0_181\bin\zip.dll
0x0000000018fd0000 - 0x000000001a408000 	C:\Windows\System32\SHELL32.dll
0x00007ff935500000 - 0x00007ff9355aa000 	C:\Windows\System32\shcore.dll
0x00007ff934710000 - 0x00007ff934e01000 	C:\Windows\System32\windows.storage.dll
0x00007ff935610000 - 0x00007ff935661000 	C:\Windows\System32\shlwapi.dll
0x00007ff934480000 - 0x00007ff934491000 	C:\Windows\System32\kernel.appcore.dll
0x00007ff934430000 - 0x00007ff93447c000 	C:\Windows\System32\powrprof.dll
0x00007ff934410000 - 0x00007ff934425000 	C:\Windows\System32\profapi.dll
0x0000000002da0000 - 0x0000000002da3000 	C:\Program Files\Java\jre1.8.0_181\bin\api-ms-win-core-console-l1-1-0.dll
0x0000000002db0000 - 0x0000000002db3000 	C:\Program Files\Java\jre1.8.0_181\bin\api-ms-win-core-datetime-l1-1-0.dll
0x0000000002dc0000 - 0x0000000002dc3000 	C:\Program Files\Java\jre1.8.0_181\bin\api-ms-win-core-debug-l1-1-0.dll
0x0000000002dd0000 - 0x0000000002dd3000 	C:\Program Files\Java\jre1.8.0_181\bin\api-ms-win-core-errorhandling-l1-1-0.dll
0x0000000002df0000 - 0x0000000002df4000 	C:\Program Files\Java\jre1.8.0_181\bin\api-ms-win-core-file-l1-1-0.dll
0x0000000002e00000 - 0x0000000002e03000 	C:\Program Files\Java\jre1.8.0_181\bin\api-ms-win-core-file-l1-2-0.dll
0x0000000002e10000 - 0x0000000002e13000 	C:\Program Files\Java\jre1.8.0_181\bin\api-ms-win-core-file-l2-1-0.dll
0x0000000002e20000 - 0x0000000002e23000 	C:\Program Files\Java\jre1.8.0_181\bin\api-ms-win-core-handle-l1-1-0.dll
0x0000000002e40000 - 0x0000000002e43000 	C:\Program Files\Java\jre1.8.0_181\bin\api-ms-win-core-heap-l1-1-0.dll
0x0000000002e50000 - 0x0000000002e53000 	C:\Program Files\Java\jre1.8.0_181\bin\api-ms-win-core-interlocked-l1-1-0.dll
0x0000000002e60000 - 0x0000000002e63000 	C:\Program Files\Java\jre1.8.0_181\bin\api-ms-win-core-libraryloader-l1-1-0.dll
0x0000000002e70000 - 0x0000000002e73000 	C:\Program Files\Java\jre1.8.0_181\bin\api-ms-win-core-localization-l1-2-0.dll
0x0000000002e80000 - 0x0000000002e83000 	C:\Program Files\Java\jre1.8.0_181\bin\api-ms-win-core-memory-l1-1-0.dll
0x000000001af10000 - 0x000000001af13000 	C:\Program Files\Java\jre1.8.0_181\bin\api-ms-win-core-namedpipe-l1-1-0.dll
0x000000001af20000 - 0x000000001af23000 	C:\Program Files\Java\jre1.8.0_181\bin\api-ms-win-core-processenvironment-l1-1-0.dll
0x000000001af30000 - 0x000000001af33000 	C:\Program Files\Java\jre1.8.0_181\bin\api-ms-win-core-processthreads-l1-1-0.dll
0x000000001af40000 - 0x000000001af43000 	C:\Program Files\Java\jre1.8.0_181\bin\api-ms-win-core-processthreads-l1-1-1.dll
0x000000001af50000 - 0x000000001af53000 	C:\Program Files\Java\jre1.8.0_181\bin\api-ms-win-core-profile-l1-1-0.dll
0x000000001af60000 - 0x000000001af63000 	C:\Program Files\Java\jre1.8.0_181\bin\api-ms-win-core-rtlsupport-l1-1-0.dll
0x000000001af70000 - 0x000000001af73000 	C:\Program Files\Java\jre1.8.0_181\bin\api-ms-win-core-string-l1-1-0.dll
0x000000001af80000 - 0x000000001af83000 	C:\Program Files\Java\jre1.8.0_181\bin\api-ms-win-core-synch-l1-1-0.dll
0x000000001af90000 - 0x000000001af93000 	C:\Program Files\Java\jre1.8.0_181\bin\api-ms-win-core-synch-l1-2-0.dll
0x000000001afa0000 - 0x000000001afa3000 	C:\Program Files\Java\jre1.8.0_181\bin\api-ms-win-core-sysinfo-l1-1-0.dll
0x000000001afb0000 - 0x000000001afb3000 	C:\Program Files\Java\jre1.8.0_181\bin\api-ms-win-core-timezone-l1-1-0.dll
0x000000001afc0000 - 0x000000001afc3000 	C:\Program Files\Java\jre1.8.0_181\bin\api-ms-win-core-util-l1-1-0.dll
0x000000001afd0000 - 0x000000001afd3000 	C:\Program Files\Java\jre1.8.0_181\bin\api-ms-win-crt-conio-l1-1-0.dll
0x000000001afe0000 - 0x000000001afe4000 	C:\Program Files\Java\jre1.8.0_181\bin\api-ms-win-crt-convert-l1-1-0.dll
0x000000001aff0000 - 0x000000001aff3000 	C:\Program Files\Java\jre1.8.0_181\bin\api-ms-win-crt-environment-l1-1-0.dll
0x000000001b000000 - 0x000000001b003000 	C:\Program Files\Java\jre1.8.0_181\bin\api-ms-win-crt-filesystem-l1-1-0.dll
0x000000001b010000 - 0x000000001b013000 	C:\Program Files\Java\jre1.8.0_181\bin\api-ms-win-crt-heap-l1-1-0.dll
0x000000001b020000 - 0x000000001b023000 	C:\Program Files\Java\jre1.8.0_181\bin\api-ms-win-crt-locale-l1-1-0.dll
0x000000001b030000 - 0x000000001b035000 	C:\Program Files\Java\jre1.8.0_181\bin\api-ms-win-crt-math-l1-1-0.dll
0x000000001b040000 - 0x000000001b045000 	C:\Program Files\Java\jre1.8.0_181\bin\api-ms-win-crt-multibyte-l1-1-0.dll
0x000000001b050000 - 0x000000001b060000 	C:\Program Files\Java\jre1.8.0_181\bin\api-ms-win-crt-private-l1-1-0.dll
0x000000001b060000 - 0x000000001b063000 	C:\Program Files\Java\jre1.8.0_181\bin\api-ms-win-crt-process-l1-1-0.dll
0x000000001b070000 - 0x000000001b074000 	C:\Program Files\Java\jre1.8.0_181\bin\api-ms-win-crt-runtime-l1-1-0.dll
0x000000001b080000 - 0x000000001b084000 	C:\Program Files\Java\jre1.8.0_181\bin\api-ms-win-crt-stdio-l1-1-0.dll
0x000000001b090000 - 0x000000001b094000 	C:\Program Files\Java\jre1.8.0_181\bin\api-ms-win-crt-string-l1-1-0.dll
0x000000001b0a0000 - 0x000000001b0a3000 	C:\Program Files\Java\jre1.8.0_181\bin\api-ms-win-crt-time-l1-1-0.dll
0x000000001b0b0000 - 0x000000001b0b3000 	C:\Program Files\Java\jre1.8.0_181\bin\api-ms-win-crt-utility-l1-1-0.dll
0x00007ff907430000 - 0x00007ff907526000 	C:\Program Files\Java\jre1.8.0_181\bin\ucrtbase.dll
0x00007ff921d30000 - 0x00007ff921d46000 	C:\Program Files\Java\jre1.8.0_181\bin\vcruntime140.dll
0x00007ff915300000 - 0x00007ff91539c000 	C:\Program Files\Java\jre1.8.0_181\bin\msvcp140.dll
0x00007ff921cd0000 - 0x00007ff921d21000 	C:\Program Files\Java\jre1.8.0_181\bin\concrt140.dll
0x00000000649f0000 - 0x0000000064a13000 	C:\Program Files\Java\jre1.8.0_181\bin\prism_d3d.dll
0x00007ff909e20000 - 0x00007ff909fa9000 	C:\Windows\system32\d3d9.dll
0x00007ff932660000 - 0x00007ff93268a000 	C:\Windows\SYSTEM32\dwmapi.dll
0x00007ff932910000 - 0x00007ff9329a5000 	C:\Windows\system32\uxtheme.dll
0x00007ff904e90000 - 0x00007ff905067000 	C:\Windows\System32\DriverStore\FileRepository\ki127171.inf_amd64_368f8c7337214025\igdumdim64.dll
0x00007ff8e7e70000 - 0x00007ff8eae6d000 	C:\Windows\System32\DriverStore\FileRepository\ki127171.inf_amd64_368f8c7337214025\igd9dxva64.dll
0x00007ff936870000 - 0x00007ff9369b5000 	C:\Windows\System32\ole32.dll
0x00007ff935bc0000 - 0x00007ff935c80000 	C:\Windows\System32\OLEAUT32.dll
0x0000000064970000 - 0x00000000649b9000 	C:\Program Files\Java\jre1.8.0_181\bin\glass.dll
0x00007ff936760000 - 0x00007ff936868000 	C:\Windows\System32\COMDLG32.dll
0x00007ff936150000 - 0x00007ff9362b6000 	C:\Windows\System32\MSCTF.dll
0x00007ff92c010000 - 0x00007ff92dda5000 	C:\Windows\System32\DriverStore\FileRepository\ki127171.inf_amd64_368f8c7337214025\igc64.dll
0x0000000064950000 - 0x0000000064964000 	C:\Program Files\Java\jre1.8.0_181\bin\javafx_font.dll
0x0000000064920000 - 0x0000000064943000 	C:\Program Files\Java\jre1.8.0_181\bin\javafx_iio.dll
0x0000000061800000 - 0x000000006491d000 	C:\Program Files\Java\jre1.8.0_181\bin\jfxwebkit.dll
0x00007ff933e70000 - 0x00007ff933e87000 	C:\Windows\SYSTEM32\CRYPTSP.dll
0x00007ff9335a0000 - 0x00007ff9335d4000 	C:\Windows\system32\rsaenh.dll
0x00007ff933fd0000 - 0x00007ff933ff5000 	C:\Windows\SYSTEM32\bcrypt.dll
0x00007ff933e60000 - 0x00007ff933e6b000 	C:\Windows\SYSTEM32\CRYPTBASE.dll
0x00007ff9089b0000 - 0x00007ff908c6f000 	C:\Windows\SYSTEM32\dwrite.dll
0x0000000064b50000 - 0x0000000064b6a000 	C:\Program Files\Java\jre1.8.0_181\bin\net.dll
0x00007ff933cc0000 - 0x00007ff933d1c000 	C:\Windows\system32\mswsock.dll
0x0000000064b30000 - 0x0000000064b41000 	C:\Program Files\Java\jre1.8.0_181\bin\nio.dll
0x0000000064b00000 - 0x0000000064b24000 	C:\Program Files\Java\jre1.8.0_181\bin\sunec.dll
0x00007ff933a60000 - 0x00007ff933a97000 	C:\Windows\SYSTEM32\IPHLPAPI.DLL
0x00007ff936140000 - 0x00007ff936148000 	C:\Windows\System32\NSI.dll
0x00007ff92af50000 - 0x00007ff92af66000 	C:\Windows\SYSTEM32\dhcpcsvc6.DLL
0x00007ff92af30000 - 0x00007ff92af4a000 	C:\Windows\SYSTEM32\dhcpcsvc.DLL
0x00007ff936440000 - 0x00007ff9364de000 	C:\Windows\System32\clbcatq.dll
0x00007ff92ffb0000 - 0x00007ff93015c000 	C:\Windows\SYSTEM32\WindowsCodecs.dll
0x00007ff91f740000 - 0x00007ff91f787000 	C:\Windows\system32\dataexchange.dll
0x00007ff9320f0000 - 0x00007ff932213000 	C:\Windows\system32\dcomp.dll
0x00007ff931d20000 - 0x00007ff931fff000 	C:\Windows\system32\d3d11.dll
0x00007ff933120000 - 0x00007ff9331c4000 	C:\Windows\system32\dxgi.dll
0x00007ff932bc0000 - 0x00007ff932d30000 	C:\Windows\system32\twinapi.appcore.dll
0x00007ff9186d0000 - 0x00007ff918701000 	C:\Program Files\Common Files\Microsoft Shared\Ink\rtscom.dll
0x00007ff934340000 - 0x00007ff934369000 	C:\Windows\SYSTEM32\USERENV.dll
0x00000000649d0000 - 0x00000000649db000 	C:\Program Files\Java\jre1.8.0_181\bin\sunmscapi.dll
0x00007ff933aa0000 - 0x00007ff933b44000 	C:\Windows\SYSTEM32\DNSAPI.dll
0x00007ff92a980000 - 0x00007ff92a98a000 	C:\Windows\System32\rasadhlp.dll
0x00007ff92b0b0000 - 0x00007ff92b11b000 	C:\Windows\System32\fwpuclnt.dll
0x00000000617e0000 - 0x00000000617f2000 	C:\Program Files\Java\jre1.8.0_181\bin\prism_common.dll

VM Arguments:
jvm_args: -Dfile.encoding=UTF-8 
java_command: fiscalizacao.Main
java_class_path (initial): C:\Program Files\Java\jre1.8.0_181\lib\resources.jar;C:\Program Files\Java\jre1.8.0_181\lib\rt.jar;C:\Program Files\Java\jre1.8.0_181\lib\jsse.jar;C:\Program Files\Java\jre1.8.0_181\lib\jce.jar;C:\Program Files\Java\jre1.8.0_181\lib\charsets.jar;C:\Program Files\Java\jre1.8.0_181\lib\jfr.jar;C:\Program Files\Java\jre1.8.0_181\lib\ext\access-bridge-64.jar;C:\Program Files\Java\jre1.8.0_181\lib\ext\cldrdata.jar;C:\Program Files\Java\jre1.8.0_181\lib\ext\dnsns.jar;C:\Program Files\Java\jre1.8.0_181\lib\ext\jaccess.jar;C:\Program Files\Java\jre1.8.0_181\lib\ext\jfxrt.jar;C:\Program Files\Java\jre1.8.0_181\lib\ext\localedata.jar;C:\Program Files\Java\jre1.8.0_181\lib\ext\nashorn.jar;C:\Program Files\Java\jre1.8.0_181\lib\ext\sunec.jar;C:\Program Files\Java\jre1.8.0_181\lib\ext\sunjce_provider.jar;C:\Program Files\Java\jre1.8.0_181\lib\ext\sunmscapi.jar;C:\Program Files\Java\jre1.8.0_181\lib\ext\sunpkcs11.jar;C:\Program Files\Java\jre1.8.0_181\lib\ext\zipfs.jar;C:\Users\fabricio.barrozo\git\fiscal\target\classes;C:\Users\fabricio.barrozo\.p2\pool\plugins\org.junit_4.12.0.v201504281640\junit.jar;C:\Users\fabricio.barrozo\.p2\pool\plugins\org.hamcrest.core_1.3.0.v201303031735.jar;C:\Users\fabricio.barrozo\.m2\repository\org\hibernate\hibernate-entitymanager\5.1.0.Final\hibernate-entitymanager-5.1.0.Final.jar;C:\Users\fabricio.barrozo\.m2\repository\org\hibernate\hibernate-core\5.1.0.Final\hibernate-core-5.1.0.Final.jar;C:\Users\fabricio.barrozo\.m2\repository\org\jboss\jandex\2.0.0.Final\jandex-2.0.0.Final.jar;C:\Users\fabricio.barrozo\.m2\repository\com\fasterxml\classmate\1.3.0\classmate-1.3.0.jar;C:\Users\fabricio.barrozo\.m2\repository\org\jboss\logging\jboss-logging\3.3.0.Final\jboss-logging-3.3.0.Final.jar;C:\Users\fabricio.barrozo\.m2\repository\org\javassist\javassist\3.20.0-GA\javassist-3.20.0-GA.jar;C:\Users\fabricio.barrozo\.m2\repository\commons-collections\commons-collections\2.1\commons-collections-2.1.jar;C:\Users\fabricio.barrozo
Launcher Type: SUN_STANDARD

Environment Variables:
PATH=C:/Program Files/Java/jre1.8.0_181/bin/server;C:/Program Files/Java/jre1.8.0_181/bin;C:/Program Files/Java/jre1.8.0_181/lib/amd64;C:\Program Files (x86)\Common Files\Oracle\Java\javapath;C:\ProgramData\Oracle\Java\javapath;C:\Program Files (x86)\Intel\iCLS Client\;C:\Program Files\Intel\iCLS Client\;C:\Windows\system32;C:\Windows;C:\Windows\System32\Wbem;C:\Windows\System32\WindowsPowerShell\v1.0\;C:\Program Files (x86)\Intel\Intel(R) Management Engine Components\DAL;C:\Program Files\Intel\Intel(R) Management Engine Components\DAL;C:\Program Files (x86)\Intel\Intel(R) Management Engine Components\IPT;C:\Program Files\Intel\Intel(R) Management Engine Components\IPT;C:\Program Files\Intel\WiFi\bin\;C:\Program Files\Common Files\Intel\WirelessCommon\;c:\Program Files\Microsoft SQL Server\110\Tools\Binn\;c:\Program Files (x86)\Microsoft SQL Server\110\Tools\Binn\ManagementStudio\;c:\Program Files (x86)\Microsoft SQL Server\110\Tools\Binn\;c:\Program Files (x86)\Microsoft SQL Server\110\DTS\Binn\;C:\Users\fabricio.barrozo\AppData\Local\Microsoft\WindowsApps;;C:\Windows\system32;
USERNAME=fabricio.barrozo
OS=Windows_NT
PROCESSOR_IDENTIFIER=Intel64 Family 6 Model 94 Stepping 3, GenuineIntel



---------------  S Y S T E M  ---------------

OS: Windows 10.0 , 64 bit Build 15063 (10.0.15063.1058)

CPU:total 4 (initial active 4) (4 cores per cpu, 1 threads per core) family 6 model 94 stepping 3, cmov, cx8, fxsr, mmx, sse, sse2, sse3, ssse3, sse4.1, sse4.2, popcnt, avx, avx2, aes, clmul, erms, rtm, 3dnowpref, lzcnt, tsc, tscinvbit, bmi1, bmi2, adx

Memory: 4k page, physical 8249056k(577936k free), swap 10196704k(4804k free)

vm_info: Java HotSpot(TM) 64-Bit Server VM (25.181-b13) for windows-amd64 JRE (1.8.0_181-b13), built on Jul  7 2018 04:01:33 by "java_re" with MS VC++ 10.0 (VS2010)

time: Tue Sep 18 13:58:43 2018
elapsed time: 4 seconds (0d 0h 0m 4s)

