#
# There is insufficient memory for the Java Runtime Environment to continue.
# Native memory allocation (malloc) failed to allocate 32744 bytes for ChunkPool::allocate
# Possible reasons:
#   The system is out of physical RAM or swap space
#   In 32 bit mode, the process size limit was hit
# Possible solutions:
#   Reduce memory load on the system
#   Increase physical memory or swap space
#   Check if swap backing store is full
#   Use 64 bit Java on a 64 bit OS
#   Decrease Java heap size (-Xmx/-Xms)
#   Decrease number of Java threads
#   Decrease Java thread stack sizes (-Xss)
#   Set larger code cache with -XX:ReservedCodeCacheSize=
# This output file may be truncated or incomplete.
#
#  Out of Memory Error (allocation.cpp:273), pid=16344, tid=0x0000000000003a04
#
# JRE version: Java(TM) SE Runtime Environment (8.0_181-b13) (build 1.8.0_181-b13)
# Java VM: Java HotSpot(TM) 64-Bit Server VM (25.181-b13 mixed mode windows-amd64 compressed oops)
# Failed to write core dump. Minidumps are not enabled by default on client versions of Windows
#

---------------  T H R E A D  ---------------

Current thread (0x00000000177e3800):  JavaThread "C2 CompilerThread0" daemon [_thread_in_native, id=14852, stack(0x0000000018e30000,0x0000000018f30000)]

Stack: [0x0000000018e30000,0x0000000018f30000]
[error occurred during error reporting (printing stack bounds), id 0xc0000005]

Native frames: (J=compiled Java code, j=interpreted, Vv=VM code, C=native code)


Current CompileTask:
C2:   9370 5201       4       javafx.scene.Node::setScenes (75 bytes)


---------------  P R O C E S S  ---------------

Java Threads: ( => current thread )
  0x00000000684f3000 JavaThread "URL-Loader-20" daemon [_thread_blocked, id=15456, stack(0x0000000074d80000,0x0000000074e80000)]
  0x00000000684f6800 JavaThread "URL-Loader-19" daemon [_thread_blocked, id=15188, stack(0x00000000737b0000,0x00000000738b0000)]
  0x00000000684f9000 JavaThread "URL-Loader-18" daemon [_thread_blocked, id=6460, stack(0x00000000736b0000,0x00000000737b0000)]
  0x00000000684f0000 JavaThread "URL-Loader-17" daemon [_thread_blocked, id=15228, stack(0x00000000735b0000,0x00000000736b0000)]
  0x00000000684ef000 JavaThread "URL-Loader-16" daemon [_thread_blocked, id=10948, stack(0x00000000734b0000,0x00000000735b0000)]
  0x00000000684f1800 JavaThread "URL-Loader-15" daemon [_thread_blocked, id=15816, stack(0x0000000072590000,0x0000000072690000)]
  0x00000000684f5000 JavaThread "URL-Loader-14" daemon [_thread_blocked, id=15812, stack(0x0000000072490000,0x0000000072590000)]
  0x00000000684f6000 JavaThread "URL-Loader-13" daemon [_thread_blocked, id=4680, stack(0x0000000071790000,0x0000000071890000)]
  0x00000000684f0800 JavaThread "URL-Loader-12" daemon [_thread_blocked, id=9584, stack(0x0000000071590000,0x0000000071690000)]
  0x00000000684f4800 JavaThread "URL-Loader-11" daemon [_thread_blocked, id=14912, stack(0x0000000071390000,0x0000000071490000)]
  0x00000000217c5800 JavaThread "URL-Loader-10" daemon [_thread_blocked, id=16180, stack(0x0000000071290000,0x0000000071390000)]
  0x00000000217c4800 JavaThread "URL-Loader-9" daemon [_thread_blocked, id=16208, stack(0x0000000071190000,0x0000000071290000)]
  0x00000000217c3000 JavaThread "URL-Loader-8" daemon [_thread_blocked, id=6320, stack(0x0000000071090000,0x0000000071190000)]
  0x00000000217ca000 JavaThread "URL-Loader-7" daemon [_thread_blocked, id=14708, stack(0x0000000070f90000,0x0000000071090000)]
  0x00000000217c8800 JavaThread "URL-Loader-6" daemon [_thread_blocked, id=15096, stack(0x0000000070e90000,0x0000000070f90000)]
  0x00000000217c9000 JavaThread "URL-Loader-5" daemon [_thread_blocked, id=15400, stack(0x0000000070d90000,0x0000000070e90000)]
  0x00000000217c4000 JavaThread "Keep-Alive-Timer" daemon [_thread_blocked, id=14596, stack(0x000000006e270000,0x000000006e370000)]
  0x00000000217c7800 JavaThread "URL-Loader-4" daemon [_thread_blocked, id=15948, stack(0x0000000065130000,0x0000000065230000)]
  0x00000000217c7000 JavaThread "URL-Loader-3" daemon [_thread_blocked, id=10752, stack(0x0000000065030000,0x0000000065130000)]
  0x00000000217c2800 JavaThread "URL-Loader-2" daemon [_thread_blocked, id=15952, stack(0x0000000064f30000,0x0000000065030000)]
  0x00000000216a8800 JavaThread "URL-Loader-1" daemon [_thread_blocked, id=15740, stack(0x0000000064730000,0x0000000064830000)]
  0x0000000019ecf000 JavaThread "Disposer" daemon [_thread_blocked, id=15224, stack(0x0000000064630000,0x0000000064730000)]
  0x0000000019cd7000 JavaThread "Prism Font Disposer" daemon [_thread_blocked, id=13900, stack(0x0000000063d30000,0x0000000063e30000)]
  0x0000000019925800 JavaThread "Thread-3" daemon [_thread_in_native, id=14776, stack(0x0000000021080000,0x0000000021180000)]
  0x0000000019321000 JavaThread "JavaFX-Launcher" [_thread_blocked, id=14740, stack(0x0000000021180000,0x0000000021280000)]
  0x00000000198bf800 JavaThread "JavaFX Application Thread" [_thread_in_native, id=15636, stack(0x000000001a6e0000,0x000000001a7e0000)]
  0x00000000198b6000 JavaThread "Thread-1" daemon [_thread_blocked, id=15296, stack(0x000000001a5e0000,0x000000001a6e0000)]
  0x00000000192e1000 JavaThread "QuantumRenderer-0" daemon [_thread_blocked, id=9824, stack(0x000000001a0b0000,0x000000001a1b0000)]
  0x0000000018f3e000 JavaThread "Service Thread" daemon [_thread_blocked, id=9948, stack(0x0000000019530000,0x0000000019630000)]
  0x0000000018f35800 JavaThread "C1 CompilerThread2" daemon [_thread_in_native, id=2276, stack(0x0000000019430000,0x0000000019530000)]
  0x0000000018f32800 JavaThread "C2 CompilerThread1" daemon [_thread_blocked, id=1976, stack(0x0000000019330000,0x0000000019430000)]
=>0x00000000177e3800 JavaThread "C2 CompilerThread0" daemon [_thread_in_native, id=14852, stack(0x0000000018e30000,0x0000000018f30000)]
  0x00000000177e2000 JavaThread "Attach Listener" daemon [_thread_blocked, id=16272, stack(0x0000000018d30000,0x0000000018e30000)]
  0x00000000177e1000 JavaThread "Signal Dispatcher" daemon [_thread_blocked, id=15796, stack(0x0000000018c30000,0x0000000018d30000)]
  0x0000000002d0e000 JavaThread "Finalizer" daemon [_thread_blocked, id=15704, stack(0x0000000018a30000,0x0000000018b30000)]
  0x0000000002d04000 JavaThread "Reference Handler" daemon [_thread_blocked, id=15712, stack(0x0000000018930000,0x0000000018a30000)]
  0x0000000002c13800 JavaThread "main" [_thread_blocked, id=15664, stack(0x0000000002a20000,0x0000000002b20000)]

Other Threads:
  0x00000000177a7800 VMThread [stack: 0x0000000018830000,0x0000000018930000] [id=15536]
  0x0000000018f78000 WatcherThread [stack: 0x0000000019630000,0x0000000019730000] [id=14700]

VM state:not at safepoint (normal execution)

VM Mutex/Monitor currently owned by a thread: None

Heap:
 PSYoungGen      total 178688K, used 98582K [0x00000000d6100000, 0x00000000e2600000, 0x0000000100000000)
  eden space 160768K, 54% used [0x00000000d6100000,0x00000000db6d0bd8,0x00000000dfe00000)
  from space 17920K, 59% used [0x00000000e0f00000,0x00000000e1974ef8,0x00000000e2080000)
  to   space 17408K, 0% used [0x00000000dfe00000,0x00000000dfe00000,0x00000000e0f00000)
 ParOldGen       total 55808K, used 24194K [0x0000000082200000, 0x0000000085880000, 0x00000000d6100000)
  object space 55808K, 43% used [0x0000000082200000,0x00000000839a0838,0x0000000085880000)
 Metaspace       used 28836K, capacity 30946K, committed 31104K, reserved 1075200K
  class space    used 4032K, capacity 4392K, committed 4480K, reserved 1048576K

Card table byte_map: [0x00000000120d0000,0x00000000124c0000] byte_map_base: 0x0000000011cbf000

Marking Bits: (ParMarkBitMap*) 0x000000006ecf2d00
 Begin Bits: [0x0000000012b60000, 0x0000000014ad8000)
 End Bits:   [0x0000000014ad8000, 0x0000000016a50000)

Polling page: 0x00000000011b0000

CodeCache: size=245760Kb used=13752Kb max_used=14897Kb free=232007Kb
 bounds [0x0000000002d10000, 0x0000000003bb0000, 0x0000000011d10000]
 total_blobs=5370 nmethods=4572 adapters=709
 compilation: enabled

Compilation events (10 events):
Event: 9.053 Thread 0x0000000018f35800 nmethod 5198 0x0000000002e7add0 code [0x0000000002e7af40, 0x0000000002e7b0c8]
Event: 9.053 Thread 0x0000000018f35800 5199       3       java.lang.AbstractStringBuilder::append (70 bytes)
Event: 9.054 Thread 0x0000000018f35800 nmethod 5199 0x0000000002efb0d0 code [0x0000000002efb2a0, 0x0000000002efb9d8]
Event: 9.054 Thread 0x0000000018f35800 5200       1       sun.util.locale.BaseLocale::getRegion (5 bytes)
Event: 9.054 Thread 0x0000000018f35800 nmethod 5200 0x0000000002efadd0 code [0x0000000002efaf20, 0x0000000002efb030]
Event: 9.067 Thread 0x00000000177e3800 5201       4       javafx.scene.Node::setScenes (75 bytes)
Event: 9.070 Thread 0x0000000018f35800 5202       3       javafx.stage.Window::isShowing (8 bytes)
Event: 9.071 Thread 0x0000000018f35800 nmethod 5202 0x0000000003000490 code [0x0000000003000600, 0x0000000003000968]
Event: 9.073 Thread 0x0000000018f35800 5203       3       com.sun.javafx.sg.prism.NGRegion::renderAsRectangle (31 bytes)
Event: 9.074 Thread 0x0000000018f35800 nmethod 5203 0x0000000002fff790 code [0x0000000002fff960, 0x00000000030001b8]

GC Heap History (10 events):
Event: 2.566 GC heap before
{Heap before GC invocations=5 (full 1):
 PSYoungGen      total 37888K, used 32768K [0x00000000d6100000, 0x00000000dab00000, 0x0000000100000000)
  eden space 32768K, 100% used [0x00000000d6100000,0x00000000d8100000,0x00000000d8100000)
  from space 5120K, 0% used [0x00000000d8100000,0x00000000d8100000,0x00000000d8600000)
  to   space 5120K, 0% used [0x00000000da600000,0x00000000da600000,0x00000000dab00000)
 ParOldGen       total 55808K, used 7440K [0x0000000082200000, 0x0000000085880000, 0x00000000d6100000)
  object space 55808K, 13% used [0x0000000082200000,0x0000000082944218,0x0000000085880000)
 Metaspace       used 23234K, capacity 24806K, committed 24960K, reserved 1071104K
  class space    used 3405K, capacity 3696K, committed 3712K, reserved 1048576K
Event: 2.572 GC heap after
Heap after GC invocations=5 (full 1):
 PSYoungGen      total 57344K, used 5120K [0x00000000d6100000, 0x00000000dab00000, 0x0000000100000000)
  eden space 52224K, 0% used [0x00000000d6100000,0x00000000d6100000,0x00000000d9400000)
  from space 5120K, 100% used [0x00000000da600000,0x00000000dab00000,0x00000000dab00000)
  to   space 5120K, 0% used [0x00000000da100000,0x00000000da100000,0x00000000da600000)
 ParOldGen       total 55808K, used 8505K [0x0000000082200000, 0x0000000085880000, 0x00000000d6100000)
  object space 55808K, 15% used [0x0000000082200000,0x0000000082a4e668,0x0000000085880000)
 Metaspace       used 23234K, capacity 24806K, committed 24960K, reserved 1071104K
  class space    used 3405K, capacity 3696K, committed 3712K, reserved 1048576K
}
Event: 3.548 GC heap before
{Heap before GC invocations=6 (full 1):
 PSYoungGen      total 57344K, used 57344K [0x00000000d6100000, 0x00000000dab00000, 0x0000000100000000)
  eden space 52224K, 100% used [0x00000000d6100000,0x00000000d9400000,0x00000000d9400000)
  from space 5120K, 100% used [0x00000000da600000,0x00000000dab00000,0x00000000dab00000)
  to   space 5120K, 0% used [0x00000000da100000,0x00000000da100000,0x00000000da600000)
 ParOldGen       total 55808K, used 8505K [0x0000000082200000, 0x0000000085880000, 0x00000000d6100000)
  object space 55808K, 15% used [0x0000000082200000,0x0000000082a4e668,0x0000000085880000)
 Metaspace       used 25279K, capacity 27286K, committed 27392K, reserved 1073152K
  class space    used 3683K, capacity 4048K, committed 4096K, reserved 1048576K
Event: 3.683 GC heap after
Heap after GC invocations=6 (full 1):
 PSYoungGen      total 70656K, used 5120K [0x00000000d6100000, 0x00000000dd880000, 0x0000000100000000)
  eden space 65536K, 0% used [0x00000000d6100000,0x00000000d6100000,0x00000000da100000)
  from space 5120K, 100% used [0x00000000da100000,0x00000000da600000,0x00000000da600000)
  to   space 16384K, 0% used [0x00000000dc880000,0x00000000dc880000,0x00000000dd880000)
 ParOldGen       total 55808K, used 22594K [0x0000000082200000, 0x0000000085880000, 0x00000000d6100000)
  object space 55808K, 40% used [0x0000000082200000,0x0000000083810838,0x0000000085880000)
 Metaspace       used 25279K, capacity 27286K, committed 27392K, reserved 1073152K
  class space    used 3683K, capacity 4048K, committed 4096K, reserved 1048576K
}
Event: 5.052 GC heap before
{Heap before GC invocations=7 (full 1):
 PSYoungGen      total 70656K, used 70610K [0x00000000d6100000, 0x00000000dd880000, 0x0000000100000000)
  eden space 65536K, 99% used [0x00000000d6100000,0x00000000da0f48c0,0x00000000da100000)
  from space 5120K, 100% used [0x00000000da100000,0x00000000da600000,0x00000000da600000)
  to   space 16384K, 0% used [0x00000000dc880000,0x00000000dc880000,0x00000000dd880000)
 ParOldGen       total 55808K, used 22594K [0x0000000082200000, 0x0000000085880000, 0x00000000d6100000)
  object space 55808K, 40% used [0x0000000082200000,0x0000000083810838,0x0000000085880000)
 Metaspace       used 28116K, capacity 30120K, committed 30208K, reserved 1075200K
  class space    used 3981K, capacity 4341K, committed 4352K, reserved 1048576K
Event: 5.066 GC heap after
Heap after GC invocations=7 (full 1):
 PSYoungGen      total 104448K, used 13480K [0x00000000d6100000, 0x00000000dee80000, 0x0000000100000000)
  eden space 88064K, 0% used [0x00000000d6100000,0x00000000d6100000,0x00000000db700000)
  from space 16384K, 82% used [0x00000000dc880000,0x00000000dd5aa2a0,0x00000000dd880000)
  to   space 17920K, 0% used [0x00000000db700000,0x00000000db700000,0x00000000dc880000)
 ParOldGen       total 55808K, used 22602K [0x0000000082200000, 0x0000000085880000, 0x00000000d6100000)
  object space 55808K, 40% used [0x0000000082200000,0x0000000083812838,0x0000000085880000)
 Metaspace       used 28116K, capacity 30120K, committed 30208K, reserved 1075200K
  class space    used 3981K, capacity 4341K, committed 4352K, reserved 1048576K
}
Event: 5.109 GC heap before
{Heap before GC invocations=8 (full 1):
 PSYoungGen      total 104448K, used 101444K [0x00000000d6100000, 0x00000000dee80000, 0x0000000100000000)
  eden space 88064K, 99% used [0x00000000d6100000,0x00000000db6e6da0,0x00000000db700000)
  from space 16384K, 82% used [0x00000000dc880000,0x00000000dd5aa2a0,0x00000000dd880000)
  to   space 17920K, 0% used [0x00000000db700000,0x00000000db700000,0x00000000dc880000)
 ParOldGen       total 55808K, used 22602K [0x0000000082200000, 0x0000000085880000, 0x00000000d6100000)
  object space 55808K, 40% used [0x0000000082200000,0x0000000083812838,0x0000000085880000)
 Metaspace       used 28121K, capacity 30120K, committed 30208K, reserved 1075200K
  class space    used 3981K, capacity 4341K, committed 4352K, reserved 1048576K
Event: 5.124 GC heap after
Heap after GC invocations=8 (full 1):
 PSYoungGen      total 105984K, used 12313K [0x00000000d6100000, 0x00000000e2080000, 0x0000000100000000)
  eden space 88064K, 0% used [0x00000000d6100000,0x00000000d6100000,0x00000000db700000)
  from space 17920K, 68% used [0x00000000db700000,0x00000000dc3066b8,0x00000000dc880000)
  to   space 17920K, 0% used [0x00000000e0f00000,0x00000000e0f00000,0x00000000e2080000)
 ParOldGen       total 55808K, used 22602K [0x0000000082200000, 0x0000000085880000, 0x00000000d6100000)
  object space 55808K, 40% used [0x0000000082200000,0x0000000083812838,0x0000000085880000)
 Metaspace       used 28121K, capacity 30120K, committed 30208K, reserved 1075200K
  class space    used 3981K, capacity 4341K, committed 4352K, reserved 1048576K
}
Event: 5.168 GC heap before
{Heap before GC invocations=9 (full 1):
 PSYoungGen      total 105984K, used 100331K [0x00000000d6100000, 0x00000000e2080000, 0x0000000100000000)
  eden space 88064K, 99% used [0x00000000d6100000,0x00000000db6f4810,0x00000000db700000)
  from space 17920K, 68% used [0x00000000db700000,0x00000000dc3066b8,0x00000000dc880000)
  to   space 17920K, 0% used [0x00000000e0f00000,0x00000000e0f00000,0x00000000e2080000)
 ParOldGen       total 55808K, used 22602K [0x0000000082200000, 0x0000000085880000, 0x00000000d6100000)
  object space 55808K, 40% used [0x0000000082200000,0x0000000083812838,0x0000000085880000)
 Metaspace       used 28121K, capacity 30120K, committed 30208K, reserved 1075200K
  class space    used 3981K, capacity 4341K, committed 4352K, reserved 1048576K
Event: 5.200 GC heap after
Heap after GC invocations=9 (full 1):
 PSYoungGen      total 178688K, used 10707K [0x00000000d6100000, 0x00000000e2600000, 0x0000000100000000)
  eden space 160768K, 0% used [0x00000000d6100000,0x00000000d6100000,0x00000000dfe00000)
  from space 17920K, 59% used [0x00000000e0f00000,0x00000000e1974ef8,0x00000000e2080000)
  to   space 17408K, 0% used [0x00000000dfe00000,0x00000000dfe00000,0x00000000e0f00000)
 ParOldGen       total 55808K, used 24194K [0x0000000082200000, 0x0000000085880000, 0x00000000d6100000)
  object space 55808K, 43% used [0x0000000082200000,0x00000000839a0838,0x0000000085880000)
 Metaspace       used 28121K, capacity 30120K, committed 30208K, reserved 1075200K
  class space    used 3981K, capacity 4341K, committed 4352K, reserved 1048576K
}

Deoptimization events (10 events):
Event: 5.029 Thread 0x00000000198bf800 Uncommon trap: reason=bimorphic action=maybe_recompile pc=0x0000000003995f60 method=java.io.DataInputStream.readChar()C @ 4
Event: 5.029 Thread 0x00000000198bf800 Uncommon trap: reason=bimorphic action=maybe_recompile pc=0x0000000003995f60 method=java.io.DataInputStream.readChar()C @ 4
Event: 5.049 Thread 0x00000000198bf800 Uncommon trap: reason=unstable_if action=reinterpret pc=0x0000000003b49530 method=sun.text.normalizer.TrieIterator.checkNullNextTrailIndex()Z @ 4
Event: 5.069 Thread 0x00000000217c5800 Uncommon trap: reason=unstable_if action=reinterpret pc=0x00000000039c888c method=java.io.BufferedInputStream.read1([BII)I @ 29
Event: 5.070 Thread 0x00000000198bf800 Uncommon trap: reason=unstable_if action=reinterpret pc=0x0000000002e42c54 method=sun.text.normalizer.TrieIterator.checkNullNextTrailIndex()Z @ 4
Event: 5.224 Thread 0x00000000198bf800 Uncommon trap: reason=unstable_if action=reinterpret pc=0x0000000003b4c704 method=sun.text.normalizer.TrieIterator.calculateNextSupplementaryElement(Lsun/text/normalizer/RangeValueIterator$Element;)V @ 145
Event: 5.224 Thread 0x00000000198bf800 Uncommon trap: reason=unstable_if action=reinterpret pc=0x0000000002e1e3e0 method=sun.text.normalizer.TrieIterator.next(Lsun/text/normalizer/RangeValueIterator$Element;)Z @ 6
Event: 5.267 Thread 0x00000000198bf800 Uncommon trap: reason=unstable_if action=reinterpret pc=0x0000000003b59af0 method=sun.text.normalizer.UnicodeSet.applyFilter(Lsun/text/normalizer/UnicodeSet$Filter;I)Lsun/text/normalizer/UnicodeSet; @ 27
Event: 5.268 Thread 0x00000000198bf800 Uncommon trap: reason=unstable_if action=reinterpret pc=0x0000000003b4459c method=java.util.regex.Pattern$Ctype.isSatisfiedBy(I)Z @ 4
Event: 5.302 Thread 0x00000000198bf800 Uncommon trap: reason=unstable_if action=reinterpret pc=0x0000000003b475ac method=sun.text.normalizer.UnicodeSet.findCodePoint(I)I @ 32

Classes redefined (0 events):
No events

Internal exceptions (10 events):
Event: 6.458 Thread 0x00000000198bf800 Exception <a 'java/io/FileNotFoundException'> (0x00000000d9c19398) thrown at [C:\re\workspace\8-2-build-windows-amd64-cygwin\jdk8u181\11358\hotspot\src\share\vm\prims\jni.cpp, line 709]
Event: 6.458 Thread 0x00000000198bf800 Exception <a 'java/io/FileNotFoundException'> (0x00000000d9c1a368) thrown at [C:\re\workspace\8-2-build-windows-amd64-cygwin\jdk8u181\11358\hotspot\src\share\vm\prims\jni.cpp, line 709]
Event: 6.705 Thread 0x00000000198bf800 Exception <a 'java/io/FileNotFoundException'> (0x00000000d9c1fb68) thrown at [C:\re\workspace\8-2-build-windows-amd64-cygwin\jdk8u181\11358\hotspot\src\share\vm\prims\jni.cpp, line 709]
Event: 6.705 Thread 0x00000000198bf800 Exception <a 'java/io/FileNotFoundException'> (0x00000000d9c20a98) thrown at [C:\re\workspace\8-2-build-windows-amd64-cygwin\jdk8u181\11358\hotspot\src\share\vm\prims\jni.cpp, line 709]
Event: 8.035 Thread 0x00000000198bf800 Exception <a 'java/io/FileNotFoundException'> (0x00000000d9d1d4c0) thrown at [C:\re\workspace\8-2-build-windows-amd64-cygwin\jdk8u181\11358\hotspot\src\share\vm\prims\jni.cpp, line 709]
Event: 8.035 Thread 0x00000000198bf800 Exception <a 'java/io/FileNotFoundException'> (0x00000000d9d1e600) thrown at [C:\re\workspace\8-2-build-windows-amd64-cygwin\jdk8u181\11358\hotspot\src\share\vm\prims\jni.cpp, line 709]
Event: 8.035 Thread 0x00000000198bf800 Exception <a 'java/io/FileNotFoundException'> (0x00000000d9d1f7d8) thrown at [C:\re\workspace\8-2-build-windows-amd64-cygwin\jdk8u181\11358\hotspot\src\share\vm\prims\jni.cpp, line 709]
Event: 8.035 Thread 0x00000000198bf800 Exception <a 'java/io/FileNotFoundException'> (0x00000000d9d208f0) thrown at [C:\re\workspace\8-2-build-windows-amd64-cygwin\jdk8u181\11358\hotspot\src\share\vm\prims\jni.cpp, line 709]
Event: 8.089 Thread 0x00000000198bf800 Exception <a 'java/lang/ClassNotFoundException': sun/net/www/protocol/about/Handler> (0x00000000d9d4e338) thrown at [C:\re\workspace\8-2-build-windows-amd64-cygwin\jdk8u181\11358\hotspot\src\share\vm\classfile\systemDictionary.cpp, line 210]
Event: 9.064 Thread 0x00000000198bf800 Exception <a 'java/lang/ClassNotFoundException': sun/net/www/protocol/about/Handler> (0x00000000da16d3b8) thrown at [C:\re\workspace\8-2-build-windows-amd64-cygwin\jdk8u181\11358\hotspot\src\share\vm\classfile\systemDictionary.cpp, line 210]

Events (10 events):
Event: 9.064 Executing VM operation: RevokeBias done
Event: 9.064 Executing VM operation: RevokeBias
Event: 9.064 Executing VM operation: RevokeBias done
Event: 9.064 Executing VM operation: BulkRevokeBias
Event: 9.064 Executing VM operation: BulkRevokeBias done
Event: 9.064 loading class sun/net/www/protocol/about/Handler
Event: 9.064 loading class sun/net/www/protocol/about/Handler done
Event: 9.064 loading class sun/net/www/protocol/about/Handler
Event: 9.064 loading class sun/net/www/protocol/about/Handler done
Event: 9.071 Thread 0x0000000018f35800 flushing nmethod 0x0000000002e4c0d0


Dynamic libraries:
0x00007ff71e550000 - 0x00007ff71e587000 	C:\Program Files\Java\jre1.8.0_181\bin\javaw.exe
0x00007ffbe9aa0000 - 0x00007ffbe9c7b000 	C:\Windows\SYSTEM32\ntdll.dll
0x00007ffbe7340000 - 0x00007ffbe73ee000 	C:\Windows\System32\KERNEL32.DLL
0x00007ffbe6780000 - 0x00007ffbe69ca000 	C:\Windows\System32\KERNELBASE.dll
0x00007ffbe70a0000 - 0x00007ffbe7141000 	C:\Windows\System32\ADVAPI32.dll
0x00007ffbe72a0000 - 0x00007ffbe733d000 	C:\Windows\System32\msvcrt.dll
0x00007ffbe8890000 - 0x00007ffbe88e9000 	C:\Windows\System32\sechost.dll
0x00007ffbe98f0000 - 0x00007ffbe9a15000 	C:\Windows\System32\RPCRT4.dll
0x00007ffbe7150000 - 0x00007ffbe729a000 	C:\Windows\System32\USER32.dll
0x00007ffbe5fc0000 - 0x00007ffbe5fde000 	C:\Windows\System32\win32u.dll
0x00007ffbe8f80000 - 0x00007ffbe8fa7000 	C:\Windows\System32\GDI32.dll
0x00007ffbe69d0000 - 0x00007ffbe6b58000 	C:\Windows\System32\gdi32full.dll
0x00007ffbe66e0000 - 0x00007ffbe677a000 	C:\Windows\System32\msvcp_win.dll
0x00007ffbe6e30000 - 0x00007ffbe6f26000 	C:\Windows\System32\ucrtbase.dll
0x00007ffbd9b60000 - 0x00007ffbd9dc7000 	C:\Windows\WinSxS\amd64_microsoft.windows.common-controls_6595b64144ccf1df_6.0.15063.1155_none_40c7922129a7722b\COMCTL32.dll
0x00007ffbe88f0000 - 0x00007ffbe8be9000 	C:\Windows\System32\combase.dll
0x00007ffbe6f30000 - 0x00007ffbe6f9a000 	C:\Windows\System32\bcryptPrimitives.dll
0x00007ffbe8ea0000 - 0x00007ffbe8ecd000 	C:\Windows\System32\IMM32.DLL
0x00007ffbbcad0000 - 0x00007ffbbcb7f000 	C:\Program Files\McAfee\Endpoint Security\Threat Prevention\Ips\EpMPApi.dll
0x00007ffbe6fa0000 - 0x00007ffbe6ff7000 	C:\Windows\System32\WINTRUST.dll
0x00007ffbe5f80000 - 0x00007ffbe5f91000 	C:\Windows\System32\MSASN1.dll
0x00007ffbe6c10000 - 0x00007ffbe6dd9000 	C:\Windows\System32\CRYPT32.dll
0x000000006ed80000 - 0x000000006ed8c000 	C:\Program Files\McAfee\Endpoint Security\Threat Prevention\Ips\EpMPThe.dll
0x000000006e190000 - 0x000000006e262000 	C:\Program Files\Java\jre1.8.0_181\bin\msvcr100.dll
0x000000006e4d0000 - 0x000000006ed72000 	C:\Program Files\Java\jre1.8.0_181\bin\server\jvm.dll
0x00007ffbe93f0000 - 0x00007ffbe93f8000 	C:\Windows\System32\PSAPI.DLL
0x00007ffbd2610000 - 0x00007ffbd2619000 	C:\Windows\SYSTEM32\WSOCK32.dll
0x00007ffbe8c00000 - 0x00007ffbe8c6c000 	C:\Windows\System32\WS2_32.dll
0x00007ffbe41f0000 - 0x00007ffbe4213000 	C:\Windows\SYSTEM32\WINMM.dll
0x00007ffbd57b0000 - 0x00007ffbd57ba000 	C:\Windows\SYSTEM32\VERSION.dll
0x00007ffbe41c0000 - 0x00007ffbe41eb000 	C:\Windows\SYSTEM32\WINMMBASE.dll
0x00007ffbe6de0000 - 0x00007ffbe6e29000 	C:\Windows\System32\cfgmgr32.dll
0x000000006e4c0000 - 0x000000006e4cf000 	C:\Program Files\Java\jre1.8.0_181\bin\verify.dll
0x000000006e490000 - 0x000000006e4b9000 	C:\Program Files\Java\jre1.8.0_181\bin\java.dll
0x000000006e470000 - 0x000000006e486000 	C:\Program Files\Java\jre1.8.0_181\bin\zip.dll
0x00007ffbe7450000 - 0x00007ffbe8888000 	C:\Windows\System32\SHELL32.dll
0x00007ffbe8ed0000 - 0x00007ffbe8f7a000 	C:\Windows\System32\shcore.dll
0x00007ffbe5fe0000 - 0x00007ffbe66d1000 	C:\Windows\System32\windows.storage.dll
0x00007ffbe9a20000 - 0x00007ffbe9a71000 	C:\Windows\System32\shlwapi.dll
0x00007ffbe5fa0000 - 0x00007ffbe5fb1000 	C:\Windows\System32\kernel.appcore.dll
0x00007ffbe5f30000 - 0x00007ffbe5f7c000 	C:\Windows\System32\powrprof.dll
0x00007ffbe5f10000 - 0x00007ffbe5f25000 	C:\Windows\System32\profapi.dll
0x0000000001240000 - 0x0000000001243000 	C:\Program Files\Java\jre1.8.0_181\bin\api-ms-win-core-console-l1-1-0.dll
0x0000000001250000 - 0x0000000001253000 	C:\Program Files\Java\jre1.8.0_181\bin\api-ms-win-core-datetime-l1-1-0.dll
0x0000000001260000 - 0x0000000001263000 	C:\Program Files\Java\jre1.8.0_181\bin\api-ms-win-core-debug-l1-1-0.dll
0x0000000002b20000 - 0x0000000002b23000 	C:\Program Files\Java\jre1.8.0_181\bin\api-ms-win-core-errorhandling-l1-1-0.dll
0x0000000002b30000 - 0x0000000002b34000 	C:\Program Files\Java\jre1.8.0_181\bin\api-ms-win-core-file-l1-1-0.dll
0x0000000002b40000 - 0x0000000002b43000 	C:\Program Files\Java\jre1.8.0_181\bin\api-ms-win-core-file-l1-2-0.dll
0x0000000002b50000 - 0x0000000002b53000 	C:\Program Files\Java\jre1.8.0_181\bin\api-ms-win-core-file-l2-1-0.dll
0x0000000002b60000 - 0x0000000002b63000 	C:\Program Files\Java\jre1.8.0_181\bin\api-ms-win-core-handle-l1-1-0.dll
0x0000000002b70000 - 0x0000000002b73000 	C:\Program Files\Java\jre1.8.0_181\bin\api-ms-win-core-heap-l1-1-0.dll
0x0000000002b80000 - 0x0000000002b83000 	C:\Program Files\Java\jre1.8.0_181\bin\api-ms-win-core-interlocked-l1-1-0.dll
0x0000000002ba0000 - 0x0000000002ba3000 	C:\Program Files\Java\jre1.8.0_181\bin\api-ms-win-core-libraryloader-l1-1-0.dll
0x0000000002bb0000 - 0x0000000002bb3000 	C:\Program Files\Java\jre1.8.0_181\bin\api-ms-win-core-localization-l1-2-0.dll
0x0000000002bc0000 - 0x0000000002bc3000 	C:\Program Files\Java\jre1.8.0_181\bin\api-ms-win-core-memory-l1-1-0.dll
0x0000000002bd0000 - 0x0000000002bd3000 	C:\Program Files\Java\jre1.8.0_181\bin\api-ms-win-core-namedpipe-l1-1-0.dll
0x0000000002be0000 - 0x0000000002be3000 	C:\Program Files\Java\jre1.8.0_181\bin\api-ms-win-core-processenvironment-l1-1-0.dll
0x0000000002bf0000 - 0x0000000002bf3000 	C:\Program Files\Java\jre1.8.0_181\bin\api-ms-win-core-processthreads-l1-1-0.dll
0x0000000019730000 - 0x0000000019733000 	C:\Program Files\Java\jre1.8.0_181\bin\api-ms-win-core-processthreads-l1-1-1.dll
0x0000000019740000 - 0x0000000019743000 	C:\Program Files\Java\jre1.8.0_181\bin\api-ms-win-core-profile-l1-1-0.dll
0x0000000019750000 - 0x0000000019753000 	C:\Program Files\Java\jre1.8.0_181\bin\api-ms-win-core-rtlsupport-l1-1-0.dll
0x0000000019760000 - 0x0000000019763000 	C:\Program Files\Java\jre1.8.0_181\bin\api-ms-win-core-string-l1-1-0.dll
0x0000000019770000 - 0x0000000019773000 	C:\Program Files\Java\jre1.8.0_181\bin\api-ms-win-core-synch-l1-1-0.dll
0x0000000019780000 - 0x0000000019783000 	C:\Program Files\Java\jre1.8.0_181\bin\api-ms-win-core-synch-l1-2-0.dll
0x0000000019790000 - 0x0000000019793000 	C:\Program Files\Java\jre1.8.0_181\bin\api-ms-win-core-sysinfo-l1-1-0.dll
0x00000000197a0000 - 0x00000000197a3000 	C:\Program Files\Java\jre1.8.0_181\bin\api-ms-win-core-timezone-l1-1-0.dll
0x00000000197b0000 - 0x00000000197b3000 	C:\Program Files\Java\jre1.8.0_181\bin\api-ms-win-core-util-l1-1-0.dll
0x00000000197c0000 - 0x00000000197c3000 	C:\Program Files\Java\jre1.8.0_181\bin\api-ms-win-crt-conio-l1-1-0.dll
0x00000000197d0000 - 0x00000000197d4000 	C:\Program Files\Java\jre1.8.0_181\bin\api-ms-win-crt-convert-l1-1-0.dll
0x00000000197e0000 - 0x00000000197e3000 	C:\Program Files\Java\jre1.8.0_181\bin\api-ms-win-crt-environment-l1-1-0.dll
0x00000000197f0000 - 0x00000000197f3000 	C:\Program Files\Java\jre1.8.0_181\bin\api-ms-win-crt-filesystem-l1-1-0.dll
0x0000000019800000 - 0x0000000019803000 	C:\Program Files\Java\jre1.8.0_181\bin\api-ms-win-crt-heap-l1-1-0.dll
0x0000000019810000 - 0x0000000019813000 	C:\Program Files\Java\jre1.8.0_181\bin\api-ms-win-crt-locale-l1-1-0.dll
0x0000000019820000 - 0x0000000019825000 	C:\Program Files\Java\jre1.8.0_181\bin\api-ms-win-crt-math-l1-1-0.dll
0x0000000019830000 - 0x0000000019835000 	C:\Program Files\Java\jre1.8.0_181\bin\api-ms-win-crt-multibyte-l1-1-0.dll
0x0000000019840000 - 0x0000000019850000 	C:\Program Files\Java\jre1.8.0_181\bin\api-ms-win-crt-private-l1-1-0.dll
0x0000000019850000 - 0x0000000019853000 	C:\Program Files\Java\jre1.8.0_181\bin\api-ms-win-crt-process-l1-1-0.dll
0x0000000019860000 - 0x0000000019864000 	C:\Program Files\Java\jre1.8.0_181\bin\api-ms-win-crt-runtime-l1-1-0.dll
0x0000000019870000 - 0x0000000019874000 	C:\Program Files\Java\jre1.8.0_181\bin\api-ms-win-crt-stdio-l1-1-0.dll
0x0000000019880000 - 0x0000000019884000 	C:\Program Files\Java\jre1.8.0_181\bin\api-ms-win-crt-string-l1-1-0.dll
0x0000000019890000 - 0x0000000019893000 	C:\Program Files\Java\jre1.8.0_181\bin\api-ms-win-crt-time-l1-1-0.dll
0x00000000198a0000 - 0x00000000198a3000 	C:\Program Files\Java\jre1.8.0_181\bin\api-ms-win-crt-utility-l1-1-0.dll
0x00007ffb741c0000 - 0x00007ffb742b6000 	C:\Program Files\Java\jre1.8.0_181\bin\ucrtbase.dll
0x00007ffbd28d0000 - 0x00007ffbd28e6000 	C:\Program Files\Java\jre1.8.0_181\bin\vcruntime140.dll
0x00007ffb74120000 - 0x00007ffb741bc000 	C:\Program Files\Java\jre1.8.0_181\bin\msvcp140.dll
0x00007ffb740c0000 - 0x00007ffb74111000 	C:\Program Files\Java\jre1.8.0_181\bin\concrt140.dll
0x000000006e160000 - 0x000000006e183000 	C:\Program Files\Java\jre1.8.0_181\bin\prism_d3d.dll
0x00007ffb977b0000 - 0x00007ffb97939000 	C:\Windows\system32\d3d9.dll
0x00007ffbe4160000 - 0x00007ffbe418a000 	C:\Windows\SYSTEM32\dwmapi.dll
0x00007ffbe4410000 - 0x00007ffbe44a5000 	C:\Windows\system32\uxtheme.dll
0x00007ffb94190000 - 0x00007ffb94367000 	C:\Windows\System32\DriverStore\FileRepository\ki127171.inf_amd64_368f8c7337214025\igdumdim64.dll
0x00007ffb91170000 - 0x00007ffb9416d000 	C:\Windows\System32\DriverStore\FileRepository\ki127171.inf_amd64_368f8c7337214025\igd9dxva64.dll
0x00007ffbe95a0000 - 0x00007ffbe96e5000 	C:\Windows\System32\ole32.dll
0x00007ffbe8de0000 - 0x00007ffbe8ea0000 	C:\Windows\System32\OLEAUT32.dll
0x000000006e110000 - 0x000000006e159000 	C:\Program Files\Java\jre1.8.0_181\bin\glass.dll
0x000000001a410000 - 0x000000001a518000 	C:\Windows\System32\COMDLG32.dll
0x00007ffbe8c70000 - 0x00007ffbe8dd6000 	C:\Windows\System32\MSCTF.dll
0x00007ffbdd2c0000 - 0x00007ffbdf055000 	C:\Windows\System32\DriverStore\FileRepository\ki127171.inf_amd64_368f8c7337214025\igc64.dll
0x000000006df70000 - 0x000000006df84000 	C:\Program Files\Java\jre1.8.0_181\bin\javafx_font.dll
0x000000006df40000 - 0x000000006df63000 	C:\Program Files\Java\jre1.8.0_181\bin\javafx_iio.dll
0x000000006ae20000 - 0x000000006df3d000 	C:\Program Files\Java\jre1.8.0_181\bin\jfxwebkit.dll
0x00007ffbe5960000 - 0x00007ffbe5977000 	C:\Windows\SYSTEM32\CRYPTSP.dll
0x00007ffbe50a0000 - 0x00007ffbe50d4000 	C:\Windows\system32\rsaenh.dll
0x00007ffbe5ad0000 - 0x00007ffbe5af5000 	C:\Windows\SYSTEM32\bcrypt.dll
0x00007ffbe5980000 - 0x00007ffbe598b000 	C:\Windows\SYSTEM32\CRYPTBASE.dll
0x00007ffbda5a0000 - 0x00007ffbda85f000 	C:\Windows\SYSTEM32\dwrite.dll
0x000000006e450000 - 0x000000006e46a000 	C:\Program Files\Java\jre1.8.0_181\bin\net.dll
0x00007ffbe57c0000 - 0x00007ffbe581c000 	C:\Windows\system32\mswsock.dll
0x000000006e430000 - 0x000000006e441000 	C:\Program Files\Java\jre1.8.0_181\bin\nio.dll
0x000000006e400000 - 0x000000006e424000 	C:\Program Files\Java\jre1.8.0_181\bin\sunec.dll
0x00007ffbe5560000 - 0x00007ffbe5597000 	C:\Windows\SYSTEM32\IPHLPAPI.DLL
0x00007ffbe8bf0000 - 0x00007ffbe8bf8000 	C:\Windows\System32\NSI.dll
0x00007ffbe0e90000 - 0x00007ffbe0ea6000 	C:\Windows\SYSTEM32\dhcpcsvc6.DLL
0x00007ffbe0e70000 - 0x00007ffbe0e8a000 	C:\Windows\SYSTEM32\dhcpcsvc.DLL
0x00007ffbe7000000 - 0x00007ffbe709e000 	C:\Windows\System32\clbcatq.dll
0x00007ffbe1470000 - 0x00007ffbe161c000 	C:\Windows\SYSTEM32\WindowsCodecs.dll
0x00007ffbb9e80000 - 0x00007ffbb9ec7000 	C:\Windows\system32\dataexchange.dll
0x00007ffbe3000000 - 0x00007ffbe32df000 	C:\Windows\system32\d3d11.dll
0x00007ffbe3980000 - 0x00007ffbe3aa3000 	C:\Windows\system32\dcomp.dll
0x00007ffbe4be0000 - 0x00007ffbe4c84000 	C:\Windows\system32\dxgi.dll
0x00007ffbe46f0000 - 0x00007ffbe4860000 	C:\Windows\system32\twinapi.appcore.dll
0x00007ffbaab80000 - 0x00007ffbaabb1000 	C:\Program Files\Common Files\Microsoft Shared\Ink\rtscom.dll
0x00007ffbdc220000 - 0x00007ffbdc2a1000 	C:\Windows\System32\TextInputFramework.dll
0x00007ffbe1090000 - 0x00007ffbe1363000 	C:\Windows\System32\CoreUIComponents.dll
0x00007ffbe3890000 - 0x00007ffbe3974000 	C:\Windows\System32\CoreMessaging.dll
0x00007ffbe4d40000 - 0x00007ffbe4d71000 	C:\Windows\SYSTEM32\ntmarta.dll
0x00007ffbe2490000 - 0x00007ffbe25c9000 	C:\Windows\SYSTEM32\wintypes.dll
0x00007ffbe2aa0000 - 0x00007ffbe2ab5000 	C:\Windows\SYSTEM32\usermgrcli.dll

VM Arguments:
jvm_args: -Dfile.encoding=UTF-8 
java_command: fiscalizacao.Main
java_class_path (initial): C:\Program Files\Java\jre1.8.0_181\lib\resources.jar;C:\Program Files\Java\jre1.8.0_181\lib\rt.jar;C:\Program Files\Java\jre1.8.0_181\lib\jsse.jar;C:\Program Files\Java\jre1.8.0_181\lib\jce.jar;C:\Program Files\Java\jre1.8.0_181\lib\charsets.jar;C:\Program Files\Java\jre1.8.0_181\lib\jfr.jar;C:\Program Files\Java\jre1.8.0_181\lib\ext\access-bridge-64.jar;C:\Program Files\Java\jre1.8.0_181\lib\ext\cldrdata.jar;C:\Program Files\Java\jre1.8.0_181\lib\ext\dnsns.jar;C:\Program Files\Java\jre1.8.0_181\lib\ext\jaccess.jar;C:\Program Files\Java\jre1.8.0_181\lib\ext\jfxrt.jar;C:\Program Files\Java\jre1.8.0_181\lib\ext\localedata.jar;C:\Program Files\Java\jre1.8.0_181\lib\ext\nashorn.jar;C:\Program Files\Java\jre1.8.0_181\lib\ext\sunec.jar;C:\Program Files\Java\jre1.8.0_181\lib\ext\sunjce_provider.jar;C:\Program Files\Java\jre1.8.0_181\lib\ext\sunmscapi.jar;C:\Program Files\Java\jre1.8.0_181\lib\ext\sunpkcs11.jar;C:\Program Files\Java\jre1.8.0_181\lib\ext\zipfs.jar;C:\Users\fabricio.barrozo\git\fiscal\target\classes;C:\Users\fabricio.barrozo\.p2\pool\plugins\org.junit_4.12.0.v201504281640\junit.jar;C:\Users\fabricio.barrozo\.p2\pool\plugins\org.hamcrest.core_1.3.0.v201303031735.jar;C:\Users\fabricio.barrozo\.m2\repository\org\hibernate\hibernate-entitymanager\5.1.0.Final\hibernate-entitymanager-5.1.0.Final.jar;C:\Users\fabricio.barrozo\.m2\repository\org\hibernate\hibernate-core\5.1.0.Final\hibernate-core-5.1.0.Final.jar;C:\Users\fabricio.barrozo\.m2\repository\org\jboss\jandex\2.0.0.Final\jandex-2.0.0.Final.jar;C:\Users\fabricio.barrozo\.m2\repository\com\fasterxml\classmate\1.3.0\classmate-1.3.0.jar;C:\Users\fabricio.barrozo\.m2\repository\org\jboss\logging\jboss-logging\3.3.0.Final\jboss-logging-3.3.0.Final.jar;C:\Users\fabricio.barrozo\.m2\repository\org\javassist\javassist\3.20.0-GA\javassist-3.20.0-GA.jar;C:\Users\fabricio.barrozo\.m2\repository\commons-collections\commons-collections\2.1\commons-collections-2.1.jar;C:\Users\fabricio.barrozo
Launcher Type: SUN_STANDARD

Environment Variables:
PATH=C:/Program Files/Java/jre1.8.0_181/bin/server;C:/Program Files/Java/jre1.8.0_181/bin;C:/Program Files/Java/jre1.8.0_181/lib/amd64;C:\Program Files (x86)\Common Files\Oracle\Java\javapath;C:\ProgramData\Oracle\Java\javapath;C:\Program Files (x86)\Intel\iCLS Client\;C:\Program Files\Intel\iCLS Client\;C:\Windows\system32;C:\Windows;C:\Windows\System32\Wbem;C:\Windows\System32\WindowsPowerShell\v1.0\;C:\Program Files (x86)\Intel\Intel(R) Management Engine Components\DAL;C:\Program Files\Intel\Intel(R) Management Engine Components\DAL;C:\Program Files (x86)\Intel\Intel(R) Management Engine Components\IPT;C:\Program Files\Intel\Intel(R) Management Engine Components\IPT;C:\Program Files\Intel\WiFi\bin\;C:\Program Files\Common Files\Intel\WirelessCommon\;c:\Program Files\Microsoft SQL Server\110\Tools\Binn\;c:\Program Files (x86)\Microsoft SQL Server\110\Tools\Binn\ManagementStudio\;c:\Program Files (x86)\Microsoft SQL Server\110\Tools\Binn\;c:\Program Files (x86)\Microsoft SQL Server\110\DTS\Binn\;C:\Users\fabricio.barrozo\AppData\Local\Microsoft\WindowsApps;;C:\Windows\system32;
USERNAME=fabricio.barrozo
OS=Windows_NT
PROCESSOR_IDENTIFIER=Intel64 Family 6 Model 94 Stepping 3, GenuineIntel



---------------  S Y S T E M  ---------------

OS: Windows 10.0 , 64 bit Build 15063 (10.0.15063.1058)

CPU:total 4 (initial active 4) (4 cores per cpu, 1 threads per core) family 6 model 94 stepping 3, cmov, cx8, fxsr, mmx, sse, sse2, sse3, ssse3, sse4.1, sse4.2, popcnt, avx, avx2, aes, clmul, erms, rtm, 3dnowpref, lzcnt, tsc, tscinvbit, bmi1, bmi2, adx

Memory: 4k page, physical 8249056k(1335484k free), swap 10196704k(2816k free)

vm_info: Java HotSpot(TM) 64-Bit Server VM (25.181-b13) for windows-amd64 JRE (1.8.0_181-b13), built on Jul  7 2018 04:01:33 by "java_re" with MS VC++ 10.0 (VS2010)

time: Mon Oct 08 18:01:14 2018
elapsed time: 9 seconds (0d 0h 0m 9s)

