#
# There is insufficient memory for the Java Runtime Environment to continue.
# Native memory allocation (malloc) failed to allocate 299536 bytes for Chunk::new
# Possible reasons:
#   The system is out of physical RAM or swap space
#   In 32 bit mode, the process size limit was hit
# Possible solutions:
#   Reduce memory load on the system
#   Increase physical memory or swap space
#   Check if swap backing store is full
#   Use 64 bit Java on a 64 bit OS
#   Decrease Java heap size (-Xmx/-Xms)
#   Decrease number of Java threads
#   Decrease Java thread stack sizes (-Xss)
#   Set larger code cache with -XX:ReservedCodeCacheSize=
# This output file may be truncated or incomplete.
#
#  Out of Memory Error (allocation.cpp:390), pid=13028, tid=0x00000000000028ec
#
# JRE version: Java(TM) SE Runtime Environment (8.0_181-b13) (build 1.8.0_181-b13)
# Java VM: Java HotSpot(TM) 64-Bit Server VM (25.181-b13 mixed mode windows-amd64 compressed oops)
# Failed to write core dump. Minidumps are not enabled by default on client versions of Windows
#

---------------  T H R E A D  ---------------

Current thread (0x0000000017af8800):  JavaThread "C2 CompilerThread1" daemon [_thread_in_native, id=10476, stack(0x0000000019240000,0x0000000019340000)]

Stack: [0x0000000019240000,0x0000000019340000]
[error occurred during error reporting (printing stack bounds), id 0xc0000005]

Native frames: (J=compiled Java code, j=interpreted, Vv=VM code, C=native code)


Current CompileTask:
C2:  14674 9256   !   4       java.net.URL::<init> (543 bytes)


---------------  P R O C E S S  ---------------

Java Threads: ( => current thread )
  0x00000000639f0800 JavaThread "Thread-7" daemon [_thread_in_native, id=9952, stack(0x00000001417d0000,0x00000001418d0000)]
  0x00000000639ed800 JavaThread "Keep-Alive-SocketCleaner" daemon [_thread_blocked, id=1728, stack(0x00000000780e0000,0x00000000781e0000)]
  0x00000000639ef800 JavaThread "URL-Loader-20" daemon [_thread_in_native, id=8388, stack(0x000000006fb50000,0x000000006fc50000)]
  0x00000000639e5000 JavaThread "URL-Loader-19" daemon [_thread_in_native, id=11028, stack(0x000000006fa50000,0x000000006fb50000)]
  0x00000000639e9000 JavaThread "URL-Loader-18" daemon [_thread_blocked, id=9120, stack(0x000000006dc60000,0x000000006dd60000)]
  0x00000000639ec000 JavaThread "URL-Loader-17" daemon [_thread_in_native, id=14580, stack(0x000000006db60000,0x000000006dc60000)]
  0x00000000639e9800 JavaThread "URL-Loader-16" daemon [_thread_blocked, id=15144, stack(0x000000006da60000,0x000000006db60000)]
  0x00000000639e7800 JavaThread "URL-Loader-15" daemon [_thread_blocked, id=9072, stack(0x000000006d860000,0x000000006d960000)]
  0x00000000639e4800 JavaThread "URL-Loader-14" daemon [_thread_blocked, id=4948, stack(0x000000006d760000,0x000000006d860000)]
  0x00000000639ea800 JavaThread "URL-Loader-13" daemon [_thread_blocked, id=9000, stack(0x000000006cf60000,0x000000006d060000)]
  0x00000000639e6800 JavaThread "URL-Loader-12" daemon [_thread_blocked, id=436, stack(0x000000006ce60000,0x000000006cf60000)]
  0x00000000639e6000 JavaThread "URL-Loader-11" daemon [_thread_blocked, id=7316, stack(0x000000006c360000,0x000000006c460000)]
  0x00000000639e8000 JavaThread "URL-Loader-10" daemon [_thread_blocked, id=11816, stack(0x000000006c260000,0x000000006c360000)]
  0x00000000639eb000 JavaThread "URL-Loader-9" daemon [_thread_in_native, id=11104, stack(0x000000006c160000,0x000000006c260000)]
  0x0000000019756800 JavaThread "URL-Loader-8" daemon [_thread_in_native, id=8068, stack(0x000000006c060000,0x000000006c160000)]
  0x0000000019759800 JavaThread "URL-Loader-7" daemon [_thread_in_native, id=12112, stack(0x000000006bf60000,0x000000006c060000)]
  0x0000000019758800 JavaThread "URL-Loader-6" daemon [_thread_blocked, id=14828, stack(0x000000006be60000,0x000000006bf60000)]
  0x0000000019755800 JavaThread "URL-Loader-5" daemon [_thread_blocked, id=11376, stack(0x000000006bd60000,0x000000006be60000)]
  0x0000000019758000 JavaThread "Keep-Alive-Timer" daemon [_thread_blocked, id=15064, stack(0x0000000069220000,0x0000000069320000)]
  0x000000001975b800 JavaThread "URL-Loader-4" daemon [_thread_in_native, id=9364, stack(0x0000000064f90000,0x0000000065090000)]
  0x000000001975b000 JavaThread "URL-Loader-3" daemon [_thread_blocked, id=13068, stack(0x0000000064e90000,0x0000000064f90000)]
  0x0000000019757000 JavaThread "URL-Loader-2" daemon [_thread_blocked, id=8696, stack(0x0000000064d90000,0x0000000064e90000)]
  0x0000000020ded800 JavaThread "URL-Loader-1" daemon [_thread_in_native, id=10400, stack(0x0000000064790000,0x0000000064890000)]
  0x0000000020e95000 JavaThread "Disposer" daemon [_thread_blocked, id=11184, stack(0x00000000636c0000,0x00000000637c0000)]
  0x0000000020d0d800 JavaThread "Prism Font Disposer" daemon [_thread_blocked, id=9904, stack(0x0000000062bc0000,0x0000000062cc0000)]
  0x000000001983e000 JavaThread "Thread-3" daemon [_thread_in_native, id=11784, stack(0x00000000210b0000,0x00000000211b0000)]
  0x000000001983d800 JavaThread "JavaFX-Launcher" [_thread_blocked, id=10432, stack(0x00000000211b0000,0x00000000212b0000)]
  0x00000000197c3000 JavaThread "JavaFX Application Thread" [_thread_in_native, id=10844, stack(0x0000000019f70000,0x000000001a070000)]
  0x00000000197c1800 JavaThread "Thread-1" daemon [_thread_blocked, id=14456, stack(0x0000000019e70000,0x0000000019f70000)]
  0x000000001978e000 JavaThread "QuantumRenderer-0" daemon [_thread_blocked, id=5996, stack(0x0000000019b00000,0x0000000019c00000)]
  0x0000000019470800 JavaThread "Service Thread" daemon [_thread_blocked, id=5368, stack(0x0000000019840000,0x0000000019940000)]
  0x0000000017b01000 JavaThread "C1 CompilerThread2" daemon [_thread_blocked, id=10412, stack(0x0000000019340000,0x0000000019440000)]
=>0x0000000017af8800 JavaThread "C2 CompilerThread1" daemon [_thread_in_native, id=10476, stack(0x0000000019240000,0x0000000019340000)]
  0x0000000017af4800 JavaThread "C2 CompilerThread0" daemon [_thread_blocked, id=8348, stack(0x0000000019140000,0x0000000019240000)]
  0x0000000017af2800 JavaThread "Attach Listener" daemon [_thread_blocked, id=13712, stack(0x0000000019040000,0x0000000019140000)]
  0x0000000017af1000 JavaThread "Signal Dispatcher" daemon [_thread_blocked, id=9756, stack(0x0000000018f40000,0x0000000019040000)]
  0x000000000301d800 JavaThread "Finalizer" daemon [_thread_blocked, id=13656, stack(0x0000000018d40000,0x0000000018e40000)]
  0x0000000003012800 JavaThread "Reference Handler" daemon [_thread_blocked, id=15120, stack(0x0000000018c40000,0x0000000018d40000)]
  0x0000000002f23800 JavaThread "main" [_thread_blocked, id=220, stack(0x0000000002e20000,0x0000000002f20000)]

Other Threads:
  0x0000000017ab8000 VMThread [stack: 0x0000000018b40000,0x0000000018c40000] [id=14136]
  0x0000000017b4c800 WatcherThread [stack: 0x0000000019940000,0x0000000019a40000] [id=9340]

VM state:not at safepoint (normal execution)

VM Mutex/Monitor currently owned by a thread: None

Heap:
 PSYoungGen      total 275968K, used 125093K [0x00000000d6100000, 0x00000000eae80000, 0x0000000100000000)
  eden space 252416K, 40% used [0x00000000d6100000,0x00000000dc42f378,0x00000000e5780000)
  from space 23552K, 99% used [0x00000000e7c80000,0x00000000e937a420,0x00000000e9380000)
  to   space 37888K, 0% used [0x00000000e5780000,0x00000000e5780000,0x00000000e7c80000)
 ParOldGen       total 118272K, used 77805K [0x0000000082200000, 0x0000000089580000, 0x00000000d6100000)
  object space 118272K, 65% used [0x0000000082200000,0x0000000086dfb528,0x0000000089580000)
 Metaspace       used 39952K, capacity 42116K, committed 42240K, reserved 1085440K
  class space    used 5209K, capacity 5565K, committed 5632K, reserved 1048576K

Card table byte_map: [0x00000000123e0000,0x00000000127d0000] byte_map_base: 0x0000000011fcf000

Marking Bits: (ParMarkBitMap*) 0x0000000073b72d00
 Begin Bits: [0x0000000012e70000, 0x0000000014de8000)
 End Bits:   [0x0000000014de8000, 0x0000000016d60000)

Polling page: 0x0000000000b90000

CodeCache: size=245760Kb used=24506Kb max_used=24786Kb free=221253Kb
 bounds [0x0000000003020000, 0x0000000004880000, 0x0000000012020000]
 total_blobs=8555 nmethods=7689 adapters=777
 compilation: enabled

Compilation events (10 events):
Event: 14.631 Thread 0x0000000017b01000 nmethod 9251 0x0000000004218bd0 code [0x0000000004218d20, 0x0000000004218e30]
Event: 14.639 Thread 0x0000000017b01000 9254       3       javafx.scene.Scene$ClickGenerator::preProcess (290 bytes)
Event: 14.640 Thread 0x0000000017b01000 nmethod 9254 0x0000000003a38010 code [0x0000000003a38400, 0x0000000003a3b3d8]
Event: 14.641 Thread 0x0000000017b01000 9255       3       javafx.scene.Scene$ClickGenerator::postProcess (258 bytes)
Event: 14.642 Thread 0x0000000017b01000 nmethod 9255 0x0000000004495810 code [0x0000000004495b00, 0x0000000004497758]
Event: 14.642 Thread 0x0000000017b01000 9253       3       javafx.scene.Scene$TargetWrapper::clear (12 bytes)
Event: 14.642 Thread 0x0000000017b01000 nmethod 9253 0x0000000004611bd0 code [0x0000000004611d20, 0x0000000004611f10]
Event: 14.642 Thread 0x0000000017b01000 9252       3       javafx.scene.Scene$MouseHandler::clearPDREventTargets (46 bytes)
Event: 14.643 Thread 0x0000000017b01000 nmethod 9252 0x0000000003520cd0 code [0x0000000003520e60, 0x00000000035213d8]
Event: 14.644 Thread 0x0000000017af8800 9256   !   4       java.net.URL::<init> (543 bytes)

GC Heap History (10 events):
Event: 3.562 GC heap before
{Heap before GC invocations=10 (full 1):
 PSYoungGen      total 143872K, used 139202K [0x00000000d6100000, 0x00000000e0680000, 0x0000000100000000)
  eden space 125440K, 100% used [0x00000000d6100000,0x00000000ddb80000,0x00000000ddb80000)
  from space 18432K, 74% used [0x00000000dee80000,0x00000000dfbf0b30,0x00000000e0080000)
  to   space 19456K, 0% used [0x00000000ddb80000,0x00000000ddb80000,0x00000000dee80000)
 ParOldGen       total 58880K, used 21083K [0x0000000082200000, 0x0000000085b80000, 0x00000000d6100000)
  object space 58880K, 35% used [0x0000000082200000,0x0000000083696d28,0x0000000085b80000)
 Metaspace       used 28857K, capacity 30950K, committed 31104K, reserved 1075200K
  class space    used 4027K, capacity 4392K, committed 4480K, reserved 1048576K
Event: 3.572 GC heap after
Heap after GC invocations=10 (full 1):
 PSYoungGen      total 144896K, used 15673K [0x00000000d6100000, 0x00000000e4000000, 0x0000000100000000)
  eden space 125440K, 0% used [0x00000000d6100000,0x00000000d6100000,0x00000000ddb80000)
  from space 19456K, 80% used [0x00000000ddb80000,0x00000000deace6b8,0x00000000dee80000)
  to   space 20480K, 0% used [0x00000000e2c00000,0x00000000e2c00000,0x00000000e4000000)
 ParOldGen       total 58880K, used 22707K [0x0000000082200000, 0x0000000085b80000, 0x00000000d6100000)
  object space 58880K, 38% used [0x0000000082200000,0x000000008382cd28,0x0000000085b80000)
 Metaspace       used 28857K, capacity 30950K, committed 31104K, reserved 1075200K
  class space    used 4027K, capacity 4392K, committed 4480K, reserved 1048576K
}
Event: 8.508 GC heap before
{Heap before GC invocations=11 (full 1):
 PSYoungGen      total 144896K, used 140213K [0x00000000d6100000, 0x00000000e4000000, 0x0000000100000000)
  eden space 125440K, 99% used [0x00000000d6100000,0x00000000dda9ede8,0x00000000ddb80000)
  from space 19456K, 80% used [0x00000000ddb80000,0x00000000deace6b8,0x00000000dee80000)
  to   space 20480K, 0% used [0x00000000e2c00000,0x00000000e2c00000,0x00000000e4000000)
 ParOldGen       total 58880K, used 22707K [0x0000000082200000, 0x0000000085b80000, 0x00000000d6100000)
  object space 58880K, 38% used [0x0000000082200000,0x000000008382cd28,0x0000000085b80000)
 Metaspace       used 31682K, capacity 33826K, committed 34048K, reserved 1079296K
  class space    used 4245K, capacity 4608K, committed 4608K, reserved 1048576K
Event: 8.523 GC heap after
Heap after GC invocations=11 (full 1):
 PSYoungGen      total 204288K, used 19521K [0x00000000d6100000, 0x00000000e4080000, 0x0000000100000000)
  eden space 183808K, 0% used [0x00000000d6100000,0x00000000d6100000,0x00000000e1480000)
  from space 20480K, 95% used [0x00000000e2c00000,0x00000000e3f105a0,0x00000000e4000000)
  to   space 22528K, 0% used [0x00000000e1480000,0x00000000e1480000,0x00000000e2a80000)
 ParOldGen       total 58880K, used 33357K [0x0000000082200000, 0x0000000085b80000, 0x00000000d6100000)
  object space 58880K, 56% used [0x0000000082200000,0x0000000084293738,0x0000000085b80000)
 Metaspace       used 31682K, capacity 33826K, committed 34048K, reserved 1079296K
  class space    used 4245K, capacity 4608K, committed 4608K, reserved 1048576K
}
Event: 8.645 GC heap before
{Heap before GC invocations=12 (full 1):
 PSYoungGen      total 204288K, used 33007K [0x00000000d6100000, 0x00000000e4080000, 0x0000000100000000)
  eden space 183808K, 7% used [0x00000000d6100000,0x00000000d6e2b998,0x00000000e1480000)
  from space 20480K, 95% used [0x00000000e2c00000,0x00000000e3f105a0,0x00000000e4000000)
  to   space 22528K, 0% used [0x00000000e1480000,0x00000000e1480000,0x00000000e2a80000)
 ParOldGen       total 58880K, used 33357K [0x0000000082200000, 0x0000000085b80000, 0x00000000d6100000)
  object space 58880K, 56% used [0x0000000082200000,0x0000000084293738,0x0000000085b80000)
 Metaspace       used 33267K, capacity 35394K, committed 35496K, reserved 1079296K
  class space    used 4449K, capacity 4832K, committed 4864K, reserved 1048576K
Event: 8.652 GC heap after
Heap after GC invocations=12 (full 1):
 PSYoungGen      total 206336K, used 17292K [0x00000000d6100000, 0x00000000e9380000, 0x0000000100000000)
  eden space 183808K, 0% used [0x00000000d6100000,0x00000000d6100000,0x00000000e1480000)
  from space 22528K, 76% used [0x00000000e1480000,0x00000000e25630d0,0x00000000e2a80000)
  to   space 23552K, 0% used [0x00000000e7c80000,0x00000000e7c80000,0x00000000e9380000)
 ParOldGen       total 58880K, used 33357K [0x0000000082200000, 0x0000000085b80000, 0x00000000d6100000)
  object space 58880K, 56% used [0x0000000082200000,0x0000000084293738,0x0000000085b80000)
 Metaspace       used 33267K, capacity 35394K, committed 35496K, reserved 1079296K
  class space    used 4449K, capacity 4832K, committed 4864K, reserved 1048576K
}
Event: 8.652 GC heap before
{Heap before GC invocations=13 (full 2):
 PSYoungGen      total 206336K, used 17292K [0x00000000d6100000, 0x00000000e9380000, 0x0000000100000000)
  eden space 183808K, 0% used [0x00000000d6100000,0x00000000d6100000,0x00000000e1480000)
  from space 22528K, 76% used [0x00000000e1480000,0x00000000e25630d0,0x00000000e2a80000)
  to   space 23552K, 0% used [0x00000000e7c80000,0x00000000e7c80000,0x00000000e9380000)
 ParOldGen       total 58880K, used 33357K [0x0000000082200000, 0x0000000085b80000, 0x00000000d6100000)
  object space 58880K, 56% used [0x0000000082200000,0x0000000084293738,0x0000000085b80000)
 Metaspace       used 33267K, capacity 35394K, committed 35496K, reserved 1079296K
  class space    used 4449K, capacity 4832K, committed 4864K, reserved 1048576K
Event: 8.809 GC heap after
Heap after GC invocations=13 (full 2):
 PSYoungGen      total 206336K, used 0K [0x00000000d6100000, 0x00000000e9380000, 0x0000000100000000)
  eden space 183808K, 0% used [0x00000000d6100000,0x00000000d6100000,0x00000000e1480000)
  from space 22528K, 0% used [0x00000000e1480000,0x00000000e1480000,0x00000000e2a80000)
  to   space 23552K, 0% used [0x00000000e7c80000,0x00000000e7c80000,0x00000000e9380000)
 ParOldGen       total 118272K, used 47998K [0x0000000082200000, 0x0000000089580000, 0x00000000d6100000)
  object space 118272K, 40% used [0x0000000082200000,0x00000000850df828,0x0000000089580000)
 Metaspace       used 33263K, capacity 35388K, committed 35496K, reserved 1079296K
  class space    used 4449K, capacity 4831K, committed 4864K, reserved 1048576K
}
Event: 10.616 GC heap before
{Heap before GC invocations=14 (full 2):
 PSYoungGen      total 206336K, used 183808K [0x00000000d6100000, 0x00000000e9380000, 0x0000000100000000)
  eden space 183808K, 100% used [0x00000000d6100000,0x00000000e1480000,0x00000000e1480000)
  from space 22528K, 0% used [0x00000000e1480000,0x00000000e1480000,0x00000000e2a80000)
  to   space 23552K, 0% used [0x00000000e7c80000,0x00000000e7c80000,0x00000000e9380000)
 ParOldGen       total 118272K, used 47998K [0x0000000082200000, 0x0000000089580000, 0x00000000d6100000)
  object space 118272K, 40% used [0x0000000082200000,0x00000000850df828,0x0000000089580000)
 Metaspace       used 38525K, capacity 40690K, committed 40832K, reserved 1085440K
  class space    used 5090K, capacity 5464K, committed 5504K, reserved 1048576K
Event: 10.647 GC heap after
Heap after GC invocations=14 (full 2):
 PSYoungGen      total 275968K, used 23529K [0x00000000d6100000, 0x00000000eae80000, 0x0000000100000000)
  eden space 252416K, 0% used [0x00000000d6100000,0x00000000d6100000,0x00000000e5780000)
  from space 23552K, 99% used [0x00000000e7c80000,0x00000000e937a420,0x00000000e9380000)
  to   space 37888K, 0% used [0x00000000e5780000,0x00000000e5780000,0x00000000e7c80000)
 ParOldGen       total 118272K, used 77805K [0x0000000082200000, 0x0000000089580000, 0x00000000d6100000)
  object space 118272K, 65% used [0x0000000082200000,0x0000000086dfb528,0x0000000089580000)
 Metaspace       used 38525K, capacity 40690K, committed 40832K, reserved 1085440K
  class space    used 5090K, capacity 5464K, committed 5504K, reserved 1048576K
}

Deoptimization events (10 events):
Event: 11.642 Thread 0x00000000197c3000 Uncommon trap: reason=bimorphic action=maybe_recompile pc=0x00000000032ecbdc method=java.util.regex.Pattern$5.isSatisfiedBy(I)Z @ 5
Event: 11.823 Thread 0x00000000197c3000 Uncommon trap: reason=bimorphic action=maybe_recompile pc=0x00000000032ecbdc method=java.util.regex.Pattern$5.isSatisfiedBy(I)Z @ 5
Event: 11.824 Thread 0x00000000197c3000 Uncommon trap: reason=bimorphic action=maybe_recompile pc=0x00000000032ecbdc method=java.util.regex.Pattern$5.isSatisfiedBy(I)Z @ 5
Event: 11.824 Thread 0x00000000197c3000 Uncommon trap: reason=bimorphic action=maybe_recompile pc=0x00000000032ecbdc method=java.util.regex.Pattern$5.isSatisfiedBy(I)Z @ 5
Event: 11.834 Thread 0x00000000197c3000 Uncommon trap: reason=unstable_if action=reinterpret pc=0x0000000003855408 method=java.lang.Integer.equals(Ljava/lang/Object;)Z @ 18
Event: 12.521 Thread 0x00000000197c3000 Uncommon trap: reason=class_check action=maybe_recompile pc=0x00000000046519a4 method=javafx.scene.Node$MiscProperties.getEffect()Ljavafx/scene/effect/Effect; @ 20
Event: 12.521 Thread 0x00000000197c3000 Uncommon trap: reason=class_check action=maybe_recompile pc=0x00000000046519a4 method=javafx.scene.Node$MiscProperties.getEffect()Ljavafx/scene/effect/Effect; @ 20
Event: 12.790 Thread 0x000000001978e000 Uncommon trap: reason=class_check action=maybe_recompile pc=0x000000000394d9e4 method=com.sun.javafx.geom.transform.AffineBase.getType()I @ 9
Event: 12.790 Thread 0x000000001978e000 Uncommon trap: reason=class_check action=maybe_recompile pc=0x000000000394d9e4 method=com.sun.javafx.geom.transform.AffineBase.getType()I @ 9
Event: 14.167 Thread 0x000000001978e000 Uncommon trap: reason=class_check action=maybe_recompile pc=0x0000000003ba5c58 method=com.sun.webkit.graphics.GraphicsDecoder.decode(Lcom/sun/webkit/graphics/WCGraphicsManager;Lcom/sun/webkit/graphics/WCGraphicsContext;Lcom/sun/webkit/graphics/BufferData;

Classes redefined (0 events):
No events

Internal exceptions (10 events):
Event: 10.080 Thread 0x00000000197c3000 Exception <a 'java/lang/ClassNotFoundException': sun/net/www/protocol/about/Handler> (0x00000000df745c30) thrown at [C:\re\workspace\8-2-build-windows-amd64-cygwin\jdk8u181\11358\hotspot\src\share\vm\classfile\systemDictionary.cpp, line 210]
Event: 10.376 Thread 0x00000000197c3000 Exception <a 'java/lang/ClassNotFoundException': sun/net/www/protocol/about/Handler> (0x00000000e06224c8) thrown at [C:\re\workspace\8-2-build-windows-amd64-cygwin\jdk8u181\11358\hotspot\src\share\vm\classfile\systemDictionary.cpp, line 210]
Event: 10.428 Thread 0x00000000197c3000 Exception <a 'java/lang/ClassNotFoundException': sun/net/www/protocol/about/Handler> (0x00000000e0bf38b8) thrown at [C:\re\workspace\8-2-build-windows-amd64-cygwin\jdk8u181\11358\hotspot\src\share\vm\classfile\systemDictionary.cpp, line 210]
Event: 10.441 Thread 0x00000000197c3000 Exception <a 'java/lang/ClassNotFoundException': sun/net/www/protocol/about/Handler> (0x00000000e0cbfab0) thrown at [C:\re\workspace\8-2-build-windows-amd64-cygwin\jdk8u181\11358\hotspot\src\share\vm\classfile\systemDictionary.cpp, line 210]
Event: 11.231 Thread 0x000000001978e000 Implicit null exception at 0x0000000003a7af48 to 0x0000000003a7c229
Event: 11.231 Thread 0x000000001978e000 Implicit null exception at 0x00000000032f4690 to 0x00000000032f46e9
Event: 11.643 Thread 0x00000000197c3000 Exception <a 'sun/nio/fs/WindowsException'> (0x00000000d7764ef0) thrown at [C:\re\workspace\8-2-build-windows-amd64-cygwin\jdk8u181\11358\hotspot\src\share\vm\prims\jni.cpp, line 709]
Event: 11.644 Thread 0x00000000197c3000 Exception <a 'sun/nio/fs/WindowsException'> (0x00000000d7766950) thrown at [C:\re\workspace\8-2-build-windows-amd64-cygwin\jdk8u181\11358\hotspot\src\share\vm\prims\jni.cpp, line 709]
Event: 12.375 Thread 0x00000000197c3000 Exception <a 'java/lang/ClassNotFoundException': sun/net/www/protocol/about/Handler> (0x00000000d89e1910) thrown at [C:\re\workspace\8-2-build-windows-amd64-cygwin\jdk8u181\11358\hotspot\src\share\vm\classfile\systemDictionary.cpp, line 210]
Event: 12.733 Thread 0x00000000197c3000 Exception <a 'java/lang/ClassNotFoundException': sun/net/www/protocol/about/Handler> (0x00000000d8b58b90) thrown at [C:\re\workspace\8-2-build-windows-amd64-cygwin\jdk8u181\11358\hotspot\src\share\vm\classfile\systemDictionary.cpp, line 210]

Events (10 events):
Event: 14.583 Thread 0x0000000017b01000 flushing nmethod 0x00000000032c4e50
Event: 14.611 Thread 0x00000000639f2800 Thread added: 0x00000000639f2800
Event: 14.612 Thread 0x00000000639f2800 Thread exited: 0x00000000639f2800
Event: 14.617 Thread 0x00000000639f1000 Thread added: 0x00000000639f1000
Event: 14.617 Thread 0x00000000639f1000 Thread exited: 0x00000000639f1000
Event: 14.640 Thread 0x0000000017b01000 flushing nmethod 0x0000000003520b50
Event: 14.656 Executing VM operation: RevokeBias
Event: 14.656 Executing VM operation: RevokeBias done
Event: 14.661 Thread 0x00000000639ee000 Thread added: 0x00000000639ee000
Event: 14.661 Thread 0x00000000639ee000 Thread exited: 0x00000000639ee000


Dynamic libraries:
0x00007ff61c8a0000 - 0x00007ff61c8d7000 	C:\Program Files\Java\jre1.8.0_181\bin\javaw.exe
0x00007ff98f950000 - 0x00007ff98fb2b000 	C:\Windows\SYSTEM32\ntdll.dll
0x00007ff98ee80000 - 0x00007ff98ef2e000 	C:\Windows\System32\KERNEL32.DLL
0x00007ff98bfc0000 - 0x00007ff98c20a000 	C:\Windows\System32\KERNELBASE.dll
0x00007ff98f8a0000 - 0x00007ff98f941000 	C:\Windows\System32\ADVAPI32.dll
0x00007ff98f570000 - 0x00007ff98f60d000 	C:\Windows\System32\msvcrt.dll
0x00007ff98f1b0000 - 0x00007ff98f209000 	C:\Windows\System32\sechost.dll
0x00007ff98efb0000 - 0x00007ff98f0d5000 	C:\Windows\System32\RPCRT4.dll
0x00007ff98f380000 - 0x00007ff98f4ca000 	C:\Windows\System32\USER32.dll
0x00007ff98cba0000 - 0x00007ff98cbbe000 	C:\Windows\System32\win32u.dll
0x00007ff98f7b0000 - 0x00007ff98f7d7000 	C:\Windows\System32\GDI32.dll
0x00007ff98ca10000 - 0x00007ff98cb98000 	C:\Windows\System32\gdi32full.dll
0x00007ff98c970000 - 0x00007ff98ca0a000 	C:\Windows\System32\msvcp_win.dll
0x00007ff98bec0000 - 0x00007ff98bfb6000 	C:\Windows\System32\ucrtbase.dll
0x00007ff984c40000 - 0x00007ff984ea7000 	C:\Windows\WinSxS\amd64_microsoft.windows.common-controls_6595b64144ccf1df_6.0.15063.1155_none_40c7922129a7722b\COMCTL32.dll
0x00007ff98cfd0000 - 0x00007ff98d2c9000 	C:\Windows\System32\combase.dll
0x00007ff98ce40000 - 0x00007ff98ceaa000 	C:\Windows\System32\bcryptPrimitives.dll
0x00007ff98ee50000 - 0x00007ff98ee7d000 	C:\Windows\System32\IMM32.DLL
0x00007ff967520000 - 0x00007ff9675cf000 	C:\Program Files\McAfee\Endpoint Security\Threat Prevention\Ips\EpMPApi.dll
0x00007ff98c910000 - 0x00007ff98c967000 	C:\Windows\System32\WINTRUST.dll
0x00007ff98be50000 - 0x00007ff98be61000 	C:\Windows\System32\MSASN1.dll
0x00007ff98cc70000 - 0x00007ff98ce39000 	C:\Windows\System32\CRYPT32.dll
0x0000000074030000 - 0x000000007403c000 	C:\Program Files\McAfee\Endpoint Security\Threat Prevention\Ips\EpMPThe.dll
0x00000000731d0000 - 0x00000000732a2000 	C:\Program Files\Java\jre1.8.0_181\bin\msvcr100.dll
0x0000000073350000 - 0x0000000073bf2000 	C:\Program Files\Java\jre1.8.0_181\bin\server\jvm.dll
0x00007ff98d990000 - 0x00007ff98d998000 	C:\Windows\System32\PSAPI.DLL
0x00007ff9865c0000 - 0x00007ff9865e3000 	C:\Windows\SYSTEM32\WINMM.dll
0x00007ff984ec0000 - 0x00007ff984eca000 	C:\Windows\SYSTEM32\VERSION.dll
0x00007ff986590000 - 0x00007ff9865bb000 	C:\Windows\SYSTEM32\WINMMBASE.dll
0x00007ff98be70000 - 0x00007ff98beb9000 	C:\Windows\System32\cfgmgr32.dll
0x00007ff970df0000 - 0x00007ff970df9000 	C:\Windows\SYSTEM32\WSOCK32.dll
0x00007ff98ede0000 - 0x00007ff98ee4c000 	C:\Windows\System32\WS2_32.dll
0x0000000073340000 - 0x000000007334f000 	C:\Program Files\Java\jre1.8.0_181\bin\verify.dll
0x0000000073310000 - 0x0000000073339000 	C:\Program Files\Java\jre1.8.0_181\bin\java.dll
0x00000000732f0000 - 0x0000000073306000 	C:\Program Files\Java\jre1.8.0_181\bin\zip.dll
0x00007ff98d9a0000 - 0x00007ff98edd8000 	C:\Windows\System32\SHELL32.dll
0x00007ff98f0e0000 - 0x00007ff98f18a000 	C:\Windows\System32\shcore.dll
0x00007ff98c210000 - 0x00007ff98c901000 	C:\Windows\System32\windows.storage.dll
0x00007ff98cf70000 - 0x00007ff98cfc1000 	C:\Windows\System32\shlwapi.dll
0x00007ff98be10000 - 0x00007ff98be21000 	C:\Windows\System32\kernel.appcore.dll
0x00007ff98bdc0000 - 0x00007ff98be0c000 	C:\Windows\System32\powrprof.dll
0x00007ff98be30000 - 0x00007ff98be45000 	C:\Windows\System32\profapi.dll
0x0000000002c30000 - 0x0000000002c33000 	C:\Program Files\Java\jre1.8.0_181\bin\api-ms-win-core-console-l1-1-0.dll
0x0000000002c40000 - 0x0000000002c43000 	C:\Program Files\Java\jre1.8.0_181\bin\api-ms-win-core-datetime-l1-1-0.dll
0x0000000002c50000 - 0x0000000002c53000 	C:\Program Files\Java\jre1.8.0_181\bin\api-ms-win-core-debug-l1-1-0.dll
0x0000000002c60000 - 0x0000000002c63000 	C:\Program Files\Java\jre1.8.0_181\bin\api-ms-win-core-errorhandling-l1-1-0.dll
0x0000000002c70000 - 0x0000000002c74000 	C:\Program Files\Java\jre1.8.0_181\bin\api-ms-win-core-file-l1-1-0.dll
0x0000000002c80000 - 0x0000000002c83000 	C:\Program Files\Java\jre1.8.0_181\bin\api-ms-win-core-file-l1-2-0.dll
0x0000000002c90000 - 0x0000000002c93000 	C:\Program Files\Java\jre1.8.0_181\bin\api-ms-win-core-file-l2-1-0.dll
0x0000000002ca0000 - 0x0000000002ca3000 	C:\Program Files\Java\jre1.8.0_181\bin\api-ms-win-core-handle-l1-1-0.dll
0x0000000002cb0000 - 0x0000000002cb3000 	C:\Program Files\Java\jre1.8.0_181\bin\api-ms-win-core-heap-l1-1-0.dll
0x0000000002cd0000 - 0x0000000002cd3000 	C:\Program Files\Java\jre1.8.0_181\bin\api-ms-win-core-interlocked-l1-1-0.dll
0x0000000002ce0000 - 0x0000000002ce3000 	C:\Program Files\Java\jre1.8.0_181\bin\api-ms-win-core-libraryloader-l1-1-0.dll
0x0000000002cf0000 - 0x0000000002cf3000 	C:\Program Files\Java\jre1.8.0_181\bin\api-ms-win-core-localization-l1-2-0.dll
0x0000000002d00000 - 0x0000000002d03000 	C:\Program Files\Java\jre1.8.0_181\bin\api-ms-win-core-memory-l1-1-0.dll
0x0000000002d10000 - 0x0000000002d13000 	C:\Program Files\Java\jre1.8.0_181\bin\api-ms-win-core-namedpipe-l1-1-0.dll
0x0000000002d20000 - 0x0000000002d23000 	C:\Program Files\Java\jre1.8.0_181\bin\api-ms-win-core-processenvironment-l1-1-0.dll
0x0000000002d30000 - 0x0000000002d33000 	C:\Program Files\Java\jre1.8.0_181\bin\api-ms-win-core-processthreads-l1-1-0.dll
0x0000000002d40000 - 0x0000000002d43000 	C:\Program Files\Java\jre1.8.0_181\bin\api-ms-win-core-processthreads-l1-1-1.dll
0x0000000002d50000 - 0x0000000002d53000 	C:\Program Files\Java\jre1.8.0_181\bin\api-ms-win-core-profile-l1-1-0.dll
0x0000000002d70000 - 0x0000000002d73000 	C:\Program Files\Java\jre1.8.0_181\bin\api-ms-win-core-rtlsupport-l1-1-0.dll
0x0000000002d80000 - 0x0000000002d83000 	C:\Program Files\Java\jre1.8.0_181\bin\api-ms-win-core-string-l1-1-0.dll
0x0000000002d90000 - 0x0000000002d93000 	C:\Program Files\Java\jre1.8.0_181\bin\api-ms-win-core-synch-l1-1-0.dll
0x0000000002da0000 - 0x0000000002da3000 	C:\Program Files\Java\jre1.8.0_181\bin\api-ms-win-core-synch-l1-2-0.dll
0x0000000002db0000 - 0x0000000002db3000 	C:\Program Files\Java\jre1.8.0_181\bin\api-ms-win-core-sysinfo-l1-1-0.dll
0x0000000002dc0000 - 0x0000000002dc3000 	C:\Program Files\Java\jre1.8.0_181\bin\api-ms-win-core-timezone-l1-1-0.dll
0x0000000002dd0000 - 0x0000000002dd3000 	C:\Program Files\Java\jre1.8.0_181\bin\api-ms-win-core-util-l1-1-0.dll
0x0000000002de0000 - 0x0000000002de3000 	C:\Program Files\Java\jre1.8.0_181\bin\api-ms-win-crt-conio-l1-1-0.dll
0x0000000002df0000 - 0x0000000002df4000 	C:\Program Files\Java\jre1.8.0_181\bin\api-ms-win-crt-convert-l1-1-0.dll
0x0000000002e00000 - 0x0000000002e03000 	C:\Program Files\Java\jre1.8.0_181\bin\api-ms-win-crt-environment-l1-1-0.dll
0x0000000019a40000 - 0x0000000019a43000 	C:\Program Files\Java\jre1.8.0_181\bin\api-ms-win-crt-filesystem-l1-1-0.dll
0x0000000019a50000 - 0x0000000019a53000 	C:\Program Files\Java\jre1.8.0_181\bin\api-ms-win-crt-heap-l1-1-0.dll
0x0000000019a60000 - 0x0000000019a63000 	C:\Program Files\Java\jre1.8.0_181\bin\api-ms-win-crt-locale-l1-1-0.dll
0x0000000019a70000 - 0x0000000019a75000 	C:\Program Files\Java\jre1.8.0_181\bin\api-ms-win-crt-math-l1-1-0.dll
0x0000000019a80000 - 0x0000000019a85000 	C:\Program Files\Java\jre1.8.0_181\bin\api-ms-win-crt-multibyte-l1-1-0.dll
0x0000000019a90000 - 0x0000000019aa0000 	C:\Program Files\Java\jre1.8.0_181\bin\api-ms-win-crt-private-l1-1-0.dll
0x0000000019aa0000 - 0x0000000019aa3000 	C:\Program Files\Java\jre1.8.0_181\bin\api-ms-win-crt-process-l1-1-0.dll
0x0000000019ab0000 - 0x0000000019ab4000 	C:\Program Files\Java\jre1.8.0_181\bin\api-ms-win-crt-runtime-l1-1-0.dll
0x0000000019ac0000 - 0x0000000019ac4000 	C:\Program Files\Java\jre1.8.0_181\bin\api-ms-win-crt-stdio-l1-1-0.dll
0x0000000019ad0000 - 0x0000000019ad4000 	C:\Program Files\Java\jre1.8.0_181\bin\api-ms-win-crt-string-l1-1-0.dll
0x0000000019ae0000 - 0x0000000019ae3000 	C:\Program Files\Java\jre1.8.0_181\bin\api-ms-win-crt-time-l1-1-0.dll
0x0000000019af0000 - 0x0000000019af3000 	C:\Program Files\Java\jre1.8.0_181\bin\api-ms-win-crt-utility-l1-1-0.dll
0x00007ff968630000 - 0x00007ff968726000 	C:\Program Files\Java\jre1.8.0_181\bin\ucrtbase.dll
0x00007ff970c00000 - 0x00007ff970c16000 	C:\Program Files\Java\jre1.8.0_181\bin\vcruntime140.dll
0x00007ff9671a0000 - 0x00007ff96723c000 	C:\Program Files\Java\jre1.8.0_181\bin\msvcp140.dll
0x00007ff970840000 - 0x00007ff970891000 	C:\Program Files\Java\jre1.8.0_181\bin\concrt140.dll
0x0000000073fb0000 - 0x0000000073fd3000 	C:\Program Files\Java\jre1.8.0_181\bin\prism_d3d.dll
0x00007ff941490000 - 0x00007ff941619000 	C:\Windows\system32\d3d9.dll
0x00007ff982120000 - 0x00007ff98214a000 	C:\Windows\SYSTEM32\dwmapi.dll
0x00007ff98a2c0000 - 0x00007ff98a355000 	C:\Windows\system32\uxtheme.dll
0x00007ff940ec0000 - 0x00007ff941097000 	C:\Windows\System32\DriverStore\FileRepository\ki127171.inf_amd64_368f8c7337214025\igdumdim64.dll
0x00007ff9345c0000 - 0x00007ff9375bd000 	C:\Windows\System32\DriverStore\FileRepository\ki127171.inf_amd64_368f8c7337214025\igd9dxva64.dll
0x00007ff98d3e0000 - 0x00007ff98d525000 	C:\Windows\System32\ole32.dll
0x00007ff98ceb0000 - 0x00007ff98cf70000 	C:\Windows\System32\OLEAUT32.dll
0x0000000073f60000 - 0x0000000073fa9000 	C:\Program Files\Java\jre1.8.0_181\bin\glass.dll
0x00007ff98d2d0000 - 0x00007ff98d3d8000 	C:\Windows\System32\COMDLG32.dll
0x00007ff98f210000 - 0x00007ff98f376000 	C:\Windows\System32\MSCTF.dll
0x00007ff9717a0000 - 0x00007ff973535000 	C:\Windows\System32\DriverStore\FileRepository\ki127171.inf_amd64_368f8c7337214025\igc64.dll
0x0000000073f40000 - 0x0000000073f54000 	C:\Program Files\Java\jre1.8.0_181\bin\javafx_font.dll
0x0000000073f10000 - 0x0000000073f33000 	C:\Program Files\Java\jre1.8.0_181\bin\javafx_iio.dll
0x00000000700b0000 - 0x00000000731cd000 	C:\Program Files\Java\jre1.8.0_181\bin\jfxwebkit.dll
0x00007ff98b810000 - 0x00007ff98b827000 	C:\Windows\SYSTEM32\CRYPTSP.dll
0x00007ff98af50000 - 0x00007ff98af84000 	C:\Windows\system32\rsaenh.dll
0x00007ff98b980000 - 0x00007ff98b9a5000 	C:\Windows\SYSTEM32\bcrypt.dll
0x00007ff98b830000 - 0x00007ff98b83b000 	C:\Windows\SYSTEM32\CRYPTBASE.dll
0x00007ff971410000 - 0x00007ff9716cf000 	C:\Windows\SYSTEM32\dwrite.dll
0x00000000732d0000 - 0x00000000732ea000 	C:\Program Files\Java\jre1.8.0_181\bin\net.dll
0x00007ff98b670000 - 0x00007ff98b6cc000 	C:\Windows\system32\mswsock.dll
0x00000000732b0000 - 0x00000000732c1000 	C:\Program Files\Java\jre1.8.0_181\bin\nio.dll
0x0000000074000000 - 0x0000000074024000 	C:\Program Files\Java\jre1.8.0_181\bin\sunec.dll
0x00007ff98b410000 - 0x00007ff98b447000 	C:\Windows\SYSTEM32\IPHLPAPI.DLL
0x00007ff98d980000 - 0x00007ff98d988000 	C:\Windows\System32\NSI.dll
0x00007ff986f30000 - 0x00007ff986f46000 	C:\Windows\SYSTEM32\dhcpcsvc6.DLL
0x00007ff986f10000 - 0x00007ff986f2a000 	C:\Windows\SYSTEM32\dhcpcsvc.DLL
0x00007ff98f4d0000 - 0x00007ff98f56e000 	C:\Windows\System32\clbcatq.dll
0x00007ff975cd0000 - 0x00007ff975e7c000 	C:\Windows\SYSTEM32\WindowsCodecs.dll
0x00007ff95d120000 - 0x00007ff95d167000 	C:\Windows\system32\dataexchange.dll
0x00007ff988f90000 - 0x00007ff98926f000 	C:\Windows\system32\d3d11.dll
0x00007ff989910000 - 0x00007ff989a33000 	C:\Windows\system32\dcomp.dll
0x00007ff98aa90000 - 0x00007ff98ab34000 	C:\Windows\system32\dxgi.dll
0x00007ff98a570000 - 0x00007ff98a6e0000 	C:\Windows\system32\twinapi.appcore.dll
0x00007ff96f860000 - 0x00007ff96f891000 	C:\Program Files\Common Files\Microsoft Shared\Ink\rtscom.dll
0x00007ff98bcf0000 - 0x00007ff98bd19000 	C:\Windows\SYSTEM32\USERENV.dll
0x00007ff976160000 - 0x00007ff9761e1000 	C:\Windows\System32\TextInputFramework.dll
0x00007ff989270000 - 0x00007ff989354000 	C:\Windows\System32\CoreMessaging.dll
0x00007ff975e80000 - 0x00007ff976153000 	C:\Windows\System32\CoreUIComponents.dll
0x00007ff98ab40000 - 0x00007ff98ab71000 	C:\Windows\SYSTEM32\ntmarta.dll
0x00007ff987bd0000 - 0x00007ff987d09000 	C:\Windows\SYSTEM32\wintypes.dll

VM Arguments:
jvm_args: -Dfile.encoding=UTF-8 
java_command: fiscalizacao.Main
java_class_path (initial): C:\Program Files\Java\jre1.8.0_181\lib\resources.jar;C:\Program Files\Java\jre1.8.0_181\lib\rt.jar;C:\Program Files\Java\jre1.8.0_181\lib\jsse.jar;C:\Program Files\Java\jre1.8.0_181\lib\jce.jar;C:\Program Files\Java\jre1.8.0_181\lib\charsets.jar;C:\Program Files\Java\jre1.8.0_181\lib\jfr.jar;C:\Program Files\Java\jre1.8.0_181\lib\ext\access-bridge-64.jar;C:\Program Files\Java\jre1.8.0_181\lib\ext\cldrdata.jar;C:\Program Files\Java\jre1.8.0_181\lib\ext\dnsns.jar;C:\Program Files\Java\jre1.8.0_181\lib\ext\jaccess.jar;C:\Program Files\Java\jre1.8.0_181\lib\ext\jfxrt.jar;C:\Program Files\Java\jre1.8.0_181\lib\ext\localedata.jar;C:\Program Files\Java\jre1.8.0_181\lib\ext\nashorn.jar;C:\Program Files\Java\jre1.8.0_181\lib\ext\sunec.jar;C:\Program Files\Java\jre1.8.0_181\lib\ext\sunjce_provider.jar;C:\Program Files\Java\jre1.8.0_181\lib\ext\sunmscapi.jar;C:\Program Files\Java\jre1.8.0_181\lib\ext\sunpkcs11.jar;C:\Program Files\Java\jre1.8.0_181\lib\ext\zipfs.jar;C:\Users\fabricio.barrozo\git\fiscal\target\classes;C:\Users\fabricio.barrozo\.p2\pool\plugins\org.junit_4.12.0.v201504281640\junit.jar;C:\Users\fabricio.barrozo\.p2\pool\plugins\org.hamcrest.core_1.3.0.v201303031735.jar;C:\Users\fabricio.barrozo\.m2\repository\org\hibernate\hibernate-entitymanager\5.1.0.Final\hibernate-entitymanager-5.1.0.Final.jar;C:\Users\fabricio.barrozo\.m2\repository\org\hibernate\hibernate-core\5.1.0.Final\hibernate-core-5.1.0.Final.jar;C:\Users\fabricio.barrozo\.m2\repository\org\jboss\jandex\2.0.0.Final\jandex-2.0.0.Final.jar;C:\Users\fabricio.barrozo\.m2\repository\com\fasterxml\classmate\1.3.0\classmate-1.3.0.jar;C:\Users\fabricio.barrozo\.m2\repository\org\jboss\logging\jboss-logging\3.3.0.Final\jboss-logging-3.3.0.Final.jar;C:\Users\fabricio.barrozo\.m2\repository\org\javassist\javassist\3.20.0-GA\javassist-3.20.0-GA.jar;C:\Users\fabricio.barrozo\.m2\repository\commons-collections\commons-collections\2.1\commons-collections-2.1.jar;C:\Users\fabricio.barrozo
Launcher Type: SUN_STANDARD

Environment Variables:
PATH=C:/Program Files/Java/jre1.8.0_181/bin/server;C:/Program Files/Java/jre1.8.0_181/bin;C:/Program Files/Java/jre1.8.0_181/lib/amd64;C:\Program Files (x86)\Common Files\Oracle\Java\javapath;C:\ProgramData\Oracle\Java\javapath;C:\Program Files (x86)\Intel\iCLS Client\;C:\Program Files\Intel\iCLS Client\;C:\Windows\system32;C:\Windows;C:\Windows\System32\Wbem;C:\Windows\System32\WindowsPowerShell\v1.0\;C:\Program Files (x86)\Intel\Intel(R) Management Engine Components\DAL;C:\Program Files\Intel\Intel(R) Management Engine Components\DAL;C:\Program Files (x86)\Intel\Intel(R) Management Engine Components\IPT;C:\Program Files\Intel\Intel(R) Management Engine Components\IPT;C:\Program Files\Intel\WiFi\bin\;C:\Program Files\Common Files\Intel\WirelessCommon\;c:\Program Files\Microsoft SQL Server\110\Tools\Binn\;c:\Program Files (x86)\Microsoft SQL Server\110\Tools\Binn\ManagementStudio\;c:\Program Files (x86)\Microsoft SQL Server\110\Tools\Binn\;c:\Program Files (x86)\Microsoft SQL Server\110\DTS\Binn\;C:\Users\fabricio.barrozo\AppData\Local\Microsoft\WindowsApps;;C:\Windows\system32;
USERNAME=fabricio.barrozo
OS=Windows_NT
PROCESSOR_IDENTIFIER=Intel64 Family 6 Model 94 Stepping 3, GenuineIntel



---------------  S Y S T E M  ---------------

OS: Windows 10.0 , 64 bit Build 15063 (10.0.15063.1058)

CPU:total 4 (initial active 4) (4 cores per cpu, 1 threads per core) family 6 model 94 stepping 3, cmov, cx8, fxsr, mmx, sse, sse2, sse3, ssse3, sse4.1, sse4.2, popcnt, avx, avx2, aes, clmul, erms, rtm, 3dnowpref, lzcnt, tsc, tscinvbit, bmi1, bmi2, adx

Memory: 4k page, physical 8249056k(2897680k free), swap 10196704k(5140k free)

vm_info: Java HotSpot(TM) 64-Bit Server VM (25.181-b13) for windows-amd64 JRE (1.8.0_181-b13), built on Jul  7 2018 04:01:33 by "java_re" with MS VC++ 10.0 (VS2010)

time: Thu Sep 27 13:22:51 2018
elapsed time: 14 seconds (0d 0h 0m 14s)

