#
# There is insufficient memory for the Java Runtime Environment to continue.
# Native memory allocation (malloc) failed to allocate 1048576 bytes for AllocateHeap
# Possible reasons:
#   The system is out of physical RAM or swap space
#   In 32 bit mode, the process size limit was hit
# Possible solutions:
#   Reduce memory load on the system
#   Increase physical memory or swap space
#   Check if swap backing store is full
#   Use 64 bit Java on a 64 bit OS
#   Decrease Java heap size (-Xmx/-Xms)
#   Decrease number of Java threads
#   Decrease Java thread stack sizes (-Xss)
#   Set larger code cache with -XX:ReservedCodeCacheSize=
# This output file may be truncated or incomplete.
#
#  Out of Memory Error (memory/allocation.inline.hpp:61), pid=9644, tid=0x0000000000003638
#
# JRE version:  (8.0_181-b13) (build )
# Java VM: Java HotSpot(TM) 64-Bit Server VM (25.181-b13 mixed mode windows-amd64 compressed oops)
# Failed to write core dump. Minidumps are not enabled by default on client versions of Windows
#

---------------  T H R E A D  ---------------

Current thread (0x0000000002803800):  JavaThread "Unknown thread" [_thread_in_vm, id=13880, stack(0x0000000002700000,0x0000000002800000)]

Stack: [0x0000000002700000,0x0000000002800000]
[error occurred during error reporting (printing stack bounds), id 0xc0000005]

Native frames: (J=compiled Java code, j=interpreted, Vv=VM code, C=native code)


---------------  P R O C E S S  ---------------

Java Threads: ( => current thread )

Other Threads:

=>0x0000000002803800 (exited) JavaThread "Unknown thread" [_thread_in_vm, id=13880, stack(0x0000000002700000,0x0000000002800000)]

VM state:not at safepoint (normal execution)

VM Mutex/Monitor currently owned by a thread: None

Heap:
 PSYoungGen      total 37888K, used 655K [0x00000000d6100000, 0x00000000d8b00000, 0x0000000100000000)
  eden space 32768K, 2% used [0x00000000d6100000,0x00000000d61a3d80,0x00000000d8100000)
  from space 5120K, 0% used [0x00000000d8600000,0x00000000d8600000,0x00000000d8b00000)
  to   space 5120K, 0% used [0x00000000d8100000,0x00000000d8100000,0x00000000d8600000)
 ParOldGen       total 86016K, used 0K [0x0000000082200000, 0x0000000087600000, 0x00000000d6100000)
  object space 86016K, 0% used [0x0000000082200000,0x0000000082200000,0x0000000087600000)
 Metaspace       used 751K, capacity 4480K, committed 4480K, reserved 1056768K
  class space    used 76K, capacity 384K, committed 384K, reserved 1048576K

Card table byte_map: [0x0000000011cc0000,0x00000000120b0000] byte_map_base: 0x00000000118af000

Marking Bits: (ParMarkBitMap*) 0x0000000059252d00
 Begin Bits: [0x0000000012750000, 0x00000000146c8000)
 End Bits:   [0x00000000146c8000, 0x0000000016640000)

Polling page: 0x0000000000a00000

CodeCache: size=245760Kb used=328Kb max_used=328Kb free=245431Kb
 bounds [0x0000000002900000, 0x0000000002b70000, 0x0000000011900000]
 total_blobs=58 nmethods=0 adapters=38
 compilation: enabled

Compilation events (0 events):
No events

GC Heap History (0 events):
No events

Deoptimization events (0 events):
No events

Classes redefined (0 events):
No events

Internal exceptions (0 events):
No events

Events (10 events):
Event: 0.020 loading class java/lang/Short
Event: 0.020 loading class java/lang/Short done
Event: 0.020 loading class java/lang/Integer
Event: 0.020 loading class java/lang/Integer done
Event: 0.020 loading class java/lang/Long
Event: 0.020 loading class java/lang/Long done
Event: 0.021 loading class java/lang/NullPointerException
Event: 0.021 loading class java/lang/NullPointerException done
Event: 0.021 loading class java/lang/ArithmeticException
Event: 0.021 loading class java/lang/ArithmeticException done


Dynamic libraries:
0x00007ff7701f0000 - 0x00007ff770227000 	C:\Program Files\Java\jre1.8.0_181\bin\javaw.exe
0x00007ffd07ef0000 - 0x00007ffd080cb000 	C:\Windows\SYSTEM32\ntdll.dll
0x00007ffd05800000 - 0x00007ffd058ae000 	C:\Windows\System32\KERNEL32.DLL
0x00007ffd04630000 - 0x00007ffd0487a000 	C:\Windows\System32\KERNELBASE.dll
0x00007ffd05c00000 - 0x00007ffd05ca1000 	C:\Windows\System32\ADVAPI32.dll
0x00007ffd07d60000 - 0x00007ffd07dfd000 	C:\Windows\System32\msvcrt.dll
0x00007ffd07e10000 - 0x00007ffd07e69000 	C:\Windows\System32\sechost.dll
0x00007ffd058b0000 - 0x00007ffd059d5000 	C:\Windows\System32\RPCRT4.dll
0x00007ffd05650000 - 0x00007ffd0579a000 	C:\Windows\System32\USER32.dll
0x00007ffd053e0000 - 0x00007ffd053fe000 	C:\Windows\System32\win32u.dll
0x00007ffd055c0000 - 0x00007ffd055e7000 	C:\Windows\System32\GDI32.dll
0x00007ffd04ab0000 - 0x00007ffd04c38000 	C:\Windows\System32\gdi32full.dll
0x00007ffd04c40000 - 0x00007ffd04cda000 	C:\Windows\System32\msvcp_win.dll
0x00007ffd04530000 - 0x00007ffd04626000 	C:\Windows\System32\ucrtbase.dll
0x00007ffcf8240000 - 0x00007ffcf84a7000 	C:\Windows\WinSxS\amd64_microsoft.windows.common-controls_6595b64144ccf1df_6.0.15063.1155_none_40c7922129a7722b\COMCTL32.dll
0x00007ffd064f0000 - 0x00007ffd067e9000 	C:\Windows\System32\combase.dll
0x00007ffd044c0000 - 0x00007ffd0452a000 	C:\Windows\System32\bcryptPrimitives.dll
0x00007ffd059e0000 - 0x00007ffd05a0d000 	C:\Windows\System32\IMM32.DLL
0x00007ffcec530000 - 0x00007ffcec5df000 	C:\Program Files\McAfee\Endpoint Security\Threat Prevention\Ips\EpMPApi.dll
0x00007ffd04880000 - 0x00007ffd048d7000 	C:\Windows\System32\WINTRUST.dll
0x00007ffd04360000 - 0x00007ffd04371000 	C:\Windows\System32\MSASN1.dll
0x00007ffd048e0000 - 0x00007ffd04aa9000 	C:\Windows\System32\CRYPT32.dll
0x000000005c400000 - 0x000000005c40c000 	C:\Program Files\McAfee\Endpoint Security\Threat Prevention\Ips\EpMPThe.dll
0x000000005c2a0000 - 0x000000005c372000 	C:\Program Files\Java\jre1.8.0_181\bin\msvcr100.dll
0x0000000058a30000 - 0x00000000592d2000 	C:\Program Files\Java\jre1.8.0_181\bin\server\jvm.dll
0x00007ffd05bf0000 - 0x00007ffd05bf8000 	C:\Windows\System32\PSAPI.DLL
0x00007ffcf2e70000 - 0x00007ffcf2e79000 	C:\Windows\SYSTEM32\WSOCK32.dll
0x00007ffd02640000 - 0x00007ffd02663000 	C:\Windows\SYSTEM32\WINMM.dll
0x00007ffcf44f0000 - 0x00007ffcf44fa000 	C:\Windows\SYSTEM32\VERSION.dll
0x00007ffd02610000 - 0x00007ffd0263b000 	C:\Windows\SYSTEM32\WINMMBASE.dll
0x00007ffd05400000 - 0x00007ffd05449000 	C:\Windows\System32\cfgmgr32.dll
0x0000000002650000 - 0x00000000026bc000 	C:\Windows\System32\WS2_32.dll
0x0000000058a20000 - 0x0000000058a2f000 	C:\Program Files\Java\jre1.8.0_181\bin\verify.dll
0x00000000589f0000 - 0x0000000058a19000 	C:\Program Files\Java\jre1.8.0_181\bin\java.dll
0x00000000589d0000 - 0x00000000589e6000 	C:\Program Files\Java\jre1.8.0_181\bin\zip.dll

VM Arguments:
jvm_args: -Dfile.encoding=UTF-8 
java_command: fiscalizacao.Main
java_class_path (initial): C:\Program Files\Java\jre1.8.0_181\lib\resources.jar;C:\Program Files\Java\jre1.8.0_181\lib\rt.jar;C:\Program Files\Java\jre1.8.0_181\lib\jsse.jar;C:\Program Files\Java\jre1.8.0_181\lib\jce.jar;C:\Program Files\Java\jre1.8.0_181\lib\charsets.jar;C:\Program Files\Java\jre1.8.0_181\lib\jfr.jar;C:\Program Files\Java\jre1.8.0_181\lib\ext\access-bridge-64.jar;C:\Program Files\Java\jre1.8.0_181\lib\ext\cldrdata.jar;C:\Program Files\Java\jre1.8.0_181\lib\ext\dnsns.jar;C:\Program Files\Java\jre1.8.0_181\lib\ext\jaccess.jar;C:\Program Files\Java\jre1.8.0_181\lib\ext\jfxrt.jar;C:\Program Files\Java\jre1.8.0_181\lib\ext\localedata.jar;C:\Program Files\Java\jre1.8.0_181\lib\ext\nashorn.jar;C:\Program Files\Java\jre1.8.0_181\lib\ext\sunec.jar;C:\Program Files\Java\jre1.8.0_181\lib\ext\sunjce_provider.jar;C:\Program Files\Java\jre1.8.0_181\lib\ext\sunmscapi.jar;C:\Program Files\Java\jre1.8.0_181\lib\ext\sunpkcs11.jar;C:\Program Files\Java\jre1.8.0_181\lib\ext\zipfs.jar;C:\Users\fabricio.barrozo\git\fiscal\target\classes;C:\Users\fabricio.barrozo\.p2\pool\plugins\org.junit_4.12.0.v201504281640\junit.jar;C:\Users\fabricio.barrozo\.p2\pool\plugins\org.hamcrest.core_1.3.0.v201303031735.jar;C:\Users\fabricio.barrozo\.m2\repository\org\hibernate\hibernate-entitymanager\5.1.0.Final\hibernate-entitymanager-5.1.0.Final.jar;C:\Users\fabricio.barrozo\.m2\repository\org\hibernate\hibernate-core\5.1.0.Final\hibernate-core-5.1.0.Final.jar;C:\Users\fabricio.barrozo\.m2\repository\org\jboss\jandex\2.0.0.Final\jandex-2.0.0.Final.jar;C:\Users\fabricio.barrozo\.m2\repository\com\fasterxml\classmate\1.3.0\classmate-1.3.0.jar;C:\Users\fabricio.barrozo\.m2\repository\org\jboss\logging\jboss-logging\3.3.0.Final\jboss-logging-3.3.0.Final.jar;C:\Users\fabricio.barrozo\.m2\repository\org\javassist\javassist\3.20.0-GA\javassist-3.20.0-GA.jar;C:\Users\fabricio.barrozo\.m2\repository\commons-collections\commons-collections\2.1\commons-collections-2.1.jar;C:\Users\fabricio.barrozo
Launcher Type: SUN_STANDARD

Environment Variables:
PATH=C:/Program Files/Java/jre1.8.0_181/bin/server;C:/Program Files/Java/jre1.8.0_181/bin;C:/Program Files/Java/jre1.8.0_181/lib/amd64;C:\Program Files (x86)\Common Files\Oracle\Java\javapath;C:\ProgramData\Oracle\Java\javapath;C:\Program Files (x86)\Intel\iCLS Client\;C:\Program Files\Intel\iCLS Client\;C:\Windows\system32;C:\Windows;C:\Windows\System32\Wbem;C:\Windows\System32\WindowsPowerShell\v1.0\;C:\Program Files (x86)\Intel\Intel(R) Management Engine Components\DAL;C:\Program Files\Intel\Intel(R) Management Engine Components\DAL;C:\Program Files (x86)\Intel\Intel(R) Management Engine Components\IPT;C:\Program Files\Intel\Intel(R) Management Engine Components\IPT;C:\Program Files\Intel\WiFi\bin\;C:\Program Files\Common Files\Intel\WirelessCommon\;c:\Program Files\Microsoft SQL Server\110\Tools\Binn\;c:\Program Files (x86)\Microsoft SQL Server\110\Tools\Binn\ManagementStudio\;c:\Program Files (x86)\Microsoft SQL Server\110\Tools\Binn\;c:\Program Files (x86)\Microsoft SQL Server\110\DTS\Binn\;C:\Users\fabricio.barrozo\AppData\Local\Microsoft\WindowsApps;;C:\Windows\system32;
USERNAME=fabricio.barrozo
OS=Windows_NT
PROCESSOR_IDENTIFIER=Intel64 Family 6 Model 94 Stepping 3, GenuineIntel



---------------  S Y S T E M  ---------------

OS: Windows 10.0 , 64 bit Build 15063 (10.0.15063.1058)

CPU:total 4 (initial active 4) (4 cores per cpu, 1 threads per core) family 6 model 94 stepping 3, cmov, cx8, fxsr, mmx, sse, sse2, sse3, ssse3, sse4.1, sse4.2, popcnt, avx, avx2, aes, clmul, erms, rtm, 3dnowpref, lzcnt, tsc, tscinvbit, bmi1, bmi2, adx

Memory: 4k page, physical 8249056k(993344k free), swap 10196704k(6004k free)

vm_info: Java HotSpot(TM) 64-Bit Server VM (25.181-b13) for windows-amd64 JRE (1.8.0_181-b13), built on Jul  7 2018 04:01:33 by "java_re" with MS VC++ 10.0 (VS2010)

time: Tue Sep 18 14:35:33 2018
elapsed time: 0 seconds (0d 0h 0m 0s)

