#
# A fatal error has been detected by the Java Runtime Environment:
#
#  EXCEPTION_ACCESS_VIOLATION (0xc0000005) at pc=0x000000007335ff61, pid=576, tid=0x0000000000002748
#
# JRE version: Java(TM) SE Runtime Environment (8.0_181-b13) (build 1.8.0_181-b13)
# Java VM: Java HotSpot(TM) 64-Bit Server VM (25.181-b13 mixed mode windows-amd64 compressed oops)
# Problematic frame:
# C  [jfxwebkit.dll+0x13eff61]
#
# Failed to write core dump. Minidumps are not enabled by default on client versions of Windows
#
# If you would like to submit a bug report, please visit:
#   http://bugreport.java.com/bugreport/crash.jsp
# The crash happened outside the Java Virtual Machine in native code.
# See problematic frame for where to report the bug.
#

---------------  T H R E A D  ---------------

Current thread (0x0000000019a17000):  JavaThread "JavaFX Application Thread" [_thread_in_native, id=10056, stack(0x000000001a3a0000,0x000000001a4a0000)]

siginfo: ExceptionCode=0xc0000005, writing address 0x00000000bbadbeef

Registers:
RAX=0x0000000000000000, RBX=0x000000001a49d920, RCX=0x6538996b4d600000, RDX=0x0000000000000000
RSP=0x000000001a49d710, RBP=0x0000000079246ef5, RSI=0x000000001a49d930, RDI=0x000000000006cb05
R8 =0x000000001a49b9d8, R9 =0x000000001a49cf91, R10=0x0000000000000000, R11=0x000000001a49d540
R12=0x000000001a49da78, R13=0x0000000079246f00, R14=0x0000000000000000, R15=0x000000000006cb05
RIP=0x000000007335ff61, EFLAGS=0x0000000000010246

Top of Stack: (sp=0x000000001a49d710)
0x000000001a49d710:   000000001a49d920 00007ffd822ba0be
0x000000001a49d720:   000000007714ce38 4474000000000000
0x000000001a49d730:   0000000000000014 0000000000000000
0x000000001a49d740:   0000000073396e19 000000007335ff4e
0x000000001a49d750:   0000000073360ce9 00000000733610ee
0x000000001a49d760:   00000000733645e3 000000007252e420
0x000000001a49d770:   00000000723bcc64 00000000723bcd6a
0x000000001a49d780:   00000000723e2724 0000000072000852
0x000000001a49d790:   0000000072170c9b 0000000072197fec
0x000000001a49d7a0:   0000000072308af3 00000000722fee69
0x000000001a49d7b0:   000000007218548e 000000007217185c
0x000000001a49d7c0:   00000000723da81a 00000000723baceb
0x000000001a49d7d0:   00000000723b53f0 0000000003278c67
0x000000001a49d7e0:   0000000000000006 00000000013c7740
0x000000001a49d7f0:   00000ab5e2e25810 0000000079246ef5
0x000000001a49d800:   0000000000000008 00007ffd7f47e91f 

Instructions: (pc=0x000000007335ff61)
0x000000007335ff41:   00 00 00 48 8d 4c 24 30 e8 b2 6e 03 00 8b 54 24
0x000000007335ff51:   20 48 8d 4c 24 40 83 c2 fe e8 11 07 00 00 33 c0
0x000000007335ff61:   a3 ef be ad bb 00 00 00 00 ff d0 48 8b 8c 24 40
0x000000007335ff71:   01 00 00 48 33 cc e8 24 c9 03 00 48 81 c4 58 01 


Register to memory mapping:

RAX=0x0000000000000000 is an unknown value
RBX=0x000000001a49d920 is pointing into the stack for thread: 0x0000000019a17000
RCX=0x6538996b4d600000 is an unknown value
RDX=0x0000000000000000 is an unknown value
RSP=0x000000001a49d710 is pointing into the stack for thread: 0x0000000019a17000
RBP=0x0000000079246ef5 is an unknown value
RSI=0x000000001a49d930 is pointing into the stack for thread: 0x0000000019a17000
RDI=0x000000000006cb05 is an unknown value
R8 =0x000000001a49b9d8 is pointing into the stack for thread: 0x0000000019a17000
R9 =0x000000001a49cf91 is pointing into the stack for thread: 0x0000000019a17000
R10=0x0000000000000000 is an unknown value
R11=0x000000001a49d540 is pointing into the stack for thread: 0x0000000019a17000
R12=0x000000001a49da78 is pointing into the stack for thread: 0x0000000019a17000
R13=0x0000000079246f00 is an unknown value
R14=0x0000000000000000 is an unknown value
R15=0x000000000006cb05 is an unknown value


Stack: [0x000000001a3a0000,0x000000001a4a0000],  sp=0x000000001a49d710,  free space=1013k
Native frames: (J=compiled Java code, j=interpreted, Vv=VM code, C=native code)
C  [jfxwebkit.dll+0x13eff61]

Java frames: (J=compiled Java code, j=interpreted, Vv=VM code)
j  com.sun.webkit.network.URLLoader.twkDidFinishLoading(J)V+0
j  com.sun.webkit.network.URLLoader.notifyDidFinishLoading()V+44
j  com.sun.webkit.network.URLLoader.lambda$didFinishLoading$105()V+8
j  com.sun.webkit.network.URLLoader$$Lambda$220.run()V+4
J 6203 C1 com.sun.javafx.application.PlatformImpl$$Lambda$49.run()Ljava/lang/Object; (8 bytes) @ 0x0000000003e0b6cc [0x0000000003e0b580+0x14c]
v  ~StubRoutines::call_stub
J 3774  java.security.AccessController.doPrivileged(Ljava/security/PrivilegedAction;Ljava/security/AccessControlContext;)Ljava/lang/Object; (0 bytes) @ 0x0000000003dd2d66 [0x0000000003dd2d00+0x66]
J 6200 C1 com.sun.javafx.application.PlatformImpl.lambda$runLater$173(Ljava/lang/Runnable;Ljava/security/AccessControlContext;)V (38 bytes) @ 0x000000000349f38c [0x000000000349f020+0x36c]
J 5851 C1 com.sun.javafx.application.PlatformImpl$$Lambda$48.run()V (12 bytes) @ 0x0000000004129e04 [0x0000000004129d80+0x84]
J 5698 C1 com.sun.glass.ui.InvokeLaterDispatcher$Future.run()V (91 bytes) @ 0x00000000040b8dcc [0x00000000040b8cc0+0x10c]
v  ~StubRoutines::call_stub
j  com.sun.glass.ui.win.WinApplication._runLoop(Ljava/lang/Runnable;)V+0
j  com.sun.glass.ui.win.WinApplication.lambda$null$147(ILjava/lang/Runnable;)V+8
j  com.sun.glass.ui.win.WinApplication$$Lambda$37.run()V+12
j  java.lang.Thread.run()V+11
v  ~StubRoutines::call_stub

---------------  P R O C E S S  ---------------

Java Threads: ( => current thread )
  0x000000006787b800 JavaThread "Thread-7" daemon [_thread_in_native, id=6960, stack(0x0000000078330000,0x0000000078430000)]
  0x000000006787d000 JavaThread "Keep-Alive-SocketCleaner" daemon [_thread_blocked, id=2808, stack(0x0000000075840000,0x0000000075940000)]
  0x0000000067873800 JavaThread "URL-Loader-20" daemon [_thread_blocked, id=1264, stack(0x0000000070230000,0x0000000070330000)]
  0x0000000067878800 JavaThread "URL-Loader-19" daemon [_thread_blocked, id=12864, stack(0x000000006f060000,0x000000006f160000)]
  0x000000006787a000 JavaThread "URL-Loader-18" daemon [_thread_blocked, id=11432, stack(0x000000006ef60000,0x000000006f060000)]
  0x0000000067878000 JavaThread "URL-Loader-17" daemon [_thread_blocked, id=2364, stack(0x000000006ed60000,0x000000006ee60000)]
  0x0000000067876800 JavaThread "URL-Loader-16" daemon [_thread_blocked, id=16576, stack(0x000000006ec60000,0x000000006ed60000)]
  0x0000000067874000 JavaThread "URL-Loader-15" daemon [_thread_blocked, id=1052, stack(0x000000006ea60000,0x000000006eb60000)]
  0x0000000067875800 JavaThread "URL-Loader-14" daemon [_thread_blocked, id=3524, stack(0x000000006e860000,0x000000006e960000)]
  0x0000000067879800 JavaThread "URL-Loader-13" daemon [_thread_in_native, id=7040, stack(0x000000006da40000,0x000000006db40000)]
  0x0000000067875000 JavaThread "URL-Loader-12" daemon [_thread_blocked, id=8920, stack(0x000000006d940000,0x000000006da40000)]
  0x0000000021c0f000 JavaThread "URL-Loader-11" daemon [_thread_blocked, id=13144, stack(0x000000006c940000,0x000000006ca40000)]
  0x0000000021c0e800 JavaThread "URL-Loader-10" daemon [_thread_blocked, id=14476, stack(0x000000006c840000,0x000000006c940000)]
  0x0000000021c10800 JavaThread "URL-Loader-9" daemon [_thread_blocked, id=13936, stack(0x000000006c740000,0x000000006c840000)]
  0x0000000021c13000 JavaThread "URL-Loader-8" daemon [_thread_blocked, id=16268, stack(0x000000006c640000,0x000000006c740000)]
  0x0000000021c15000 JavaThread "URL-Loader-7" daemon [_thread_blocked, id=13004, stack(0x000000006c540000,0x000000006c640000)]
  0x0000000021c12000 JavaThread "URL-Loader-6" daemon [_thread_blocked, id=11744, stack(0x000000006c440000,0x000000006c540000)]
  0x0000000021c14800 JavaThread "URL-Loader-5" daemon [_thread_blocked, id=2832, stack(0x000000006c340000,0x000000006c440000)]
  0x0000000021c10000 JavaThread "Keep-Alive-Timer" daemon [_thread_blocked, id=11156, stack(0x0000000068e70000,0x0000000068f70000)]
  0x0000000021c11800 JavaThread "URL-Loader-4" daemon [_thread_blocked, id=13636, stack(0x0000000065300000,0x0000000065400000)]
  0x0000000021bfc000 JavaThread "URL-Loader-3" daemon [_thread_blocked, id=14604, stack(0x0000000065200000,0x0000000065300000)]
  0x0000000021517000 JavaThread "URL-Loader-2" daemon [_thread_in_native, id=3672, stack(0x0000000065100000,0x0000000065200000)]
  0x00000000214f5000 JavaThread "URL-Loader-1" daemon [_thread_blocked, id=892, stack(0x0000000064e00000,0x0000000064f00000)]
  0x00000000214f6800 JavaThread "Disposer" daemon [_thread_blocked, id=11180, stack(0x0000000064b00000,0x0000000064c00000)]
  0x00000000214f2800 JavaThread "Prism Font Disposer" daemon [_thread_blocked, id=9284, stack(0x0000000064200000,0x0000000064300000)]
  0x0000000019a79000 JavaThread "Thread-3" daemon [_thread_in_native, id=15260, stack(0x0000000021550000,0x0000000021650000)]
  0x0000000019a73800 JavaThread "JavaFX-Launcher" [_thread_blocked, id=17012, stack(0x0000000021650000,0x0000000021750000)]
=>0x0000000019a17000 JavaThread "JavaFX Application Thread" [_thread_in_native, id=10056, stack(0x000000001a3a0000,0x000000001a4a0000)]
  0x0000000019a16000 JavaThread "Thread-1" daemon [_thread_blocked, id=9512, stack(0x000000001a2a0000,0x000000001a3a0000)]
  0x00000000199e0800 JavaThread "QuantumRenderer-0" daemon [_thread_blocked, id=9160, stack(0x0000000019e80000,0x0000000019f80000)]
  0x00000000196b0800 JavaThread "Service Thread" daemon [_thread_blocked, id=13640, stack(0x0000000019a90000,0x0000000019b90000)]
  0x0000000017d42000 JavaThread "C1 CompilerThread2" daemon [_thread_blocked, id=6688, stack(0x0000000019590000,0x0000000019690000)]
  0x0000000017d37000 JavaThread "C2 CompilerThread1" daemon [_thread_blocked, id=16632, stack(0x0000000019490000,0x0000000019590000)]
  0x0000000017d33000 JavaThread "C2 CompilerThread0" daemon [_thread_blocked, id=12072, stack(0x0000000019390000,0x0000000019490000)]
  0x0000000017d31000 JavaThread "Attach Listener" daemon [_thread_blocked, id=16660, stack(0x0000000019290000,0x0000000019390000)]
  0x0000000017d30000 JavaThread "Signal Dispatcher" daemon [_thread_blocked, id=904, stack(0x0000000019190000,0x0000000019290000)]
  0x000000000316d800 JavaThread "Finalizer" daemon [_thread_blocked, id=14072, stack(0x0000000018f90000,0x0000000019090000)]
  0x0000000003162800 JavaThread "Reference Handler" daemon [_thread_blocked, id=14836, stack(0x0000000018e90000,0x0000000018f90000)]
  0x0000000003073800 JavaThread "main" [_thread_blocked, id=13160, stack(0x0000000002f40000,0x0000000003040000)]

Other Threads:
  0x0000000017cf8000 VMThread [stack: 0x0000000018d90000,0x0000000018e90000] [id=5360]
  0x0000000017d8d800 WatcherThread [stack: 0x0000000019b90000,0x0000000019c90000] [id=8888]

VM state:not at safepoint (normal execution)

VM Mutex/Monitor currently owned by a thread: None

Heap:
 PSYoungGen      total 171520K, used 21804K [0x00000000d6100000, 0x00000000e2300000, 0x0000000100000000)
  eden space 152576K, 9% used [0x00000000d6100000,0x00000000d6f33a20,0x00000000df600000)
  from space 18944K, 38% used [0x00000000df600000,0x00000000dfd177d0,0x00000000e0880000)
  to   space 18944K, 0% used [0x00000000e0880000,0x00000000e0880000,0x00000000e1b00000)
 ParOldGen       total 56832K, used 37083K [0x0000000082200000, 0x0000000085980000, 0x00000000d6100000)
  object space 56832K, 65% used [0x0000000082200000,0x0000000084636f10,0x0000000085980000)
 Metaspace       used 29729K, capacity 31858K, committed 32128K, reserved 1077248K
  class space    used 4073K, capacity 4450K, committed 4480K, reserved 1048576K

Card table byte_map: [0x0000000012620000,0x0000000012a10000] byte_map_base: 0x000000001220f000

Marking Bits: (ParMarkBitMap*) 0x00000000767b2d00
 Begin Bits: [0x00000000130b0000, 0x0000000015028000)
 End Bits:   [0x0000000015028000, 0x0000000016fa0000)

Polling page: 0x0000000001200000

CodeCache: size=245760Kb used=16224Kb max_used=16513Kb free=229535Kb
 bounds [0x0000000003260000, 0x00000000042a0000, 0x0000000012260000]
 total_blobs=6352 nmethods=5539 adapters=724
 compilation: enabled

Compilation events (10 events):
Event: 13.112 Thread 0x0000000017d42000 6398       3       javafx.geometry.Bounds::getMinZ (5 bytes)
Event: 13.112 Thread 0x0000000017d42000 nmethod 6398 0x0000000003987f10 code [0x0000000003988060, 0x00000000039881b0]
Event: 13.114 Thread 0x0000000017d42000 6399   !   3       com.sun.javafx.sg.prism.NGNode::accumulateGroupDirtyRegion (652 bytes)
Event: 13.114 Thread 0x0000000017d37000 6400       4       com.sun.javafx.geom.BoxBounds::flattenInto (46 bytes)
Event: 13.114 Thread 0x0000000017d33000 6401       4       com.sun.javafx.geom.transform.AffineBase::transform3DBounds (653 bytes)
Event: 13.115 Thread 0x0000000017d37000 nmethod 6400 0x0000000003987a90 code [0x0000000003987be0, 0x0000000003987d58]
Event: 13.115 Thread 0x0000000017d37000 6402       4       com.sun.javafx.geom.BoxBounds::deriveWithNewBounds (61 bytes)
Event: 13.116 Thread 0x0000000017d37000 nmethod 6402 0x0000000003b6f6d0 code [0x0000000003b6f800, 0x0000000003b6f998]
Event: 13.117 Thread 0x0000000017d42000 nmethod 6399 0x0000000004191410 code [0x0000000004191920, 0x00000000041952f8]
Event: 13.126 Thread 0x0000000017d33000 nmethod 6401 0x0000000003b90750 code [0x0000000003b90960, 0x0000000003b91468]

GC Heap History (10 events):
Event: 5.252 GC heap before
{Heap before GC invocations=6 (full 1):
 PSYoungGen      total 57344K, used 57326K [0x00000000d6100000, 0x00000000dab00000, 0x0000000100000000)
  eden space 52224K, 100% used [0x00000000d6100000,0x00000000d9400000,0x00000000d9400000)
  from space 5120K, 99% used [0x00000000da600000,0x00000000daafbb28,0x00000000dab00000)
  to   space 5120K, 0% used [0x00000000da100000,0x00000000da100000,0x00000000da600000)
 ParOldGen       total 56832K, used 9284K [0x0000000082200000, 0x0000000085980000, 0x00000000d6100000)
  object space 56832K, 16% used [0x0000000082200000,0x0000000082b11018,0x0000000085980000)
 Metaspace       used 26477K, capacity 28464K, committed 28544K, reserved 1073152K
  class space    used 3813K, capacity 4179K, committed 4224K, reserved 1048576K
Event: 5.271 GC heap after
Heap after GC invocations=6 (full 1):
 PSYoungGen      total 70656K, used 5120K [0x00000000d6100000, 0x00000000dd300000, 0x0000000100000000)
  eden space 65536K, 0% used [0x00000000d6100000,0x00000000d6100000,0x00000000da100000)
  from space 5120K, 100% used [0x00000000da100000,0x00000000da600000,0x00000000da600000)
  to   space 15872K, 0% used [0x00000000dc380000,0x00000000dc380000,0x00000000dd300000)
 ParOldGen       total 56832K, used 23295K [0x0000000082200000, 0x0000000085980000, 0x00000000d6100000)
  object space 56832K, 40% used [0x0000000082200000,0x00000000838bfe58,0x0000000085980000)
 Metaspace       used 26477K, capacity 28464K, committed 28544K, reserved 1073152K
  class space    used 3813K, capacity 4179K, committed 4224K, reserved 1048576K
}
Event: 8.614 GC heap before
{Heap before GC invocations=7 (full 1):
 PSYoungGen      total 70656K, used 70613K [0x00000000d6100000, 0x00000000dd300000, 0x0000000100000000)
  eden space 65536K, 99% used [0x00000000d6100000,0x00000000da0f5768,0x00000000da100000)
  from space 5120K, 100% used [0x00000000da100000,0x00000000da600000,0x00000000da600000)
  to   space 15872K, 0% used [0x00000000dc380000,0x00000000dc380000,0x00000000dd300000)
 ParOldGen       total 56832K, used 23295K [0x0000000082200000, 0x0000000085980000, 0x00000000d6100000)
  object space 56832K, 40% used [0x0000000082200000,0x00000000838bfe58,0x0000000085980000)
 Metaspace       used 28515K, capacity 30498K, committed 30848K, reserved 1075200K
  class space    used 4016K, capacity 4354K, committed 4480K, reserved 1048576K
Event: 8.625 GC heap after
Heap after GC invocations=7 (full 1):
 PSYoungGen      total 98816K, used 14276K [0x00000000d6100000, 0x00000000de880000, 0x0000000100000000)
  eden space 82944K, 0% used [0x00000000d6100000,0x00000000d6100000,0x00000000db200000)
  from space 15872K, 89% used [0x00000000dc380000,0x00000000dd171300,0x00000000dd300000)
  to   space 17920K, 0% used [0x00000000db200000,0x00000000db200000,0x00000000dc380000)
 ParOldGen       total 56832K, used 23303K [0x0000000082200000, 0x0000000085980000, 0x00000000d6100000)
  object space 56832K, 41% used [0x0000000082200000,0x00000000838c1e58,0x0000000085980000)
 Metaspace       used 28515K, capacity 30498K, committed 30848K, reserved 1075200K
  class space    used 4016K, capacity 4354K, committed 4480K, reserved 1048576K
}
Event: 8.683 GC heap before
{Heap before GC invocations=8 (full 1):
 PSYoungGen      total 98816K, used 97136K [0x00000000d6100000, 0x00000000de880000, 0x0000000100000000)
  eden space 82944K, 99% used [0x00000000d6100000,0x00000000db1eadd0,0x00000000db200000)
  from space 15872K, 89% used [0x00000000dc380000,0x00000000dd171300,0x00000000dd300000)
  to   space 17920K, 0% used [0x00000000db200000,0x00000000db200000,0x00000000dc380000)
 ParOldGen       total 56832K, used 23303K [0x0000000082200000, 0x0000000085980000, 0x00000000d6100000)
  object space 56832K, 41% used [0x0000000082200000,0x00000000838c1e58,0x0000000085980000)
 Metaspace       used 28516K, capacity 30498K, committed 30848K, reserved 1075200K
  class space    used 4016K, capacity 4354K, committed 4480K, reserved 1048576K
Event: 8.695 GC heap after
Heap after GC invocations=8 (full 1):
 PSYoungGen      total 100864K, used 14087K [0x00000000d6100000, 0x00000000e1b00000, 0x0000000100000000)
  eden space 82944K, 0% used [0x00000000d6100000,0x00000000d6100000,0x00000000db200000)
  from space 17920K, 78% used [0x00000000db200000,0x00000000dbfc1d60,0x00000000dc380000)
  to   space 18944K, 0% used [0x00000000e0880000,0x00000000e0880000,0x00000000e1b00000)
 ParOldGen       total 56832K, used 23311K [0x0000000082200000, 0x0000000085980000, 0x00000000d6100000)
  object space 56832K, 41% used [0x0000000082200000,0x00000000838c3e58,0x0000000085980000)
 Metaspace       used 28516K, capacity 30498K, committed 30848K, reserved 1075200K
  class space    used 4016K, capacity 4354K, committed 4480K, reserved 1048576K
}
Event: 8.708 GC heap before
{Heap before GC invocations=9 (full 1):
 PSYoungGen      total 100864K, used 96892K [0x00000000d6100000, 0x00000000e1b00000, 0x0000000100000000)
  eden space 82944K, 99% used [0x00000000d6100000,0x00000000db1dd2e0,0x00000000db200000)
  from space 17920K, 78% used [0x00000000db200000,0x00000000dbfc1d60,0x00000000dc380000)
  to   space 18944K, 0% used [0x00000000e0880000,0x00000000e0880000,0x00000000e1b00000)
 ParOldGen       total 56832K, used 23311K [0x0000000082200000, 0x0000000085980000, 0x00000000d6100000)
  object space 56832K, 41% used [0x0000000082200000,0x00000000838c3e58,0x0000000085980000)
 Metaspace       used 28516K, capacity 30498K, committed 30848K, reserved 1075200K
  class space    used 4016K, capacity 4354K, committed 4480K, reserved 1048576K
Event: 8.717 GC heap after
Heap after GC invocations=9 (full 1):
 PSYoungGen      total 171520K, used 12703K [0x00000000d6100000, 0x00000000e2300000, 0x0000000100000000)
  eden space 152576K, 0% used [0x00000000d6100000,0x00000000d6100000,0x00000000df600000)
  from space 18944K, 67% used [0x00000000e0880000,0x00000000e14e7fe8,0x00000000e1b00000)
  to   space 18944K, 0% used [0x00000000df600000,0x00000000df600000,0x00000000e0880000)
 ParOldGen       total 56832K, used 24744K [0x0000000082200000, 0x0000000085980000, 0x00000000d6100000)
  object space 56832K, 43% used [0x0000000082200000,0x0000000083a2a2b8,0x0000000085980000)
 Metaspace       used 28516K, capacity 30498K, committed 30848K, reserved 1075200K
  class space    used 4016K, capacity 4354K, committed 4480K, reserved 1048576K
}
Event: 12.483 GC heap before
{Heap before GC invocations=10 (full 1):
 PSYoungGen      total 171520K, used 165279K [0x00000000d6100000, 0x00000000e2300000, 0x0000000100000000)
  eden space 152576K, 100% used [0x00000000d6100000,0x00000000df600000,0x00000000df600000)
  from space 18944K, 67% used [0x00000000e0880000,0x00000000e14e7fe8,0x00000000e1b00000)
  to   space 18944K, 0% used [0x00000000df600000,0x00000000df600000,0x00000000e0880000)
 ParOldGen       total 56832K, used 24744K [0x0000000082200000, 0x0000000085980000, 0x00000000d6100000)
  object space 56832K, 43% used [0x0000000082200000,0x0000000083a2a2b8,0x0000000085980000)
 Metaspace       used 29640K, capacity 31730K, committed 31872K, reserved 1077248K
  class space    used 4071K, capacity 4450K, committed 4480K, reserved 1048576K
Event: 12.494 GC heap after
Heap after GC invocations=10 (full 1):
 PSYoungGen      total 171520K, used 7261K [0x00000000d6100000, 0x00000000e2300000, 0x0000000100000000)
  eden space 152576K, 0% used [0x00000000d6100000,0x00000000d6100000,0x00000000df600000)
  from space 18944K, 38% used [0x00000000df600000,0x00000000dfd177d0,0x00000000e0880000)
  to   space 18944K, 0% used [0x00000000e0880000,0x00000000e0880000,0x00000000e1b00000)
 ParOldGen       total 56832K, used 37083K [0x0000000082200000, 0x0000000085980000, 0x00000000d6100000)
  object space 56832K, 65% used [0x0000000082200000,0x0000000084636f10,0x0000000085980000)
 Metaspace       used 29640K, capacity 31730K, committed 31872K, reserved 1077248K
  class space    used 4071K, capacity 4450K, committed 4480K, reserved 1048576K
}

Deoptimization events (10 events):
Event: 11.287 Thread 0x0000000019a17000 Uncommon trap: reason=unstable_if action=reinterpret pc=0x0000000004185090 method=javafx.scene.CssStyleHelper.canReuseStyleHelper(Ljavafx/scene/Node;Lcom/sun/javafx/css/StyleMap;)Z @ 64
Event: 11.422 Thread 0x00000000199e0800 Uncommon trap: reason=class_check action=maybe_recompile pc=0x0000000003cf2a08 method=com.sun.javafx.font.CompositeStrike.getStrikeSlot(I)Lcom/sun/javafx/font/FontStrike; @ 16
Event: 11.424 Thread 0x00000000199e0800 Uncommon trap: reason=unstable_if action=reinterpret pc=0x00000000040ebfb8 method=com.sun.javafx.geom.transform.AffineBase.updateState2D()V @ 86
Event: 11.424 Thread 0x00000000199e0800 Uncommon trap: reason=unstable_if action=reinterpret pc=0x00000000040bac50 method=com.sun.javafx.geom.transform.AffineBase.updateState2D()V @ 86
Event: 11.425 Thread 0x00000000199e0800 Uncommon trap: reason=unstable_if action=reinterpret pc=0x0000000003ff9350 method=com.sun.javafx.geom.transform.AffineBase.updateState2D()V @ 86
Event: 11.608 Thread 0x0000000019a17000 Uncommon trap: reason=class_check action=maybe_recompile pc=0x000000000401d754 method=javafx.scene.Node.updateLocalToParentTransform()V @ 11
Event: 11.608 Thread 0x0000000019a17000 Uncommon trap: reason=class_check action=maybe_recompile pc=0x000000000401d754 method=javafx.scene.Node.updateLocalToParentTransform()V @ 11
Event: 12.258 Thread 0x0000000019a17000 Uncommon trap: reason=class_check action=maybe_recompile pc=0x000000000401d754 method=javafx.scene.Node.updateLocalToParentTransform()V @ 11
Event: 12.258 Thread 0x0000000019a17000 Uncommon trap: reason=class_check action=maybe_recompile pc=0x000000000401d754 method=javafx.scene.Node.updateLocalToParentTransform()V @ 11
Event: 12.274 Thread 0x0000000019a17000 Uncommon trap: reason=unstable_if action=reinterpret pc=0x000000000349e918 method=com.sun.javafx.iio.png.PNGImageLoader2.decodePalette([BLcom/sun/javafx/iio/ImageMetadata;)Lcom/sun/javafx/iio/ImageFrame; @ 155

Classes redefined (0 events):
No events

Internal exceptions (10 events):
Event: 8.013 Thread 0x0000000019a17000 Exception <a 'java/io/FileNotFoundException'> (0x00000000d7bf0418) thrown at [C:\re\workspace\8-2-build-windows-amd64-cygwin\jdk8u181\11358\hotspot\src\share\vm\prims\jni.cpp, line 709]
Event: 8.146 Thread 0x0000000019a17000 Exception <a 'java/lang/ClassNotFoundException': sun/net/www/protocol/about/Handler> (0x00000000d7c68188) thrown at [C:\re\workspace\8-2-build-windows-amd64-cygwin\jdk8u181\11358\hotspot\src\share\vm\classfile\systemDictionary.cpp, line 210]
Event: 9.308 Thread 0x0000000019a17000 Exception <a 'java/lang/ClassNotFoundException': sun/net/www/protocol/about/Handler> (0x00000000da8722b8) thrown at [C:\re\workspace\8-2-build-windows-amd64-cygwin\jdk8u181\11358\hotspot\src\share\vm\classfile\systemDictionary.cpp, line 210]
Event: 10.692 Thread 0x0000000019a17000 Exception <a 'java/lang/ClassNotFoundException': sun/net/www/protocol/about/Handler> (0x00000000da9a9a08) thrown at [C:\re\workspace\8-2-build-windows-amd64-cygwin\jdk8u181\11358\hotspot\src\share\vm\classfile\systemDictionary.cpp, line 210]
Event: 10.695 Thread 0x0000000019a17000 Exception <a 'java/lang/ClassNotFoundException': sun/net/www/protocol/about/Handler> (0x00000000da9af640) thrown at [C:\re\workspace\8-2-build-windows-amd64-cygwin\jdk8u181\11358\hotspot\src\share\vm\classfile\systemDictionary.cpp, line 210]
Event: 10.706 Thread 0x0000000019a17000 Exception <a 'java/lang/ClassNotFoundException': sun/net/www/protocol/about/Handler> (0x00000000dd31ea10) thrown at [C:\re\workspace\8-2-build-windows-amd64-cygwin\jdk8u181\11358\hotspot\src\share\vm\classfile\systemDictionary.cpp, line 210]
Event: 10.708 Thread 0x0000000019a17000 Exception <a 'java/lang/ClassNotFoundException': sun/net/www/protocol/about/Handler> (0x00000000dd3241a0) thrown at [C:\re\workspace\8-2-build-windows-amd64-cygwin\jdk8u181\11358\hotspot\src\share\vm\classfile\systemDictionary.cpp, line 210]
Event: 12.668 Thread 0x000000006787b800 Exception <a 'sun/nio/fs/WindowsException'> (0x00000000d6b24bc8) thrown at [C:\re\workspace\8-2-build-windows-amd64-cygwin\jdk8u181\11358\hotspot\src\share\vm\prims\jni.cpp, line 709]
Event: 13.036 Thread 0x0000000019a17000 Exception <a 'java/lang/ClassNotFoundException': sun/net/www/protocol/about/Handler> (0x00000000d65a5738) thrown at [C:\re\workspace\8-2-build-windows-amd64-cygwin\jdk8u181\11358\hotspot\src\share\vm\classfile\systemDictionary.cpp, line 210]
Event: 13.081 Thread 0x0000000019a17000 Exception <a 'java/lang/ClassNotFoundException': sun/net/www/protocol/about/Handler> (0x00000000d65cc578) thrown at [C:\re\workspace\8-2-build-windows-amd64-cygwin\jdk8u181\11358\hotspot\src\share\vm\classfile\systemDictionary.cpp, line 210]

Events (10 events):
Event: 12.962 loading class sun/net/www/protocol/http/HttpURLConnection$10
Event: 12.963 loading class sun/net/www/protocol/http/HttpURLConnection$10 done
Event: 13.036 loading class sun/net/www/protocol/about/Handler
Event: 13.036 loading class sun/net/www/protocol/about/Handler done
Event: 13.036 loading class sun/net/www/protocol/about/Handler
Event: 13.036 loading class sun/net/www/protocol/about/Handler done
Event: 13.081 loading class sun/net/www/protocol/about/Handler
Event: 13.081 loading class sun/net/www/protocol/about/Handler done
Event: 13.081 loading class sun/net/www/protocol/about/Handler
Event: 13.081 loading class sun/net/www/protocol/about/Handler done


Dynamic libraries:
0x00007ff604060000 - 0x00007ff604097000 	C:\Program Files\Java\jre1.8.0_181\bin\javaw.exe
0x00007ffd82290000 - 0x00007ffd8246b000 	C:\Windows\SYSTEM32\ntdll.dll
0x00007ffd820c0000 - 0x00007ffd8216e000 	C:\Windows\System32\KERNEL32.DLL
0x00007ffd7ea00000 - 0x00007ffd7ec4a000 	C:\Windows\System32\KERNELBASE.dll
0x00007ffd81e30000 - 0x00007ffd81ed1000 	C:\Windows\System32\ADVAPI32.dll
0x00007ffd817a0000 - 0x00007ffd8183d000 	C:\Windows\System32\msvcrt.dll
0x00007ffd82060000 - 0x00007ffd820b9000 	C:\Windows\System32\sechost.dll
0x00007ffd81180000 - 0x00007ffd812a5000 	C:\Windows\System32\RPCRT4.dll
0x00007ffd812b0000 - 0x00007ffd813fa000 	C:\Windows\System32\USER32.dll
0x00007ffd7e9e0000 - 0x00007ffd7e9fe000 	C:\Windows\System32\win32u.dll
0x00007ffd82030000 - 0x00007ffd82057000 	C:\Windows\System32\GDI32.dll
0x00007ffd7e7b0000 - 0x00007ffd7e938000 	C:\Windows\System32\gdi32full.dll
0x00007ffd7e940000 - 0x00007ffd7e9da000 	C:\Windows\System32\msvcp_win.dll
0x00007ffd7f470000 - 0x00007ffd7f566000 	C:\Windows\System32\ucrtbase.dll
0x00007ffd72ae0000 - 0x00007ffd72d47000 	C:\Windows\WinSxS\amd64_microsoft.windows.common-controls_6595b64144ccf1df_6.0.15063.1155_none_40c7922129a7722b\COMCTL32.dll
0x00007ffd80e00000 - 0x00007ffd810f9000 	C:\Windows\System32\combase.dll
0x00007ffd7f400000 - 0x00007ffd7f46a000 	C:\Windows\System32\bcryptPrimitives.dll
0x00007ffd81fa0000 - 0x00007ffd81fcd000 	C:\Windows\System32\IMM32.DLL
0x00007ffd5db60000 - 0x00007ffd5dc0f000 	C:\Program Files\McAfee\Endpoint Security\Threat Prevention\Ips\EpMPApi.dll
0x00007ffd7f790000 - 0x00007ffd7f7e7000 	C:\Windows\System32\WINTRUST.dll
0x00007ffd7e720000 - 0x00007ffd7e731000 	C:\Windows\System32\MSASN1.dll
0x00007ffd7f5c0000 - 0x00007ffd7f789000 	C:\Windows\System32\CRYPT32.dll
0x0000000076b50000 - 0x0000000076b5c000 	C:\Program Files\McAfee\Endpoint Security\Threat Prevention\Ips\EpMPThe.dll
0x0000000075160000 - 0x0000000075232000 	C:\Program Files\Java\jre1.8.0_181\bin\msvcr100.dll
0x0000000075f90000 - 0x0000000076832000 	C:\Program Files\Java\jre1.8.0_181\bin\server\jvm.dll
0x00007ffd81790000 - 0x00007ffd81798000 	C:\Windows\System32\PSAPI.DLL
0x00007ffd7c9e0000 - 0x00007ffd7ca03000 	C:\Windows\SYSTEM32\WINMM.dll
0x00007ffd6d520000 - 0x00007ffd6d52a000 	C:\Windows\SYSTEM32\VERSION.dll
0x00007ffd6b1f0000 - 0x00007ffd6b1f9000 	C:\Windows\SYSTEM32\WSOCK32.dll
0x00007ffd81460000 - 0x00007ffd814cc000 	C:\Windows\System32\WS2_32.dll
0x00007ffd7c9b0000 - 0x00007ffd7c9db000 	C:\Windows\SYSTEM32\WINMMBASE.dll
0x00007ffd7f570000 - 0x00007ffd7f5b9000 	C:\Windows\System32\cfgmgr32.dll
0x0000000075f80000 - 0x0000000075f8f000 	C:\Program Files\Java\jre1.8.0_181\bin\verify.dll
0x0000000075f50000 - 0x0000000075f79000 	C:\Program Files\Java\jre1.8.0_181\bin\java.dll
0x0000000075f30000 - 0x0000000075f46000 	C:\Program Files\Java\jre1.8.0_181\bin\zip.dll
0x00007ffd7f9c0000 - 0x00007ffd80df8000 	C:\Windows\System32\SHELL32.dll
0x00007ffd81640000 - 0x00007ffd816ea000 	C:\Windows\System32\shcore.dll
0x00007ffd7ed00000 - 0x00007ffd7f3f1000 	C:\Windows\System32\windows.storage.dll
0x00007ffd7f7f0000 - 0x00007ffd7f841000 	C:\Windows\System32\shlwapi.dll
0x00007ffd7e790000 - 0x00007ffd7e7a1000 	C:\Windows\System32\kernel.appcore.dll
0x00007ffd7e740000 - 0x00007ffd7e78c000 	C:\Windows\System32\powrprof.dll
0x00007ffd7e700000 - 0x00007ffd7e715000 	C:\Windows\System32\profapi.dll
0x00000000031c0000 - 0x00000000031c3000 	C:\Program Files\Java\jre1.8.0_181\bin\api-ms-win-core-console-l1-1-0.dll
0x00000000031d0000 - 0x00000000031d3000 	C:\Program Files\Java\jre1.8.0_181\bin\api-ms-win-core-datetime-l1-1-0.dll
0x00000000031e0000 - 0x00000000031e3000 	C:\Program Files\Java\jre1.8.0_181\bin\api-ms-win-core-debug-l1-1-0.dll
0x00000000031f0000 - 0x00000000031f3000 	C:\Program Files\Java\jre1.8.0_181\bin\api-ms-win-core-errorhandling-l1-1-0.dll
0x0000000003200000 - 0x0000000003204000 	C:\Program Files\Java\jre1.8.0_181\bin\api-ms-win-core-file-l1-1-0.dll
0x0000000003210000 - 0x0000000003213000 	C:\Program Files\Java\jre1.8.0_181\bin\api-ms-win-core-file-l1-2-0.dll
0x0000000003220000 - 0x0000000003223000 	C:\Program Files\Java\jre1.8.0_181\bin\api-ms-win-core-file-l2-1-0.dll
0x0000000003230000 - 0x0000000003233000 	C:\Program Files\Java\jre1.8.0_181\bin\api-ms-win-core-handle-l1-1-0.dll
0x0000000003240000 - 0x0000000003243000 	C:\Program Files\Java\jre1.8.0_181\bin\api-ms-win-core-heap-l1-1-0.dll
0x0000000019c90000 - 0x0000000019c93000 	C:\Program Files\Java\jre1.8.0_181\bin\api-ms-win-core-interlocked-l1-1-0.dll
0x0000000019ca0000 - 0x0000000019ca3000 	C:\Program Files\Java\jre1.8.0_181\bin\api-ms-win-core-libraryloader-l1-1-0.dll
0x0000000019cb0000 - 0x0000000019cb3000 	C:\Program Files\Java\jre1.8.0_181\bin\api-ms-win-core-localization-l1-2-0.dll
0x0000000019cc0000 - 0x0000000019cc3000 	C:\Program Files\Java\jre1.8.0_181\bin\api-ms-win-core-memory-l1-1-0.dll
0x0000000019cd0000 - 0x0000000019cd3000 	C:\Program Files\Java\jre1.8.0_181\bin\api-ms-win-core-namedpipe-l1-1-0.dll
0x0000000019ce0000 - 0x0000000019ce3000 	C:\Program Files\Java\jre1.8.0_181\bin\api-ms-win-core-processenvironment-l1-1-0.dll
0x0000000019cf0000 - 0x0000000019cf3000 	C:\Program Files\Java\jre1.8.0_181\bin\api-ms-win-core-processthreads-l1-1-0.dll
0x0000000019d00000 - 0x0000000019d03000 	C:\Program Files\Java\jre1.8.0_181\bin\api-ms-win-core-processthreads-l1-1-1.dll
0x0000000019d10000 - 0x0000000019d13000 	C:\Program Files\Java\jre1.8.0_181\bin\api-ms-win-core-profile-l1-1-0.dll
0x0000000019d20000 - 0x0000000019d23000 	C:\Program Files\Java\jre1.8.0_181\bin\api-ms-win-core-rtlsupport-l1-1-0.dll
0x0000000019d30000 - 0x0000000019d33000 	C:\Program Files\Java\jre1.8.0_181\bin\api-ms-win-core-string-l1-1-0.dll
0x0000000019d40000 - 0x0000000019d43000 	C:\Program Files\Java\jre1.8.0_181\bin\api-ms-win-core-synch-l1-1-0.dll
0x0000000019d50000 - 0x0000000019d53000 	C:\Program Files\Java\jre1.8.0_181\bin\api-ms-win-core-synch-l1-2-0.dll
0x0000000019d60000 - 0x0000000019d63000 	C:\Program Files\Java\jre1.8.0_181\bin\api-ms-win-core-sysinfo-l1-1-0.dll
0x0000000019d70000 - 0x0000000019d73000 	C:\Program Files\Java\jre1.8.0_181\bin\api-ms-win-core-timezone-l1-1-0.dll
0x0000000019d80000 - 0x0000000019d83000 	C:\Program Files\Java\jre1.8.0_181\bin\api-ms-win-core-util-l1-1-0.dll
0x0000000019d90000 - 0x0000000019d93000 	C:\Program Files\Java\jre1.8.0_181\bin\api-ms-win-crt-conio-l1-1-0.dll
0x0000000019da0000 - 0x0000000019da4000 	C:\Program Files\Java\jre1.8.0_181\bin\api-ms-win-crt-convert-l1-1-0.dll
0x0000000019db0000 - 0x0000000019db3000 	C:\Program Files\Java\jre1.8.0_181\bin\api-ms-win-crt-environment-l1-1-0.dll
0x0000000019dc0000 - 0x0000000019dc3000 	C:\Program Files\Java\jre1.8.0_181\bin\api-ms-win-crt-filesystem-l1-1-0.dll
0x0000000019dd0000 - 0x0000000019dd3000 	C:\Program Files\Java\jre1.8.0_181\bin\api-ms-win-crt-heap-l1-1-0.dll
0x0000000019de0000 - 0x0000000019de3000 	C:\Program Files\Java\jre1.8.0_181\bin\api-ms-win-crt-locale-l1-1-0.dll
0x0000000019df0000 - 0x0000000019df5000 	C:\Program Files\Java\jre1.8.0_181\bin\api-ms-win-crt-math-l1-1-0.dll
0x0000000019e00000 - 0x0000000019e05000 	C:\Program Files\Java\jre1.8.0_181\bin\api-ms-win-crt-multibyte-l1-1-0.dll
0x0000000019e10000 - 0x0000000019e20000 	C:\Program Files\Java\jre1.8.0_181\bin\api-ms-win-crt-private-l1-1-0.dll
0x0000000019e20000 - 0x0000000019e23000 	C:\Program Files\Java\jre1.8.0_181\bin\api-ms-win-crt-process-l1-1-0.dll
0x0000000019e30000 - 0x0000000019e34000 	C:\Program Files\Java\jre1.8.0_181\bin\api-ms-win-crt-runtime-l1-1-0.dll
0x0000000019e40000 - 0x0000000019e44000 	C:\Program Files\Java\jre1.8.0_181\bin\api-ms-win-crt-stdio-l1-1-0.dll
0x0000000019e50000 - 0x0000000019e54000 	C:\Program Files\Java\jre1.8.0_181\bin\api-ms-win-crt-string-l1-1-0.dll
0x0000000019e60000 - 0x0000000019e63000 	C:\Program Files\Java\jre1.8.0_181\bin\api-ms-win-crt-time-l1-1-0.dll
0x0000000019e70000 - 0x0000000019e73000 	C:\Program Files\Java\jre1.8.0_181\bin\api-ms-win-crt-utility-l1-1-0.dll
0x00007ffd3bdd0000 - 0x00007ffd3bec6000 	C:\Program Files\Java\jre1.8.0_181\bin\ucrtbase.dll
0x00007ffd5d980000 - 0x00007ffd5d996000 	C:\Program Files\Java\jre1.8.0_181\bin\vcruntime140.dll
0x00007ffd3a260000 - 0x00007ffd3a2fc000 	C:\Program Files\Java\jre1.8.0_181\bin\msvcp140.dll
0x00007ffd3bd70000 - 0x00007ffd3bdc1000 	C:\Program Files\Java\jre1.8.0_181\bin\concrt140.dll
0x0000000075130000 - 0x0000000075153000 	C:\Program Files\Java\jre1.8.0_181\bin\prism_d3d.dll
0x00007ffd34e20000 - 0x00007ffd34fa9000 	C:\Windows\system32\d3d9.dll
0x00007ffd7c950000 - 0x00007ffd7c97a000 	C:\Windows\SYSTEM32\dwmapi.dll
0x00007ffd7cc00000 - 0x00007ffd7cc95000 	C:\Windows\system32\uxtheme.dll
0x00007ffd3de00000 - 0x00007ffd3dfd7000 	C:\Windows\System32\DriverStore\FileRepository\ki127171.inf_amd64_368f8c7337214025\igdumdim64.dll
0x00007ffd2caf0000 - 0x00007ffd2faed000 	C:\Windows\System32\DriverStore\FileRepository\ki127171.inf_amd64_368f8c7337214025\igd9dxva64.dll
0x00007ffd7f870000 - 0x00007ffd7f9b5000 	C:\Windows\System32\ole32.dll
0x00007ffd81ee0000 - 0x00007ffd81fa0000 	C:\Windows\System32\OLEAUT32.dll
0x00000000750e0000 - 0x0000000075129000 	C:\Program Files\Java\jre1.8.0_181\bin\glass.dll
0x000000001a190000 - 0x000000001a298000 	C:\Windows\System32\COMDLG32.dll
0x00007ffd814d0000 - 0x00007ffd81636000 	C:\Windows\System32\MSCTF.dll
0x00007ffd748a0000 - 0x00007ffd76635000 	C:\Windows\System32\DriverStore\FileRepository\ki127171.inf_amd64_368f8c7337214025\igc64.dll
0x00000000750c0000 - 0x00000000750d4000 	C:\Program Files\Java\jre1.8.0_181\bin\javafx_font.dll
0x0000000075090000 - 0x00000000750b3000 	C:\Program Files\Java\jre1.8.0_181\bin\javafx_iio.dll
0x0000000071f70000 - 0x000000007508d000 	C:\Program Files\Java\jre1.8.0_181\bin\jfxwebkit.dll
0x00007ffd7e150000 - 0x00007ffd7e167000 	C:\Windows\SYSTEM32\CRYPTSP.dll
0x00007ffd7d890000 - 0x00007ffd7d8c4000 	C:\Windows\system32\rsaenh.dll
0x00007ffd7e2c0000 - 0x00007ffd7e2e5000 	C:\Windows\SYSTEM32\bcrypt.dll
0x00007ffd7e170000 - 0x00007ffd7e17b000 	C:\Windows\SYSTEM32\CRYPTBASE.dll
0x00007ffd6f770000 - 0x00007ffd6fa2f000 	C:\Windows\SYSTEM32\dwrite.dll
0x0000000075f10000 - 0x0000000075f2a000 	C:\Program Files\Java\jre1.8.0_181\bin\net.dll
0x00007ffd7dfb0000 - 0x00007ffd7e00c000 	C:\Windows\system32\mswsock.dll
0x0000000075ef0000 - 0x0000000075f01000 	C:\Program Files\Java\jre1.8.0_181\bin\nio.dll
0x0000000075ec0000 - 0x0000000075ee4000 	C:\Program Files\Java\jre1.8.0_181\bin\sunec.dll
0x00007ffd7dd50000 - 0x00007ffd7dd87000 	C:\Windows\SYSTEM32\IPHLPAPI.DLL
0x00007ffd82280000 - 0x00007ffd82288000 	C:\Windows\System32\NSI.dll
0x00007ffd79f70000 - 0x00007ffd79f86000 	C:\Windows\SYSTEM32\dhcpcsvc6.DLL
0x00007ffd79da0000 - 0x00007ffd79dba000 	C:\Windows\SYSTEM32\dhcpcsvc.DLL
0x00007ffd816f0000 - 0x00007ffd8178e000 	C:\Windows\System32\clbcatq.dll
0x00007ffd79dc0000 - 0x00007ffd79f6c000 	C:\Windows\SYSTEM32\WindowsCodecs.dll
0x00007ffd62280000 - 0x00007ffd622c7000 	C:\Windows\system32\dataexchange.dll
0x00007ffd7b620000 - 0x00007ffd7b8ff000 	C:\Windows\system32\d3d11.dll
0x00007ffd7d3d0000 - 0x00007ffd7d474000 	C:\Windows\system32\dxgi.dll
0x00007ffd7c3e0000 - 0x00007ffd7c503000 	C:\Windows\system32\dcomp.dll
0x00007ffd7ce50000 - 0x00007ffd7cfc0000 	C:\Windows\system32\twinapi.appcore.dll
0x00007ffd781c0000 - 0x00007ffd781f1000 	C:\Program Files\Common Files\Microsoft Shared\Ink\rtscom.dll
0x00007ffd7e630000 - 0x00007ffd7e659000 	C:\Windows\SYSTEM32\USERENV.dll
0x00007ffd77ef0000 - 0x00007ffd77f71000 	C:\Windows\System32\TextInputFramework.dll
0x00007ffd799c0000 - 0x00007ffd79c93000 	C:\Windows\System32\CoreUIComponents.dll
0x00007ffd7c2f0000 - 0x00007ffd7c3d4000 	C:\Windows\System32\CoreMessaging.dll
0x00007ffd7b040000 - 0x00007ffd7b179000 	C:\Windows\SYSTEM32\wintypes.dll
0x00007ffd7d530000 - 0x00007ffd7d561000 	C:\Windows\SYSTEM32\ntmarta.dll

VM Arguments:
jvm_args: -Dfile.encoding=UTF-8 
java_command: fiscalizacao.Main
java_class_path (initial): C:\Program Files\Java\jre1.8.0_181\lib\resources.jar;C:\Program Files\Java\jre1.8.0_181\lib\rt.jar;C:\Program Files\Java\jre1.8.0_181\lib\jsse.jar;C:\Program Files\Java\jre1.8.0_181\lib\jce.jar;C:\Program Files\Java\jre1.8.0_181\lib\charsets.jar;C:\Program Files\Java\jre1.8.0_181\lib\jfr.jar;C:\Program Files\Java\jre1.8.0_181\lib\ext\access-bridge-64.jar;C:\Program Files\Java\jre1.8.0_181\lib\ext\cldrdata.jar;C:\Program Files\Java\jre1.8.0_181\lib\ext\dnsns.jar;C:\Program Files\Java\jre1.8.0_181\lib\ext\jaccess.jar;C:\Program Files\Java\jre1.8.0_181\lib\ext\jfxrt.jar;C:\Program Files\Java\jre1.8.0_181\lib\ext\localedata.jar;C:\Program Files\Java\jre1.8.0_181\lib\ext\nashorn.jar;C:\Program Files\Java\jre1.8.0_181\lib\ext\sunec.jar;C:\Program Files\Java\jre1.8.0_181\lib\ext\sunjce_provider.jar;C:\Program Files\Java\jre1.8.0_181\lib\ext\sunmscapi.jar;C:\Program Files\Java\jre1.8.0_181\lib\ext\sunpkcs11.jar;C:\Program Files\Java\jre1.8.0_181\lib\ext\zipfs.jar;C:\Users\fabricio.barrozo\git\fiscal\target\classes;C:\Users\fabricio.barrozo\.p2\pool\plugins\org.junit_4.12.0.v201504281640\junit.jar;C:\Users\fabricio.barrozo\.p2\pool\plugins\org.hamcrest.core_1.3.0.v201303031735.jar;C:\Users\fabricio.barrozo\.m2\repository\org\hibernate\hibernate-entitymanager\5.1.0.Final\hibernate-entitymanager-5.1.0.Final.jar;C:\Users\fabricio.barrozo\.m2\repository\org\hibernate\hibernate-core\5.1.0.Final\hibernate-core-5.1.0.Final.jar;C:\Users\fabricio.barrozo\.m2\repository\org\jboss\jandex\2.0.0.Final\jandex-2.0.0.Final.jar;C:\Users\fabricio.barrozo\.m2\repository\com\fasterxml\classmate\1.3.0\classmate-1.3.0.jar;C:\Users\fabricio.barrozo\.m2\repository\org\jboss\logging\jboss-logging\3.3.0.Final\jboss-logging-3.3.0.Final.jar;C:\Users\fabricio.barrozo\.m2\repository\org\javassist\javassist\3.20.0-GA\javassist-3.20.0-GA.jar;C:\Users\fabricio.barrozo\.m2\repository\commons-collections\commons-collections\2.1\commons-collections-2.1.jar;C:\Users\fabricio.barrozo
Launcher Type: SUN_STANDARD

Environment Variables:
PATH=C:/Program Files/Java/jre1.8.0_181/bin/server;C:/Program Files/Java/jre1.8.0_181/bin;C:/Program Files/Java/jre1.8.0_181/lib/amd64;C:\Program Files (x86)\Common Files\Oracle\Java\javapath;C:\ProgramData\Oracle\Java\javapath;C:\Program Files (x86)\Intel\iCLS Client\;C:\Program Files\Intel\iCLS Client\;C:\Windows\system32;C:\Windows;C:\Windows\System32\Wbem;C:\Windows\System32\WindowsPowerShell\v1.0\;C:\Program Files (x86)\Intel\Intel(R) Management Engine Components\DAL;C:\Program Files\Intel\Intel(R) Management Engine Components\DAL;C:\Program Files (x86)\Intel\Intel(R) Management Engine Components\IPT;C:\Program Files\Intel\Intel(R) Management Engine Components\IPT;C:\Program Files\Intel\WiFi\bin\;C:\Program Files\Common Files\Intel\WirelessCommon\;c:\Program Files\Microsoft SQL Server\110\Tools\Binn\;c:\Program Files (x86)\Microsoft SQL Server\110\Tools\Binn\ManagementStudio\;c:\Program Files (x86)\Microsoft SQL Server\110\Tools\Binn\;c:\Program Files (x86)\Microsoft SQL Server\110\DTS\Binn\;C:\Users\fabricio.barrozo\AppData\Local\Microsoft\WindowsApps;;C:\Windows\System32;
USERNAME=fabricio.barrozo
OS=Windows_NT
PROCESSOR_IDENTIFIER=Intel64 Family 6 Model 94 Stepping 3, GenuineIntel



---------------  S Y S T E M  ---------------

OS: Windows 10.0 , 64 bit Build 15063 (10.0.15063.1058)

CPU:total 4 (initial active 4) (4 cores per cpu, 1 threads per core) family 6 model 94 stepping 3, cmov, cx8, fxsr, mmx, sse, sse2, sse3, ssse3, sse4.1, sse4.2, popcnt, avx, avx2, aes, clmul, erms, rtm, 3dnowpref, lzcnt, tsc, tscinvbit, bmi1, bmi2, adx

Memory: 4k page, physical 8249056k(1066312k free), swap 10196704k(10744k free)

vm_info: Java HotSpot(TM) 64-Bit Server VM (25.181-b13) for windows-amd64 JRE (1.8.0_181-b13), built on Jul  7 2018 04:01:33 by "java_re" with MS VC++ 10.0 (VS2010)

time: Mon Oct 15 15:56:00 2018
elapsed time: 13 seconds (0d 0h 0m 13s)

